<?xml version="1.0" encoding="UTF-8"?>
<testsuite xmlns:xsi="http://www.w3.org/2001/XMLSchema-instance" xsi:noNamespaceSchemaLocation="https://maven.apache.org/surefire/maven-surefire-plugin/xsd/surefire-test-report-3.0.xsd" version="3.0" name="TestSuite" time="65.933" tests="7" errors="0" skipped="0" failures="1">
  <properties>
    <property name="sun.desktop" value="windows"/>
    <property name="awt.toolkit" value="sun.awt.windows.WToolkit"/>
    <property name="file.encoding.pkg" value="sun.io"/>
    <property name="java.specification.version" value="1.8"/>
    <property name="sun.cpu.isalist" value="amd64"/>
    <property name="sun.jnu.encoding" value="Cp1252"/>
    <property name="java.class.path" value="C:\Users\Admin\appiumProjectcicd\target\test-classes;C:\Users\Admin\appiumProjectcicd\target\classes;C:\Users\Admin\.m2\repository\io\appium\java-client\7.0.0\java-client-7.0.0.jar;C:\Users\Admin\.m2\repository\org\seleniumhq\selenium\selenium-support\3.141.59\selenium-support-3.141.59.jar;C:\Users\Admin\.m2\repository\org\seleniumhq\selenium\selenium-api\3.141.59\selenium-api-3.141.59.jar;C:\Users\Admin\.m2\repository\com\google\code\gson\gson\2.8.5\gson-2.8.5.jar;C:\Users\Admin\.m2\repository\org\apache\httpcomponents\httpclient\4.5.6\httpclient-4.5.6.jar;C:\Users\Admin\.m2\repository\org\apache\httpcomponents\httpcore\4.4.10\httpcore-4.4.10.jar;C:\Users\Admin\.m2\repository\commons-logging\commons-logging\1.2\commons-logging-1.2.jar;C:\Users\Admin\.m2\repository\commons-codec\commons-codec\1.10\commons-codec-1.10.jar;C:\Users\Admin\.m2\repository\cglib\cglib\3.2.8\cglib-3.2.8.jar;C:\Users\Admin\.m2\repository\org\ow2\asm\asm\6.2.1\asm-6.2.1.jar;C:\Users\Admin\.m2\repository\org\apache\ant\ant\1.10.3\ant-1.10.3.jar;C:\Users\Admin\.m2\repository\org\apache\ant\ant-launcher\1.10.3\ant-launcher-1.10.3.jar;C:\Users\Admin\.m2\repository\commons-validator\commons-validator\1.6\commons-validator-1.6.jar;C:\Users\Admin\.m2\repository\commons-beanutils\commons-beanutils\1.9.2\commons-beanutils-1.9.2.jar;C:\Users\Admin\.m2\repository\commons-digester\commons-digester\1.8.1\commons-digester-1.8.1.jar;C:\Users\Admin\.m2\repository\commons-collections\commons-collections\3.2.2\commons-collections-3.2.2.jar;C:\Users\Admin\.m2\repository\org\apache\commons\commons-lang3\3.8\commons-lang3-3.8.jar;C:\Users\Admin\.m2\repository\commons-io\commons-io\2.6\commons-io-2.6.jar;C:\Users\Admin\.m2\repository\org\springframework\spring-context\5.1.0.RELEASE\spring-context-5.1.0.RELEASE.jar;C:\Users\Admin\.m2\repository\org\springframework\spring-aop\5.1.0.RELEASE\spring-aop-5.1.0.RELEASE.jar;C:\Users\Admin\.m2\repository\org\springframework\spring-beans\5.1.0.RELEASE\spring-beans-5.1.0.RELEASE.jar;C:\Users\Admin\.m2\repository\org\springframework\spring-core\5.1.0.RELEASE\spring-core-5.1.0.RELEASE.jar;C:\Users\Admin\.m2\repository\org\springframework\spring-jcl\5.1.0.RELEASE\spring-jcl-5.1.0.RELEASE.jar;C:\Users\Admin\.m2\repository\org\springframework\spring-expression\5.1.0.RELEASE\spring-expression-5.1.0.RELEASE.jar;C:\Users\Admin\.m2\repository\org\aspectj\aspectjweaver\1.9.1\aspectjweaver-1.9.1.jar;C:\Users\Admin\.m2\repository\org\slf4j\slf4j-api\1.7.25\slf4j-api-1.7.25.jar;C:\Users\Admin\.m2\repository\org\seleniumhq\selenium\selenium-java\3.141.59\selenium-java-3.141.59.jar;C:\Users\Admin\.m2\repository\org\seleniumhq\selenium\selenium-chrome-driver\3.141.59\selenium-chrome-driver-3.141.59.jar;C:\Users\Admin\.m2\repository\org\seleniumhq\selenium\selenium-edge-driver\3.141.59\selenium-edge-driver-3.141.59.jar;C:\Users\Admin\.m2\repository\org\seleniumhq\selenium\selenium-firefox-driver\3.141.59\selenium-firefox-driver-3.141.59.jar;C:\Users\Admin\.m2\repository\org\seleniumhq\selenium\selenium-ie-driver\3.141.59\selenium-ie-driver-3.141.59.jar;C:\Users\Admin\.m2\repository\org\seleniumhq\selenium\selenium-opera-driver\3.141.59\selenium-opera-driver-3.141.59.jar;C:\Users\Admin\.m2\repository\org\seleniumhq\selenium\selenium-remote-driver\3.141.59\selenium-remote-driver-3.141.59.jar;C:\Users\Admin\.m2\repository\org\seleniumhq\selenium\selenium-safari-driver\3.141.59\selenium-safari-driver-3.141.59.jar;C:\Users\Admin\.m2\repository\net\bytebuddy\byte-buddy\1.8.15\byte-buddy-1.8.15.jar;C:\Users\Admin\.m2\repository\org\apache\commons\commons-exec\1.3\commons-exec-1.3.jar;C:\Users\Admin\.m2\repository\com\google\guava\guava\25.0-jre\guava-25.0-jre.jar;C:\Users\Admin\.m2\repository\com\google\code\findbugs\jsr305\1.3.9\jsr305-1.3.9.jar;C:\Users\Admin\.m2\repository\org\checkerframework\checker-compat-qual\2.0.0\checker-compat-qual-2.0.0.jar;C:\Users\Admin\.m2\repository\com\google\errorprone\error_prone_annotations\2.1.3\error_prone_annotations-2.1.3.jar;C:\Users\Admin\.m2\repository\com\google\j2objc\j2objc-annotations\1.1\j2objc-annotations-1.1.jar;C:\Users\Admin\.m2\repository\org\codehaus\mojo\animal-sniffer-annotations\1.14\animal-sniffer-annotations-1.14.jar;C:\Users\Admin\.m2\repository\com\squareup\okhttp3\okhttp\3.11.0\okhttp-3.11.0.jar;C:\Users\Admin\.m2\repository\com\squareup\okio\okio\1.14.0\okio-1.14.0.jar;C:\Users\Admin\.m2\repository\org\testng\testng\6.14.3\testng-6.14.3.jar;C:\Users\Admin\.m2\repository\com\beust\jcommander\1.72\jcommander-1.72.jar;C:\Users\Admin\.m2\repository\org\apache-extras\beanshell\bsh\2.0b6\bsh-2.0b6.jar;C:\Users\Admin\.m2\repository\junit\junit\4.12\junit-4.12.jar;C:\Users\Admin\.m2\repository\org\hamcrest\hamcrest-core\1.3\hamcrest-core-1.3.jar;C:\Users\Admin\.m2\repository\org\apache\logging\log4j\log4j-core\2.17.0\log4j-core-2.17.0.jar;C:\Users\Admin\.m2\repository\org\apache\logging\log4j\log4j-api\2.17.0\log4j-api-2.17.0.jar;C:\Users\Admin\.m2\repository\com\aventstack\extentreports\4.0.0\extentreports-4.0.0.jar;C:\Users\Admin\.m2\repository\org\freemarker\freemarker\2.3.23\freemarker-2.3.23.jar;C:\Users\Admin\.m2\repository\org\mongodb\mongodb-driver\3.3.0\mongodb-driver-3.3.0.jar;C:\Users\Admin\.m2\repository\org\mongodb\mongodb-driver-core\3.3.0\mongodb-driver-core-3.3.0.jar;C:\Users\Admin\.m2\repository\org\mongodb\bson\3.3.0\bson-3.3.0.jar;C:\Users\Admin\.m2\repository\org\apache\httpcomponents\httpmime\4.5.2\httpmime-4.5.2.jar;"/>
    <property name="java.vm.vendor" value="Oracle Corporation"/>
    <property name="sun.arch.data.model" value="64"/>
    <property name="user.variant" value=""/>
    <property name="java.vendor.url" value="http://java.oracle.com/"/>
    <property name="user.timezone" value="Asia/Calcutta"/>
    <property name="java.vm.specification.version" value="1.8"/>
    <property name="os.name" value="Windows 10"/>
    <property name="user.country" value="US"/>
    <property name="sun.java.launcher" value="SUN_STANDARD"/>
    <property name="sun.boot.library.path" value="C:\Program Files\Java\jdk1.8.0_301\jre\bin"/>
    <property name="sun.java.command" value="C:\Users\Admin\AppData\Local\Temp\surefire6819973194800227151\surefirebooter3132174296245005193.jar C:\Users\Admin\AppData\Local\Temp\surefire6819973194800227151 2022-01-18T18-40-51_087-jvmRun1 surefire5614558348086044724tmp surefire_08980295559539533395tmp"/>
    <property name="surefire.test.class.path" value="C:\Users\Admin\appiumProjectcicd\target\test-classes;C:\Users\Admin\appiumProjectcicd\target\classes;C:\Users\Admin\.m2\repository\io\appium\java-client\7.0.0\java-client-7.0.0.jar;C:\Users\Admin\.m2\repository\org\seleniumhq\selenium\selenium-support\3.141.59\selenium-support-3.141.59.jar;C:\Users\Admin\.m2\repository\org\seleniumhq\selenium\selenium-api\3.141.59\selenium-api-3.141.59.jar;C:\Users\Admin\.m2\repository\com\google\code\gson\gson\2.8.5\gson-2.8.5.jar;C:\Users\Admin\.m2\repository\org\apache\httpcomponents\httpclient\4.5.6\httpclient-4.5.6.jar;C:\Users\Admin\.m2\repository\org\apache\httpcomponents\httpcore\4.4.10\httpcore-4.4.10.jar;C:\Users\Admin\.m2\repository\commons-logging\commons-logging\1.2\commons-logging-1.2.jar;C:\Users\Admin\.m2\repository\commons-codec\commons-codec\1.10\commons-codec-1.10.jar;C:\Users\Admin\.m2\repository\cglib\cglib\3.2.8\cglib-3.2.8.jar;C:\Users\Admin\.m2\repository\org\ow2\asm\asm\6.2.1\asm-6.2.1.jar;C:\Users\Admin\.m2\repository\org\apache\ant\ant\1.10.3\ant-1.10.3.jar;C:\Users\Admin\.m2\repository\org\apache\ant\ant-launcher\1.10.3\ant-launcher-1.10.3.jar;C:\Users\Admin\.m2\repository\commons-validator\commons-validator\1.6\commons-validator-1.6.jar;C:\Users\Admin\.m2\repository\commons-beanutils\commons-beanutils\1.9.2\commons-beanutils-1.9.2.jar;C:\Users\Admin\.m2\repository\commons-digester\commons-digester\1.8.1\commons-digester-1.8.1.jar;C:\Users\Admin\.m2\repository\commons-collections\commons-collections\3.2.2\commons-collections-3.2.2.jar;C:\Users\Admin\.m2\repository\org\apache\commons\commons-lang3\3.8\commons-lang3-3.8.jar;C:\Users\Admin\.m2\repository\commons-io\commons-io\2.6\commons-io-2.6.jar;C:\Users\Admin\.m2\repository\org\springframework\spring-context\5.1.0.RELEASE\spring-context-5.1.0.RELEASE.jar;C:\Users\Admin\.m2\repository\org\springframework\spring-aop\5.1.0.RELEASE\spring-aop-5.1.0.RELEASE.jar;C:\Users\Admin\.m2\repository\org\springframework\spring-beans\5.1.0.RELEASE\spring-beans-5.1.0.RELEASE.jar;C:\Users\Admin\.m2\repository\org\springframework\spring-core\5.1.0.RELEASE\spring-core-5.1.0.RELEASE.jar;C:\Users\Admin\.m2\repository\org\springframework\spring-jcl\5.1.0.RELEASE\spring-jcl-5.1.0.RELEASE.jar;C:\Users\Admin\.m2\repository\org\springframework\spring-expression\5.1.0.RELEASE\spring-expression-5.1.0.RELEASE.jar;C:\Users\Admin\.m2\repository\org\aspectj\aspectjweaver\1.9.1\aspectjweaver-1.9.1.jar;C:\Users\Admin\.m2\repository\org\slf4j\slf4j-api\1.7.25\slf4j-api-1.7.25.jar;C:\Users\Admin\.m2\repository\org\seleniumhq\selenium\selenium-java\3.141.59\selenium-java-3.141.59.jar;C:\Users\Admin\.m2\repository\org\seleniumhq\selenium\selenium-chrome-driver\3.141.59\selenium-chrome-driver-3.141.59.jar;C:\Users\Admin\.m2\repository\org\seleniumhq\selenium\selenium-edge-driver\3.141.59\selenium-edge-driver-3.141.59.jar;C:\Users\Admin\.m2\repository\org\seleniumhq\selenium\selenium-firefox-driver\3.141.59\selenium-firefox-driver-3.141.59.jar;C:\Users\Admin\.m2\repository\org\seleniumhq\selenium\selenium-ie-driver\3.141.59\selenium-ie-driver-3.141.59.jar;C:\Users\Admin\.m2\repository\org\seleniumhq\selenium\selenium-opera-driver\3.141.59\selenium-opera-driver-3.141.59.jar;C:\Users\Admin\.m2\repository\org\seleniumhq\selenium\selenium-remote-driver\3.141.59\selenium-remote-driver-3.141.59.jar;C:\Users\Admin\.m2\repository\org\seleniumhq\selenium\selenium-safari-driver\3.141.59\selenium-safari-driver-3.141.59.jar;C:\Users\Admin\.m2\repository\net\bytebuddy\byte-buddy\1.8.15\byte-buddy-1.8.15.jar;C:\Users\Admin\.m2\repository\org\apache\commons\commons-exec\1.3\commons-exec-1.3.jar;C:\Users\Admin\.m2\repository\com\google\guava\guava\25.0-jre\guava-25.0-jre.jar;C:\Users\Admin\.m2\repository\com\google\code\findbugs\jsr305\1.3.9\jsr305-1.3.9.jar;C:\Users\Admin\.m2\repository\org\checkerframework\checker-compat-qual\2.0.0\checker-compat-qual-2.0.0.jar;C:\Users\Admin\.m2\repository\com\google\errorprone\error_prone_annotations\2.1.3\error_prone_annotations-2.1.3.jar;C:\Users\Admin\.m2\repository\com\google\j2objc\j2objc-annotations\1.1\j2objc-annotations-1.1.jar;C:\Users\Admin\.m2\repository\org\codehaus\mojo\animal-sniffer-annotations\1.14\animal-sniffer-annotations-1.14.jar;C:\Users\Admin\.m2\repository\com\squareup\okhttp3\okhttp\3.11.0\okhttp-3.11.0.jar;C:\Users\Admin\.m2\repository\com\squareup\okio\okio\1.14.0\okio-1.14.0.jar;C:\Users\Admin\.m2\repository\org\testng\testng\6.14.3\testng-6.14.3.jar;C:\Users\Admin\.m2\repository\com\beust\jcommander\1.72\jcommander-1.72.jar;C:\Users\Admin\.m2\repository\org\apache-extras\beanshell\bsh\2.0b6\bsh-2.0b6.jar;C:\Users\Admin\.m2\repository\junit\junit\4.12\junit-4.12.jar;C:\Users\Admin\.m2\repository\org\hamcrest\hamcrest-core\1.3\hamcrest-core-1.3.jar;C:\Users\Admin\.m2\repository\org\apache\logging\log4j\log4j-core\2.17.0\log4j-core-2.17.0.jar;C:\Users\Admin\.m2\repository\org\apache\logging\log4j\log4j-api\2.17.0\log4j-api-2.17.0.jar;C:\Users\Admin\.m2\repository\com\aventstack\extentreports\4.0.0\extentreports-4.0.0.jar;C:\Users\Admin\.m2\repository\org\freemarker\freemarker\2.3.23\freemarker-2.3.23.jar;C:\Users\Admin\.m2\repository\org\mongodb\mongodb-driver\3.3.0\mongodb-driver-3.3.0.jar;C:\Users\Admin\.m2\repository\org\mongodb\mongodb-driver-core\3.3.0\mongodb-driver-core-3.3.0.jar;C:\Users\Admin\.m2\repository\org\mongodb\bson\3.3.0\bson-3.3.0.jar;C:\Users\Admin\.m2\repository\org\apache\httpcomponents\httpmime\4.5.2\httpmime-4.5.2.jar;"/>
    <property name="sun.cpu.endian" value="little"/>
    <property name="user.home" value="C:\Users\Admin"/>
    <property name="user.language" value="en"/>
    <property name="java.specification.vendor" value="Oracle Corporation"/>
    <property name="java.home" value="C:\Program Files\Java\jdk1.8.0_301\jre"/>
    <property name="basedir" value="C:\Users\Admin\appiumProjectcicd"/>
    <property name="file.separator" value="\"/>
    <property name="line.separator" value="&#10;"/>
    <property name="java.vm.specification.vendor" value="Oracle Corporation"/>
    <property name="java.specification.name" value="Java Platform API Specification"/>
    <property name="java.awt.graphicsenv" value="sun.awt.Win32GraphicsEnvironment"/>
    <property name="surefire.real.class.path" value="C:\Users\Admin\AppData\Local\Temp\surefire6819973194800227151\surefirebooter3132174296245005193.jar"/>
    <property name="sun.boot.class.path" value="C:\Program Files\Java\jdk1.8.0_301\jre\lib\resources.jar;C:\Program Files\Java\jdk1.8.0_301\jre\lib\rt.jar;C:\Program Files\Java\jdk1.8.0_301\jre\lib\sunrsasign.jar;C:\Program Files\Java\jdk1.8.0_301\jre\lib\jsse.jar;C:\Program Files\Java\jdk1.8.0_301\jre\lib\jce.jar;C:\Program Files\Java\jdk1.8.0_301\jre\lib\charsets.jar;C:\Program Files\Java\jdk1.8.0_301\jre\lib\jfr.jar;C:\Program Files\Java\jdk1.8.0_301\jre\classes"/>
    <property name="user.script" value=""/>
    <property name="sun.management.compiler" value="HotSpot 64-Bit Tiered Compilers"/>
    <property name="java.runtime.version" value="1.8.0_301-b09"/>
    <property name="user.name" value="Admin"/>
    <property name="path.separator" value=";"/>
    <property name="os.version" value="10.0"/>
    <property name="java.endorsed.dirs" value="C:\Program Files\Java\jdk1.8.0_301\jre\lib\endorsed"/>
    <property name="java.runtime.name" value="Java(TM) SE Runtime Environment"/>
    <property name="file.encoding" value="Cp1252"/>
    <property name="java.vm.name" value="Java HotSpot(TM) 64-Bit Server VM"/>
    <property name="localRepository" value="C:\Users\Admin\.m2\repository"/>
    <property name="java.vendor.url.bug" value="http://bugreport.sun.com/bugreport/"/>
    <property name="java.io.tmpdir" value="C:\Users\Admin\AppData\Local\Temp\"/>
    <property name="java.version" value="1.8.0_301"/>
    <property name="user.dir" value="C:\Users\Admin\appiumProjectcicd"/>
    <property name="os.arch" value="amd64"/>
    <property name="java.vm.specification.name" value="Java Virtual Machine Specification"/>
    <property name="java.awt.printerjob" value="sun.awt.windows.WPrinterJob"/>
    <property name="sun.os.patch.level" value=""/>
    <property name="java.library.path" value="C:\Program Files\Java\jdk1.8.0_301\jre\bin;C:\WINDOWS\Sun\Java\bin;C:\WINDOWS\system32;C:\WINDOWS;C:\Saranya\apache-maven-3.8.3-bin\apache-maven-3.8.3/bin;C:\Program Files\Java\jdk1.8.0_301/bin;C:\Program Files\Java\jdk1.8.0_301/bin;C:\Python39\Scripts\;C:\Python39\;C:\Program Files (x86)\Common Files\Oracle\Java\javapath;C:\WINDOWS\system32;C:\WINDOWS;C:\WINDOWS\System32\Wbem;C:\WINDOWS\System32\WindowsPowerShell\v1.0\;C:\WINDOWS\System32\OpenSSH\;C:\Program Files\Java\jdk1.8.0_301\bin;C:\Program Files\Java\jdk1.8.0_301\lib;C:\Users\Admin\AppData\Local\Android\Sdk\platform-tools;C:\Users\Admin\AppData\Local\Android\Sdk\tools;C:\Users\Admin\AppData\Local\Android\Sdk\build-tools;C:\Users\Admin\AppData\Local\Android\Sdk\tools\bin;C:\Program Files\nodejs\;C:\Program Files\nodejs\node_modules\npm\bin;C:\Users\Admin\AppData\Roaming\npm;C:\Saranya\apache-maven-3.8.3-bin\apache-maven-3.8.3\bin;C:\Program Files\Git\cmd;C:\Users\Admin\gradle-7.3.3-bin\gradle-7.3.3\bin;C:\Users\Admin\AppData\Local\Microsoft\WindowsApps;C:\Program Files\nodejs\node_modules\npm\bin;C:\Users\Admin\AppData\Roaming\npm;;."/>
    <property name="java.vm.info" value="mixed mode"/>
    <property name="java.vendor" value="Oracle Corporation"/>
    <property name="java.vm.version" value="25.301-b09"/>
    <property name="java.ext.dirs" value="C:\Program Files\Java\jdk1.8.0_301\jre\lib\ext;C:\WINDOWS\Sun\Java\lib\ext"/>
    <property name="sun.io.unicode.encoding" value="UnicodeLittle"/>
    <property name="java.class.version" value="52.0"/>
  </properties>
  <testcase name="verifyAmazonLogoTest" classname="com.qa.webtests.AmazonWebTest" time="0.239">
    <system-out><![CDATA[...
... TestNG 6.14.3 by Cédric Beust (cedric@beust.com)
...

&amp#27;[35m[Appium]&amp#27;[39m Welcome to Appium v1.22.0
&amp#27;[35m[Appium]&amp#27;[39m Appium REST http interface listener started on 0.0.0.0:4723
&amp#27;[35m[HTTP]&amp#27;[39m &amp#27;[37m-->&amp#27;[39m &amp#27;[37mGET&amp#27;[39m &amp#27;[37m/wd/hub/status&amp#27;[39m
&amp#27;[35m[HTTP]&amp#27;[39m &amp#27;[90m{}&amp#27;[39m
[debug] &amp#27;[35m[GENERIC]&amp#27;[39m Calling AppiumDriver.getStatus() with args: []
[debug] &amp#27;[35m[GENERIC]&amp#27;[39m Responding to client with driver.getStatus() result: {"build":{"version":"1.22.0"}}
&amp#27;[35m[HTTP]&amp#27;[39m &amp#27;[37m<-- GET /wd/hub/status &amp#27;[39m&amp#27;[32m200&amp#27;[39m &amp#27;[90m21 ms - 68&amp#27;[39m
&amp#27;[35m[HTTP]&amp#27;[39m &amp#27;[90m&amp#27;[39m
[INFO ] 2022-01-18 18:41:00.693 com.qa.WebBaseTest:77 - Appium server started
&amp#27;[35m[HTTP]&amp#27;[39m &amp#27;[37m-->&amp#27;[39m &amp#27;[37mPOST&amp#27;[39m &amp#27;[37m/wd/hub/session&amp#27;[39m
&amp#27;[35m[HTTP]&amp#27;[39m &amp#27;[90m{"desiredCapabilities":{"recreateChromeDriverSessions":true,"newCommandTimeout":60,"automationName":"UiAutomator2","browserName":"Chrome","appium:chromeOptions":{"w3c":false},"platformName":"Android","deviceName":"Samsung S9"},"capabilities":{"firstMatch":[{"appium:chromeOptions":{"w3c":false},"appium:automationName":"UiAutomator2","browserName":"Chrome","appium:deviceName":"Samsung S9","appium:newCommandTimeout":60,"platformName":"android","appium:recreateChromeDriverSessions":true}]}}&amp#27;[39m
[debug] &amp#27;[35m[W3C]&amp#27;[39m Calling AppiumDriver.createSession() with args: [{"recreateChromeDriverSessions":true,"newCommandTimeout":60,"automationName":"UiAutomator2","browserName":"Chrome","appium:chromeOptions":{"w3c":false},"platformName":"Android","deviceName":"Samsung S9"},null,{"firstMatch":[{"appium:chromeOptions":{"w3c":false},"appium:automationName":"UiAutomator2","browserName":"Chrome","appium:deviceName":"Samsung S9","appium:newCommandTimeout":60,"platformName":"android","appium:recreateChromeDriverSessions":true}]}]
[debug] &amp#27;[35m[BaseDriver]&amp#27;[39m Event 'newSessionRequested' logged at 1642511462382 (18:41:02 GMT+0530 (India Standard Time))
&amp#27;[35m[Appium]&amp#27;[39m Appium v1.22.0 creating new AndroidUiautomator2Driver (v1.69.0) session
[debug] &amp#27;[35m[BaseDriver]&amp#27;[39m W3C capabilities and MJSONWP desired capabilities were provided
[debug] &amp#27;[35m[BaseDriver]&amp#27;[39m Creating session with W3C capabilities: {
[debug] &amp#27;[35m[BaseDriver]&amp#27;[39m   "alwaysMatch": {
[debug] &amp#27;[35m[BaseDriver]&amp#27;[39m     "browserName": "Chrome",
[debug] &amp#27;[35m[BaseDriver]&amp#27;[39m     "platformName": "android",
[debug] &amp#27;[35m[BaseDriver]&amp#27;[39m     "appium:chromeOptions": {
[debug] &amp#27;[35m[BaseDriver]&amp#27;[39m       "w3c": false
[debug] &amp#27;[35m[BaseDriver]&amp#27;[39m     },
[debug] &amp#27;[35m[BaseDriver]&amp#27;[39m     "appium:automationName": "UiAutomator2",
[debug] &amp#27;[35m[BaseDriver]&amp#27;[39m     "appium:deviceName": "Samsung S9",
[debug] &amp#27;[35m[BaseDriver]&amp#27;[39m     "appium:newCommandTimeout": 60,
[debug] &amp#27;[35m[BaseDriver]&amp#27;[39m     "appium:recreateChromeDriverSessions": true
[debug] &amp#27;[35m[BaseDriver]&amp#27;[39m   },
[debug] &amp#27;[35m[BaseDriver]&amp#27;[39m   "firstMatch": [
[debug] &amp#27;[35m[BaseDriver]&amp#27;[39m     {}
[debug] &amp#27;[35m[BaseDriver]&amp#27;[39m   ]
[debug] &amp#27;[35m[BaseDriver]&amp#27;[39m }
&amp#27;[35m[BaseDriver]&amp#27;[39m Session created with session id: 208fa853-779b-469c-af9a-8f3f0b50e10e
&amp#27;[35m[UiAutomator2]&amp#27;[39m We're going to run a Chrome-based session
&amp#27;[35m[UiAutomator2]&amp#27;[39m Chrome-type package and activity are com.android.chrome and com.google.android.apps.chrome.Main
&amp#27;[35m[UiAutomator2]&amp#27;[39m Starting 'com.android.chrome' directly on the device
&amp#27;[35m[ADB]&amp#27;[39m Found 1 'build-tools' folders under 'C:\Users\Admin\AppData\Local\Android\Sdk' (newest first):
&amp#27;[35m[ADB]&amp#27;[39m     C:/Users/Admin/AppData/Local/Android/Sdk/build-tools/31.0.0
&amp#27;[35m[ADB]&amp#27;[39m Using 'adb.exe' from 'C:\Users\Admin\AppData\Local\Android\Sdk\platform-tools\adb.exe'
[debug] &amp#27;[35m[ADB]&amp#27;[39m Running 'C:\Users\Admin\AppData\Local\Android\Sdk\platform-tools\adb.exe -P 5037 start-server'
&amp#27;[35m[AndroidDriver]&amp#27;[39m Retrieving device list
[debug] &amp#27;[35m[ADB]&amp#27;[39m Trying to find a connected android device
[debug] &amp#27;[35m[ADB]&amp#27;[39m Getting connected devices
[debug] &amp#27;[35m[ADB]&amp#27;[39m Connected devices: [{"udid":"213996502a057ece","state":"device"}]
&amp#27;[35m[AndroidDriver]&amp#27;[39m Using device: 213996502a057ece
&amp#27;[35m[ADB]&amp#27;[39m Using 'adb.exe' from 'C:\Users\Admin\AppData\Local\Android\Sdk\platform-tools\adb.exe'
[debug] &amp#27;[35m[ADB]&amp#27;[39m Running 'C:\Users\Admin\AppData\Local\Android\Sdk\platform-tools\adb.exe -P 5037 start-server'
[debug] &amp#27;[35m[ADB]&amp#27;[39m Setting device id to 213996502a057ece
[debug] &amp#27;[35m[ADB]&amp#27;[39m Running 'C:\Users\Admin\AppData\Local\Android\Sdk\platform-tools\adb.exe -P 5037 -s 213996502a057ece shell getprop ro.build.version.sdk'
[debug] &amp#27;[35m[ADB]&amp#27;[39m Current device property 'ro.build.version.sdk': 29
&amp#27;[35m[ADB]&amp#27;[39m Getting device platform version
[debug] &amp#27;[35m[ADB]&amp#27;[39m Running 'C:\Users\Admin\AppData\Local\Android\Sdk\platform-tools\adb.exe -P 5037 -s 213996502a057ece shell getprop ro.build.version.release'
[debug] &amp#27;[35m[ADB]&amp#27;[39m Current device property 'ro.build.version.release': 10
[debug] &amp#27;[35m[ADB]&amp#27;[39m Device API level: 29
&amp#27;[35m[UiAutomator2]&amp#27;[39m Relaxing hidden api policy
[debug] &amp#27;[35m[ADB]&amp#27;[39m Running 'C:\Users\Admin\AppData\Local\Android\Sdk\platform-tools\adb.exe -P 5037 -s 213996502a057ece shell 'settings put global hidden_api_policy_pre_p_apps 1;settings put global hidden_api_policy_p_apps 1;settings put global hidden_api_policy 1''
&amp#27;[35m[AndroidDriver]&amp#27;[39m No app sent in, not parsing package/activity
[debug] &amp#27;[35m[ADB]&amp#27;[39m Running 'C:\Users\Admin\AppData\Local\Android\Sdk\platform-tools\adb.exe -P 5037 -s 213996502a057ece wait-for-device'
[debug] &amp#27;[35m[ADB]&amp#27;[39m Running 'C:\Users\Admin\AppData\Local\Android\Sdk\platform-tools\adb.exe -P 5037 -s 213996502a057ece shell echo ping'
[debug] &amp#27;[35m[AndroidDriver]&amp#27;[39m Pushing settings apk to device...
[debug] &amp#27;[35m[ADB]&amp#27;[39m Getting install status for io.appium.settings
[debug] &amp#27;[35m[ADB]&amp#27;[39m Running 'C:\Users\Admin\AppData\Local\Android\Sdk\platform-tools\adb.exe -P 5037 -s 213996502a057ece shell dumpsys package io.appium.settings'
[debug] &amp#27;[35m[ADB]&amp#27;[39m 'io.appium.settings' is installed
[debug] &amp#27;[35m[ADB]&amp#27;[39m Getting package info for 'io.appium.settings'
[debug] &amp#27;[35m[ADB]&amp#27;[39m Running 'C:\Users\Admin\AppData\Local\Android\Sdk\platform-tools\adb.exe -P 5037 -s 213996502a057ece shell dumpsys package io.appium.settings'
[debug] &amp#27;[35m[ADB]&amp#27;[39m The version name of the installed 'io.appium.settings' is greater or equal to the application version name ('3.4.0' >= '3.4.0')
[debug] &amp#27;[35m[ADB]&amp#27;[39m There is no need to install/upgrade 'C:\Users\Admin\AppData\Roaming\npm\node_modules\appium\node_modules\io.appium.settings\apks\settings_apk-debug.apk'
[debug] &amp#27;[35m[ADB]&amp#27;[39m Getting IDs of all 'io.appium.settings' processes
[debug] &amp#27;[35m[ADB]&amp#27;[39m Running 'C:\Users\Admin\AppData\Local\Android\Sdk\platform-tools\adb.exe -P 5037 -s 213996502a057ece shell 'pgrep --help; echo $?''
[debug] &amp#27;[35m[ADB]&amp#27;[39m Running 'C:\Users\Admin\AppData\Local\Android\Sdk\platform-tools\adb.exe -P 5037 -s 213996502a057ece shell pgrep -f \(\[\[:blank:\]\]\|\^\)io\.appium\.settings\(\[\[:blank:\]\]\|\$\)'
[debug] &amp#27;[35m[AndroidDriver]&amp#27;[39m io.appium.settings is already running. There is no need to reset its permissions.
[debug] &amp#27;[35m[ADB]&amp#27;[39m Running 'C:\Users\Admin\AppData\Local\Android\Sdk\platform-tools\adb.exe -P 5037 -s 213996502a057ece shell appops set io.appium.settings android:mock_location allow'
[debug] &amp#27;[35m[Logcat]&amp#27;[39m Starting logs capture with command: C:\\Users\\Admin\\AppData\\Local\\Android\\Sdk\\platform-tools\\adb.exe -P 5037 -s 213996502a057ece logcat -v threadtime
[debug] &amp#27;[35m[UiAutomator2]&amp#27;[39m Forwarding UiAutomator2 Server port 6790 to local port 8200
[debug] &amp#27;[35m[ADB]&amp#27;[39m Forwarding system: 8200 to device: 6790
[debug] &amp#27;[35m[ADB]&amp#27;[39m Running 'C:\Users\Admin\AppData\Local\Android\Sdk\platform-tools\adb.exe -P 5037 -s 213996502a057ece forward tcp:8200 tcp:6790'
[debug] &amp#27;[35m[ADB]&amp#27;[39m Getting install status for io.appium.uiautomator2.server
[debug] &amp#27;[35m[ADB]&amp#27;[39m Running 'C:\Users\Admin\AppData\Local\Android\Sdk\platform-tools\adb.exe -P 5037 -s 213996502a057ece shell dumpsys package io.appium.uiautomator2.server'
[debug] &amp#27;[35m[ADB]&amp#27;[39m 'io.appium.uiautomator2.server' is installed
[debug] &amp#27;[35m[ADB]&amp#27;[39m Getting package info for 'io.appium.uiautomator2.server'
[debug] &amp#27;[35m[ADB]&amp#27;[39m Running 'C:\Users\Admin\AppData\Local\Android\Sdk\platform-tools\adb.exe -P 5037 -s 213996502a057ece shell dumpsys package io.appium.uiautomator2.server'
[debug] &amp#27;[35m[ADB]&amp#27;[39m The version name of the installed 'io.appium.uiautomator2.server' is greater or equal to the application version name ('4.24.0' >= '4.24.0')
[debug] &amp#27;[35m[UiAutomator2]&amp#27;[39m io.appium.uiautomator2.server installation state: sameVersionInstalled
[debug] &amp#27;[35m[ADB]&amp#27;[39m Checking app cert for C:\Users\Admin\AppData\Roaming\npm\node_modules\appium\node_modules\appium-uiautomator2-server\apks\appium-uiautomator2-server-v4.24.0.apk
&amp#27;[35m[ADB]&amp#27;[39m Using 'apksigner.jar' from 'C:\Users\Admin\AppData\Local\Android\Sdk\build-tools\31.0.0\lib\apksigner.jar'
[debug] &amp#27;[35m[ADB]&amp#27;[39m Starting apksigner: 'C:\\Program Files\\Java\\jdk1.8.0_301\\bin\\java.exe' -Xmx1024M -Xss1m -jar C:\\Users\\Admin\\AppData\\Local\\Android\\Sdk\\build-tools\\31.0.0\\lib\\apksigner.jar verify --print-certs C:\\Users\\Admin\\AppData\\Roaming\\npm\\node_modules\\appium\\node_modules\\appium-uiautomator2-server\\apks\\appium-uiautomator2-server-v4.24.0.apk
[debug] &amp#27;[35m[ADB]&amp#27;[39m apksigner stdout: Signer #1 certificate DN: EMAILADDRESS=android@android.com, CN=Android, OU=Android, O=Android, L=Mountain View, ST=California, C=US
[debug] &amp#27;[35m[ADB]&amp#27;[39m Signer #1 certificate SHA-256 digest: a40da80a59d170caa950cf15c18c454d47a39b26989d8b640ecd745ba71bf5dc
[debug] &amp#27;[35m[ADB]&amp#27;[39m Signer #1 certificate SHA-1 digest: 61ed377e85d386a8dfee6b864bd85b0bfaa5af81
[debug] &amp#27;[35m[ADB]&amp#27;[39m Signer #1 certificate MD5 digest: e89b158e4bcf988ebd09eb83f5378e87
[debug] &amp#27;[35m[ADB]&amp#27;[39m 
[debug] &amp#27;[35m[ADB]&amp#27;[39m sha256 hash did match for 'appium-uiautomator2-server-v4.24.0.apk'
&amp#27;[35m[ADB]&amp#27;[39m 'C:\Users\Admin\AppData\Roaming\npm\node_modules\appium\node_modules\appium-uiautomator2-server\apks\appium-uiautomator2-server-v4.24.0.apk' is signed with the default certificate
[debug] &amp#27;[35m[ADB]&amp#27;[39m Getting install status for io.appium.uiautomator2.server.test
[debug] &amp#27;[35m[ADB]&amp#27;[39m Running 'C:\Users\Admin\AppData\Local\Android\Sdk\platform-tools\adb.exe -P 5037 -s 213996502a057ece shell dumpsys package io.appium.uiautomator2.server.test'
[debug] &amp#27;[35m[ADB]&amp#27;[39m 'io.appium.uiautomator2.server.test' is installed
[debug] &amp#27;[35m[ADB]&amp#27;[39m Checking app cert for C:\Users\Admin\AppData\Roaming\npm\node_modules\appium\node_modules\appium-uiautomator2-server\apks\appium-uiautomator2-server-debug-androidTest.apk
[debug] &amp#27;[35m[ADB]&amp#27;[39m Starting apksigner: 'C:\\Program Files\\Java\\jdk1.8.0_301\\bin\\java.exe' -Xmx1024M -Xss1m -jar C:\\Users\\Admin\\AppData\\Local\\Android\\Sdk\\build-tools\\31.0.0\\lib\\apksigner.jar verify --print-certs C:\\Users\\Admin\\AppData\\Roaming\\npm\\node_modules\\appium\\node_modules\\appium-uiautomator2-server\\apks\\appium-uiautomator2-server-debug-androidTest.apk
[debug] &amp#27;[35m[ADB]&amp#27;[39m apksigner stdout: Signer #1 certificate DN: EMAILADDRESS=android@android.com, CN=Android, OU=Android, O=Android, L=Mountain View, ST=California, C=US
[debug] &amp#27;[35m[ADB]&amp#27;[39m Signer #1 certificate SHA-256 digest: a40da80a59d170caa950cf15c18c454d47a39b26989d8b640ecd745ba71bf5dc
[debug] &amp#27;[35m[ADB]&amp#27;[39m Signer #1 certificate SHA-1 digest: 61ed377e85d386a8dfee6b864bd85b0bfaa5af81
[debug] &amp#27;[35m[ADB]&amp#27;[39m Signer #1 certificate MD5 digest: e89b158e4bcf988ebd09eb83f5378e87
[debug] &amp#27;[35m[ADB]&amp#27;[39m 
[debug] &amp#27;[35m[ADB]&amp#27;[39m sha256 hash did match for 'appium-uiautomator2-server-debug-androidTest.apk'
&amp#27;[35m[ADB]&amp#27;[39m 'C:\Users\Admin\AppData\Roaming\npm\node_modules\appium\node_modules\appium-uiautomator2-server\apks\appium-uiautomator2-server-debug-androidTest.apk' is signed with the default certificate
&amp#27;[35m[UiAutomator2]&amp#27;[39m Server packages are not going to be (re)installed
[debug] &amp#27;[35m[UiAutomator2]&amp#27;[39m Waiting up to 30000ms for services to be available
[debug] &amp#27;[35m[ADB]&amp#27;[39m Running 'C:\Users\Admin\AppData\Local\Android\Sdk\platform-tools\adb.exe -P 5037 -s 213996502a057ece shell pm list instrumentation'
[debug] &amp#27;[35m[UiAutomator2]&amp#27;[39m Instrumentation target 'io.appium.uiautomator2.server.test/androidx.test.runner.AndroidJUnitRunner' is available
&amp#27;[35m[ADB]&amp#27;[39m Adding packages ["io.appium.settings","io.appium.uiautomator2.server","io.appium.uiautomator2.server.test"] to Doze whitelist
[debug] &amp#27;[35m[ADB]&amp#27;[39m Got the following command chunks to execute: [["dumpsys","deviceidle","whitelist","+io.appium.settings",";","dumpsys","deviceidle","whitelist","+io.appium.uiautomator2.server",";","dumpsys","deviceidle","whitelist","+io.appium.uiautomator2.server.test",";"]]
[debug] &amp#27;[35m[ADB]&amp#27;[39m Running 'C:\Users\Admin\AppData\Local\Android\Sdk\platform-tools\adb.exe -P 5037 -s 213996502a057ece shell dumpsys deviceidle whitelist +io.appium.settings ; dumpsys deviceidle whitelist +io.appium.uiautomator2.server ; dumpsys deviceidle whitelist +io.appium.uiautomator2.server.test ;'
[debug] &amp#27;[35m[UiAutomator2]&amp#27;[39m No app capability. Assuming it is already on the device
[debug] &amp#27;[35m[ADB]&amp#27;[39m Getting install status for com.android.chrome
[debug] &amp#27;[35m[ADB]&amp#27;[39m Running 'C:\Users\Admin\AppData\Local\Android\Sdk\platform-tools\adb.exe -P 5037 -s 213996502a057ece shell dumpsys package com.android.chrome'
[debug] &amp#27;[35m[ADB]&amp#27;[39m 'com.android.chrome' is installed
[debug] &amp#27;[35m[ADB]&amp#27;[39m Running 'C:\Users\Admin\AppData\Local\Android\Sdk\platform-tools\adb.exe -P 5037 -s 213996502a057ece shell am force-stop com.android.chrome'
[debug] &amp#27;[35m[ADB]&amp#27;[39m Running 'C:\Users\Admin\AppData\Local\Android\Sdk\platform-tools\adb.exe -P 5037 -s 213996502a057ece shell pm clear com.android.chrome'
[debug] &amp#27;[35m[AndroidDriver]&amp#27;[39m Performed fast reset on the installed 'com.android.chrome' application (stop and clear)
[debug] &amp#27;[35m[UiAutomator2]&amp#27;[39m Performing shallow cleanup of automation leftovers
[debug] &amp#27;[35m[UiAutomator2]&amp#27;[39m No obsolete sessions have been detected (socket hang up)
[debug] &amp#27;[35m[ADB]&amp#27;[39m Running 'C:\Users\Admin\AppData\Local\Android\Sdk\platform-tools\adb.exe -P 5037 -s 213996502a057ece shell am force-stop io.appium.uiautomator2.server.test'
&amp#27;[35m[UiAutomator2]&amp#27;[39m Starting UIAutomator2 server 4.24.0
&amp#27;[35m[UiAutomator2]&amp#27;[39m Using UIAutomator2 server from 'C:\Users\Admin\AppData\Roaming\npm\node_modules\appium\node_modules\appium-uiautomator2-server\apks\appium-uiautomator2-server-v4.24.0.apk' and test from 'C:\Users\Admin\AppData\Roaming\npm\node_modules\appium\node_modules\appium-uiautomator2-server\apks\appium-uiautomator2-server-debug-androidTest.apk'
&amp#27;[35m[UiAutomator2]&amp#27;[39m Waiting up to 30000ms for UiAutomator2 to be online...
[debug] &amp#27;[35m[ADB]&amp#27;[39m Creating ADB subprocess with args: ["-P",5037,"-s","213996502a057ece","shell","am","instrument","-w","-e","disableAnalytics",true,"io.appium.uiautomator2.server.test/androidx.test.runner.AndroidJUnitRunner"]
[debug] &amp#27;[35m[WD Proxy]&amp#27;[39m Matched '/status' to command name 'getStatus'
[debug] &amp#27;[35m[WD Proxy]&amp#27;[39m Proxying [GET /status] to [GET http://127.0.0.1:8200/wd/hub/status] with no body
&amp#27;[35m[WD Proxy]&amp#27;[39m socket hang up
[debug] &amp#27;[35m[WD Proxy]&amp#27;[39m Matched '/status' to command name 'getStatus'
[debug] &amp#27;[35m[WD Proxy]&amp#27;[39m Proxying [GET /status] to [GET http://127.0.0.1:8200/wd/hub/status] with no body
&amp#27;[35m[WD Proxy]&amp#27;[39m socket hang up
[debug] &amp#27;[35m[Instrumentation]&amp#27;[39m io.appium.uiautomator2.server.test.AppiumUiAutomator2Server:
[debug] &amp#27;[35m[WD Proxy]&amp#27;[39m Matched '/status' to command name 'getStatus'
[debug] &amp#27;[35m[WD Proxy]&amp#27;[39m Proxying [GET /status] to [GET http://127.0.0.1:8200/wd/hub/status] with no body
&amp#27;[35m[WD Proxy]&amp#27;[39m socket hang up
[debug] &amp#27;[35m[WD Proxy]&amp#27;[39m Matched '/status' to command name 'getStatus'
[debug] &amp#27;[35m[WD Proxy]&amp#27;[39m Proxying [GET /status] to [GET http://127.0.0.1:8200/wd/hub/status] with no body
[debug] &amp#27;[35m[WD Proxy]&amp#27;[39m Got response with status 200: {"sessionId":"None","value":{"message":"UiAutomator2 Server is ready to accept commands","ready":true}}
[debug] &amp#27;[35m[UiAutomator2]&amp#27;[39m The initialization of the instrumentation process took 3251ms
[debug] &amp#27;[35m[WD Proxy]&amp#27;[39m Matched '/session' to command name 'createSession'
[debug] &amp#27;[35m[WD Proxy]&amp#27;[39m Proxying [POST /session] to [POST http://127.0.0.1:8200/wd/hub/session] with body: {"capabilities":{"firstMatch":[{"platform":"LINUX","webStorageEnabled":false,"takesScreenshot":true,"javascriptEnabled":true,"databaseEnabled":false,"networkConnectionEnabled":true,"locationContextEnabled":false,"warnings":{},"desired":{"browserName":"Chrome","platformName":"android","chromeOptions":{"w3c":false},"automationName":"UiAutomator2","deviceName":"Samsung S9","newCommandTimeout":60,"recreateChromeDriverSessions":true},"browserName":"Chrome","platformName":"android","chromeOptions":{"w3c":false},"automationName":"UiAutomator2","deviceName":"213996502a057ece","newCommandTimeout":60,"recreateChromeDriverSessions":true,"appPackage":"com.android.chrome","appActivity":"com.google.android.apps.chrome.Main","deviceUDID":"213996502a057ece"}],"alwaysMatch":{}}}
[debug] &amp#27;[35m[WD Proxy]&amp#27;[39m Got response with status 200: {"sessionId":"6423d128-7444-4122-a5ec-cdbbea41bfea","value":{"capabilities":{"firstMatch":[{"platform":"LINUX","webStorageEnabled":false,"takesScreenshot":true,"javascriptEnabled":true,"databaseEnabled":false,"networkConnectionEnabled":true,"locationContextEnabled":false,"warnings":{},"desired":{"browserName":"Chrome","platformName":"android","chromeOptions":{"w3c":false},"automationName":"UiAutomator2","deviceName":"Samsung S9","newCommandTimeout":60,"recreateChromeDriverSessions":true},"browserName":"Chrome","platformName":"android","chromeOptions":{"w3c":false},"automationName":"UiAutomator2","deviceName":"213996502a057ece","newCommandTimeout":60,"recreateChromeDriverSessions":true,"appPackage":"com.android.chrome","appActivity":"com.google.android.apps.chrome.Main","deviceUDID":"213996502a057ece"}],"alwaysMatch":{}},"sessionId":"6423d128-7444-4122-a5ec-cdbbea41bfea"}}
&amp#27;[35m[WD Proxy]&amp#27;[39m Determined the downstream protocol as 'W3C'
[debug] &amp#27;[35m[WD Proxy]&amp#27;[39m Proxying [GET /appium/device/info] to [GET http://127.0.0.1:8200/wd/hub/session/6423d128-7444-4122-a5ec-cdbbea41bfea/appium/device/info] with no body
[debug] &amp#27;[35m[WD Proxy]&amp#27;[39m Got response with status 200: {"sessionId":"6423d128-7444-4122-a5ec-cdbbea41bfea","value":{"androidId":"09c895d31ded67c0","apiVersion":"29","bluetooth":{"state":"ON"},"brand":"samsung","carrierName":"","displayDensity":480,"locale":"en_GB","manufacturer":"samsung","model":"SM-G960F","networks":[{"capabilities":{"SSID":null,"linkDownBandwidthKbps":1048576,"linkUpstreamBandwidthKbps":1048576,"networkCapabilities":"NET_CAPABILITY_NOT_METERED,NET_CAPABILITY_INTERNET,NET_CAPABILITY_NOT_RESTRICTED,NET_CAPABILITY_TRUSTED,NET_CAPABILITY_NOT_VPN,NET_CAPABILITY_VALIDATED,NET_CAPABILITY_NOT_ROAMING,NET_CAPABILITY_FOREGROUND,NET_CAPABILITY_NOT_CONGESTED,NET_CAPABILITY_NOT_SUSPENDED","signalStrength":-52,"transportTypes":"TRANSPORT_WIFI"},"detailedState":"CONNECTED","extraInfo":null,"isAvailable":true,"isConnected":true,"isFailover":false,"isRoaming":false,"state":"CONNECTED","subtype":0,"subtypeName":"","type":1,"typeName":"WIFI"}],"platformVersion":"10","realDisplaySize":"1080x2220","timeZone":"Asia/Kolkata"}}
[debug] &amp#27;[35m[ADB]&amp#27;[39m Running 'C:\Users\Admin\AppData\Local\Android\Sdk\platform-tools\adb.exe -P 5037 -s 213996502a057ece shell dumpsys window'
&amp#27;[35m[AndroidDriver]&amp#27;[39m Screen already unlocked, doing nothing
&amp#27;[35m[AndroidDriver]&amp#27;[39m Starting a chrome-based browser session
[debug] &amp#27;[35m[AndroidDriver]&amp#27;[39m A port was not given, using random free port: 8000
[debug] &amp#27;[35m[AndroidDriver]&amp#27;[39m Automated Chromedriver download is disabled. Use 'chromedriver_autodownload' server feature to enable it
[debug] &amp#27;[35m[AndroidDriver]&amp#27;[39m Precalculated Chromedriver capabilities: {
[debug] &amp#27;[35m[AndroidDriver]&amp#27;[39m   "androidPackage": "com.android.chrome",
[debug] &amp#27;[35m[AndroidDriver]&amp#27;[39m   "androidDeviceSerial": "213996502a057ece"
[debug] &amp#27;[35m[AndroidDriver]&amp#27;[39m }
[debug] &amp#27;[35m[AndroidDriver]&amp#27;[39m Before starting chromedriver, androidPackage is 'com.android.chrome'
[debug] &amp#27;[35m[Chromedriver]&amp#27;[39m Changed state to 'starting'
[debug] &amp#27;[35m[Chromedriver]&amp#27;[39m Using the static Chromedriver->Chrome mapping
[debug] &amp#27;[35m[Chromedriver]&amp#27;[39m The most recent known Chrome version: 91.0.4472
[debug] &amp#27;[35m[Chromedriver]&amp#27;[39m Found 1 executable in 'C:\Users\Admin\AppData\Roaming\npm\node_modules\appium\node_modules\appium-chromedriver\chromedriver\win'
[debug] &amp#27;[35m[Chromedriver]&amp#27;[39m The following Chromedriver executables were found:
[debug] &amp#27;[35m[Chromedriver]&amp#27;[39m     'C:/Users/Admin/AppData/Roaming/npm/node_modules/appium/node_modules/appium-chromedriver/chromedriver/win/chromedriver.exe' (version '94.0.4606.61', minimum Chrome version '94')
&amp#27;[35m[Chromedriver]&amp#27;[39m Found 1 Chromedriver, which is missing in the list of known versions: {"94.0.4606.61":"94"}
[debug] &amp#27;[35m[ADB]&amp#27;[39m Getting package info for 'com.android.chrome'
[debug] &amp#27;[35m[ADB]&amp#27;[39m Running 'C:\Users\Admin\AppData\Local\Android\Sdk\platform-tools\adb.exe -P 5037 -s 213996502a057ece shell dumpsys package com.android.chrome'
[debug] &amp#27;[35m[Chromedriver]&amp#27;[39m Found Chrome bundle 'com.android.chrome' version '97.0.4692'
[debug] &amp#27;[35m[Chromedriver]&amp#27;[39m Error: No Chromedriver found that can automate Chrome '97.0.4692'. You could also try to enable automated chromedrivers download server feature. See https://github.com/appium/appium/blob/master/docs/en/writing-running-appium/web/chromedriver.md for more details
[debug] &amp#27;[35m[Chromedriver]&amp#27;[39m     at Chromedriver.getCompatibleChromedriver (C:\Users\Admin\AppData\Roaming\npm\node_modules\appium\node_modules\appium-chromedriver\lib\chromedriver.js:367:15)
[debug] &amp#27;[35m[Chromedriver]&amp#27;[39m     at Chromedriver.initChromedriverPath (C:\Users\Admin\AppData\Roaming\npm\node_modules\appium\node_modules\appium-chromedriver\lib\chromedriver.js:391:11)
[debug] &amp#27;[35m[Chromedriver]&amp#27;[39m     at Chromedriver.start (C:\Users\Admin\AppData\Roaming\npm\node_modules\appium\node_modules\appium-chromedriver\lib\chromedriver.js:456:7)
[debug] &amp#27;[35m[Chromedriver]&amp#27;[39m     at AndroidUiautomator2Driver.setupNewChromedriver&amp#27; [(3C5:m\[UCsherrosm\eAddmriinv\Aeprp]D&amp#27;a[t3a9\mR oNaom iCnhgr\onmpemd\rniovdeer_ mfooduunlde st\haapptiu mc\anno daeu_tmoomdate Chruolmees \'a9p7p.i0u.m4-6a9n2d'r.o iYdo-ud rciouvlde alrs\ol ibt\rcyo mtmoa nedns\acbolnet eaxutt.ojmsa:t4e7d2 :c3h)ro
medrivers download server feature. See h[tdtepbusg:]/ /&amp#27;g[i3t5hmu[Cbh.rcoomme/darpipvieurm]/&amp#27;a[p3p9imu m / b l aotb /AmndarsoitdeUri/aduotcosm/aetnor/2wrDriitvienrg.-srtuanrntiCnhgr-oampepiSeusms/iwoenb /(cCh:r\oUmseedrsr\iAvdemrin.\mAdpp fDaotra \mRooraem idneg\tnapim\node_modules\appium\node_mols
dules\appium-android-driver\lib\commands\context.js:326:23)
[debug] &amp#27;[35m[Chromedriver]&amp#27;[39m     at AndroidUiautomator2Driver.startUiAutomator2Session (C:\Users\Admin\AppData\Roaming\npm\node_modules\appium\node_modules\appium-uiautomator2-driver\lib\driver.js:429:7)
[debug] &amp#27;[35m[Chromedriver]&amp#27;[39m     at AndroidUiautomator2Driver.createSession (C:\Users\Admin\AppData\Roaming\npm\node_modules\appium\node_modules\appium-uiautomator2-driver\lib\driver.js:229:7)
[debug] &amp#27;[35m[Chromedriver]&amp#27;[39m     at AppiumDriver.createSession (C:\Users\Admin\AppData\Roaming\npm\node_modules\appium\lib\appium.js:387:35)
[debug] &amp#27;[35m[UiAutomator2]&amp#27;[39m Deleting UiAutomator2 session
[debug] &amp#27;[35m[UiAutomator2]&amp#27;[39m Deleting UiAutomator2 server session
[debug] &amp#27;[35m[WD Proxy]&amp#27;[39m Matched '/' to command name 'deleteSession'
[debug] &amp#27;[35m[WD Proxy]&amp#27;[39m Proxying [DELETE /] to [DELETE http://127.0.0.1:8200/wd/hub/session/6423d128-7444-4122-a5ec-cdbbea41bfea] with no body
[debug] &amp#27;[35m[WD Proxy]&amp#27;[39m Got response with status 200: {"sessionId":"6423d128-7444-4122-a5ec-cdbbea41bfea","value":null}
[debug] &amp#27;[35m[Logcat]&amp#27;[39m Stopping logcat capture
[debug] &amp#27;[35m[ADB]&amp#27;[39m Removing forwarded port socket connection: 8200 
[debug] &amp#27;[35m[ADB]&amp#27;[39m Running 'C:\Users\Admin\AppData\Local\Android\Sdk\platform-tools\adb.exe -P 5037 -s 213996502a057ece forward --remove tcp:8200'
&amp#27;[35m[UiAutomator2]&amp#27;[39m Restoring hidden api policy to the device default configuration
[debug] &amp#27;[35m[ADB]&amp#27;[39m Running 'C:\Users\Admin\AppData\Local\Android\Sdk\platform-tools\adb.exe -P 5037 -s 213996502a057ece shell 'settings delete global hidden_api_policy_pre_p_apps;settings delete global hidden_api_policy_p_apps;settings delete global hidden_api_policy''
[debug] &amp#27;[35m[BaseDriver]&amp#27;[39m Event 'newSessionStarted' logged at 1642511477357 (18:41:17 GMT+0530 (India Standard Time))
[debug] &amp#27;[35m[W3C]&amp#27;[39m Encountered internal error running command: Error: No Chromedriver found that can automate Chrome '97.0.4692'. You could also try to enable automated chromedrivers download server feature. See https://github.com/appium/appium/blob/master/docs/en/writing-running-appium/web/chromedriver.md for more details
[debug] &amp#27;[35m[W3C]&amp#27;[39m     at Object.errorAndThrow (C:\Users\Admin\AppData\Roaming\npm\node_modules\appium\node_modules\appium-support\lib\logging.js:94:35)
[debug] &amp#27;[35m[W3C]&amp#27;[39m     at Chromedriver.start (C:\Users\Admin\AppData\Roaming\npm\node_modules\appium\node_modules\appium-chromedriver\lib\chromedriver.js:541:11)
[debug] &amp#27;[35m[W3C]&amp#27;[39m     at AndroidUiautomator2Driver.setupNewChromedriver (C:\Users\Admin\AppData\Roaming\npm\node_modules\appium\node_modules\appium-android-driver\lib\commands\context.js:472:3)
[debug] &amp#27;[35m[W3C]&amp#27;[39m     at AndroidUiautomator2Driver.startChromeSession (C:\Users\Admin\AppData\Roaming\npm\node_modules\appium\node_modules\appium-android-driver\lib\commands\context.js:326:23)
[debug] &amp#27;[35m[W3C]&amp#27;[39m     at AndroidUiautomator2Driver.startUiAutomator2Session (C:\Users\Admin\AppData\Roaming\npm\node_modules\appium\node_modules\appium-uiautomator2-driver\lib\driver.js:429:7)
[debug] &amp#27;[35m[W3C]&amp#27;[39m     at AndroidUiautomator2Driver.createSession (C:\Users\Admin\AppData\Roaming\npm\node_modules\appium\node_modules\appium-uiautomator2-driver\lib\driver.js:229:7)
[debug] &amp#27;[35m[W3C]&amp#27;[39m     at AppiumDriver.createSession (C:\Users\Admin\AppData\Roaming\npm\node_modules\appium\lib\appium.js:387:35)
&amp#27;[35m[HTTP]&amp#27;[39m &amp#27;[37m<-- POST /wd/hub/session &amp#27;[39m&amp#27;[31m500&amp#27;[39m &amp#27;[90m15002 ms - 1069&amp#27;[39m
&amp#27;[35m[HTTP]&amp#27;[39m &amp#27;[90m&amp#27;[39m
[debug] &amp#27;[35m[Instrumentation]&amp#27;[39m .
[INFO ] 2022-01-18 18:41:17.427 com.qa.tests.ApiDemoTest:53 - Instantiating the page object classes for Amazon.com Website
[debug] &amp#27;[35m[Instrumentation]&amp#27;[39m Time: 3.13
[debug] &amp#27;[35m[Instrumentation]&amp#27;[39m 
[debug] &amp#27;[35m[Instrumentation]&amp#27;[39m OK (1 test)
[debug] &amp#27;[35m[Instrumentation]&amp#27;[39m The process has exited with code 0
[INFO ] 2022-01-18 18:41:17.807 com.qa.pages.WebMainPage:25 - Check if amazon logo is displayed
[ERROR] 2022-01-18 18:41:17.848 com.qa.WebBaseTest:142 - Element not found
[ERROR] 2022-01-18 18:41:17.851 com.qa.tests.ApiDemoTest:68 - Error in Amazon logo test
]]></system-out>
    <system-err><![CDATA[SLF4J: Failed to load class "org.slf4j.impl.StaticLoggerBinder".
SLF4J: Defaulting to no-operation (NOP) logger implementation
SLF4J: See http://www.slf4j.org/codes.html#StaticLoggerBinder for further details.
org.openqa.selenium.SessionNotCreatedException: Unable to create a new remote session. Please check the server log for more details. Original error: An unknown server-side error occurred while processing the command. Original error: No Chromedriver found that can automate Chrome '97.0.4692'. You could also try to enable automated chromedrivers download server feature. See https://github.com/appium/appium/blob/master/docs/en/writing-running-appium/web/chromedriver.md for more details
Build info: version: '3.141.59', revision: 'e82be7d358', time: '2018-11-14T08:17:03'
System info: host: 'DESKTOP-GJA9UDI', ip: '192.168.1.7', os.name: 'Windows 10', os.arch: 'amd64', os.version: '10.0', java.version: '1.8.0_301'
Driver info: driver.version: AppiumDriver
remote stacktrace: UnknownError: An unknown server-side error occurred while processing the command. Original error: No Chromedriver found that can automate Chrome '97.0.4692'. You could also try to enable automated chromedrivers download server feature. See https://github.com/appium/appium/blob/master/docs/en/writing-running-appium/web/chromedriver.md for more details
    at getResponseForW3CError (C:\Users\Admin\AppData\Roaming\npm\node_modules\appium\node_modules\appium-base-driver\lib\protocol\errors.js:804:9)
    at asyncHandler (C:\Users\Admin\AppData\Roaming\npm\node_modules\appium\node_modules\appium-base-driver\lib\protocol\protocol.js:380:37)
Build info: version: '3.141.59', revision: 'e82be7d358', time: '2018-11-14T08:17:03'
System info: host: 'DESKTOP-GJA9UDI', ip: '192.168.1.7', os.name: 'Windows 10', os.arch: 'amd64', os.version: '10.0', java.version: '1.8.0_301'
Driver info: driver.version: AppiumDriver
	at io.appium.java_client.remote.AppiumCommandExecutor$1.createSession(AppiumCommandExecutor.java:208)
	at io.appium.java_client.remote.AppiumCommandExecutor.createSession(AppiumCommandExecutor.java:217)
	at io.appium.java_client.remote.AppiumCommandExecutor.execute(AppiumCommandExecutor.java:239)
	at org.openqa.selenium.remote.RemoteWebDriver.execute(RemoteWebDriver.java:552)
	at io.appium.java_client.DefaultGenericMobileDriver.execute(DefaultGenericMobileDriver.java:42)
	at io.appium.java_client.AppiumDriver.execute(AppiumDriver.java:1)
	at org.openqa.selenium.remote.RemoteWebDriver.startSession(RemoteWebDriver.java:213)
	at org.openqa.selenium.remote.RemoteWebDriver.<init>(RemoteWebDriver.java:131)
	at io.appium.java_client.DefaultGenericMobileDriver.<init>(DefaultGenericMobileDriver.java:38)
	at io.appium.java_client.AppiumDriver.<init>(AppiumDriver.java:84)
	at io.appium.java_client.AppiumDriver.<init>(AppiumDriver.java:94)
	at com.qa.WebBaseTest.beforeTest(WebBaseTest.java:116)
	at sun.reflect.NativeMethodAccessorImpl.invoke0(Native Method)
	at sun.reflect.NativeMethodAccessorImpl.invoke(NativeMethodAccessorImpl.java:62)
	at sun.reflect.DelegatingMethodAccessorImpl.invoke(DelegatingMethodAccessorImpl.java:43)
	at java.lang.reflect.Method.invoke(Method.java:498)
	at org.testng.internal.MethodInvocationHelper.invokeMethod(MethodInvocationHelper.java:124)
	at org.testng.internal.MethodInvocationHelper.invokeMethodConsideringTimeout(MethodInvocationHelper.java:59)
	at org.testng.internal.Invoker.invokeConfigurationMethod(Invoker.java:458)
	at org.testng.internal.Invoker.invokeConfigurations(Invoker.java:222)
	at org.testng.internal.Invoker.invokeConfigurations(Invoker.java:142)
	at org.testng.TestRunner.beforeRun(TestRunner.java:529)
	at org.testng.TestRunner.run(TestRunner.java:497)
	at org.testng.SuiteRunner.runTest(SuiteRunner.java:455)
	at org.testng.SuiteRunner.runSequentially(SuiteRunner.java:450)
	at org.testng.SuiteRunner.privateRun(SuiteRunner.java:415)
	at org.testng.SuiteRunner.run(SuiteRunner.java:364)
	at org.testng.SuiteRunnerWorker.runSuite(SuiteRunnerWorker.java:52)
	at org.testng.SuiteRunnerWorker.run(SuiteRunnerWorker.java:84)
	at org.testng.TestNG.runSuitesSequentially(TestNG.java:1208)
	at org.testng.TestNG.runSuitesLocally(TestNG.java:1137)
	at org.testng.TestNG.runSuites(TestNG.java:1049)
	at org.testng.TestNG.run(TestNG.java:1017)
	at org.apache.maven.surefire.testng.TestNGExecutor.run(TestNGExecutor.java:284)
	at org.apache.maven.surefire.testng.TestNGXmlTestSuite.execute(TestNGXmlTestSuite.java:75)
	at org.apache.maven.surefire.testng.TestNGProvider.invoke(TestNGProvider.java:119)
	at org.apache.maven.surefire.booter.ForkedBooter.runSuitesInProcess(ForkedBooter.java:428)
	at org.apache.maven.surefire.booter.ForkedBooter.execute(ForkedBooter.java:162)
	at org.apache.maven.surefire.booter.ForkedBooter.run(ForkedBooter.java:562)
	at org.apache.maven.surefire.booter.ForkedBooter.main(ForkedBooter.java:548)
Caused by: java.lang.reflect.InvocationTargetException
	at sun.reflect.NativeMethodAccessorImpl.invoke0(Native Method)
	at sun.reflect.NativeMethodAccessorImpl.invoke(NativeMethodAccessorImpl.java:62)
	at sun.reflect.DelegatingMethodAccessorImpl.invoke(DelegatingMethodAccessorImpl.java:43)
	at java.lang.reflect.Method.invoke(Method.java:498)
	at io.appium.java_client.remote.AppiumCommandExecutor$1.createSession(AppiumCommandExecutor.java:186)
	... 39 more
Caused by: org.openqa.selenium.WebDriverException: An unknown server-side error occurred while processing the command. Original error: No Chromedriver found that can automate Chrome '97.0.4692'. You could also try to enable automated chromedrivers download server feature. See https://github.com/appium/appium/blob/master/docs/en/writing-running-appium/web/chromedriver.md for more details
Build info: version: '3.141.59', revision: 'e82be7d358', time: '2018-11-14T08:17:03'
System info: host: 'DESKTOP-GJA9UDI', ip: '192.168.1.7', os.name: 'Windows 10', os.arch: 'amd64', os.version: '10.0', java.version: '1.8.0_301'
Driver info: driver.version: AppiumDriver
remote stacktrace: UnknownError: An unknown server-side error occurred while processing the command. Original error: No Chromedriver found that can automate Chrome '97.0.4692'. You could also try to enable automated chromedrivers download server feature. See https://github.com/appium/appium/blob/master/docs/en/writing-running-appium/web/chromedriver.md for more details
    at getResponseForW3CError (C:\Users\Admin\AppData\Roaming\npm\node_modules\appium\node_modules\appium-base-driver\lib\protocol\errors.js:804:9)
    at asyncHandler (C:\Users\Admin\AppData\Roaming\npm\node_modules\appium\node_modules\appium-base-driver\lib\protocol\protocol.js:380:37)
	at sun.reflect.NativeConstructorAccessorImpl.newInstance0(Native Method)
	at sun.reflect.NativeConstructorAccessorImpl.newInstance(NativeConstructorAccessorImpl.java:62)
	at sun.reflect.DelegatingConstructorAccessorImpl.newInstance(DelegatingConstructorAccessorImpl.java:45)
	at java.lang.reflect.Constructor.newInstance(Constructor.java:423)
	at org.openqa.selenium.remote.W3CHandshakeResponse.lambda$errorHandler$0(W3CHandshakeResponse.java:62)
	at org.openqa.selenium.remote.HandshakeResponse.lambda$getResponseFunction$0(HandshakeResponse.java:30)
	at org.openqa.selenium.remote.ProtocolHandshake.lambda$createSession$0(ProtocolHandshake.java:126)
	at java.util.stream.ReferencePipeline$3$1.accept(ReferencePipeline.java:193)
	at java.util.Spliterators$ArraySpliterator.tryAdvance(Spliterators.java:958)
	at java.util.stream.ReferencePipeline.forEachWithCancel(ReferencePipeline.java:126)
	at java.util.stream.AbstractPipeline.copyIntoWithCancel(AbstractPipeline.java:499)
	at java.util.stream.AbstractPipeline.copyInto(AbstractPipeline.java:486)
	at java.util.stream.AbstractPipeline.wrapAndCopyInto(AbstractPipeline.java:472)
	at java.util.stream.FindOps$FindOp.evaluateSequential(FindOps.java:152)
	at java.util.stream.AbstractPipeline.evaluate(AbstractPipeline.java:234)
	at java.util.stream.ReferencePipeline.findFirst(ReferencePipeline.java:464)
	at org.openqa.selenium.remote.ProtocolHandshake.createSession(ProtocolHandshake.java:128)
	... 44 more
]]></system-err>
  </testcase>
  <testcase name="searchItemsandVerifyTitleTest" classname="com.qa.webtests.AmazonWebTest" time="3.006">
    <system-out><![CDATA[[INFO ] 2022-01-18 18:41:17.861 com.qa.tests.ApiDemoTest:53 - Instantiating the page object classes for Amazon.com Website
[INFO ] 2022-01-18 18:41:17.861 com.qa.pages.WebMainPage:31 - Enter books value in search bar
[ERROR] 2022-01-18 18:41:17.861 com.qa.WebBaseTest:142 - Element not found
[ERROR] 2022-01-18 18:41:17.861 com.qa.WebBaseTest:175 - Unable to perform senkeys for element
[ERROR] 2022-01-18 18:41:17.861 com.qa.WebBaseTest:142 - Element not found
[ERROR] 2022-01-18 18:41:17.861 com.qa.WebBaseTest:153 - click action not performed
[INFO ] 2022-01-18 18:41:17.861 com.qa.pages.WebMainPage:40 - Click on search button
[INFO ] 2022-01-18 18:41:20.864 com.qa.pages.WebBooksPage:28 - Checking Books title is present or not
[ERROR] 2022-01-18 18:41:20.865 com.qa.tests.ApiDemoTest:87 - Error in search and verify title test
]]></system-out>
  </testcase>
  <testcase name="scrollToBottomTest" classname="com.qa.webtests.AmazonWebTest" time="0.018">
    <system-out><![CDATA[[INFO ] 2022-01-18 18:41:20.882 com.qa.tests.ApiDemoTest:53 - Instantiating the page object classes for Amazon.com Website
[INFO ] 2022-01-18 18:41:20.886 com.qa.pages.WebBooksPage:34 - Scroll to the bottom of page
[ERROR] 2022-01-18 18:41:20.903 com.qa.WebBaseTest:194 - Unable to perform move to element action
[INFO ] 2022-01-18 18:41:20.903 com.qa.pages.WebBooksPage:41 - Scroll to the bottom of page
[ERROR] 2022-01-18 18:41:20.903 com.qa.WebBaseTest:142 - Element not found
[ERROR] 2022-01-18 18:41:20.903 com.qa.tests.ApiDemoTest:100 - Error in scroll to bottom test
]]></system-out>
  </testcase>
  <testcase name="tearDown" classname="com.qa.webtests.AmazonWebTest" time="0.03">
    <failure type="java.lang.NullPointerException"><![CDATA[java.lang.NullPointerException
]]></failure>
  </testcase>
  <testcase name="scrollTest" classname="com.qa.tests.ApiDemoTest" time="10.151">
    <system-out><![CDATA[&amp#27;[35m[HTTP]&amp#27;[39m &amp#27;[37m-->&amp#27;[39m &amp#27;[37mPOST&amp#27;[39m &amp#27;[37m/wd/hub/session&amp#27;[39m
&amp#27;[35m[HTTP]&amp#27;[39m &amp#27;[90m{"desiredCapabilities":{"app":"C:\\Users\\Admin\\appiumProjectcicd\\src\\test\\resources\\app\\ApiDemos-debug.apk","appActivity":"io.appium.android.apis.ApiDemos","appPackage":"io.appium.android.apis","noReset":true,"newCommandTimeout":60,"automationName":"UiAutomator2","platformName":"Android","deviceName":"Any Device Name"},"capabilities":{"firstMatch":[{"appium:app":"C:\\Users\\Admin\\appiumProjectcicd\\src\\test\\resources\\app\\ApiDemos-debug.apk","appium:appActivity":"io.appium.android.apis.ApiDemos","appium:appPackage":"io.appium.android.apis","appium:automationName":"UiAutomator2","appium:deviceName":"Any Device Name","appium:newCommandTimeout":60,"appium:noReset":true,"platformName":"android"}]}}&amp#27;[39m
[debug] &amp#27;[35m[W3C]&amp#27;[39m Calling AppiumDriver.createSession() with args: [{"app":"C:\\Users\\Admin\\appiumProjectcicd\\src\\test\\resources\\app\\ApiDemos-debug.apk","appActivity":"io.appium.android.apis.ApiDemos","appPackage":"io.appium.android.apis","noReset":true,"newCommandTimeout":60,"automationName":"UiAutomator2","platformName":"Android","deviceName":"Any Device Name"},null,{"firstMatch":[{"appium:app":"C:\\Users\\Admin\\appiumProjectcicd\\src\\test\\resources\\app\\ApiDemos-debug.apk","appium:appActivity":"io.appium.android.apis.ApiDemos","appium:appPackage":"io.appium.android.apis","appium:automationName":"UiAutomator2","appium:deviceName":"Any Device Name","appium:newCommandTimeout":60,"appium:noReset":true,"platformName":"android"}]}]
[debug] &amp#27;[35m[BaseDriver]&amp#27;[39m Event 'newSessionRequested' logged at 1642511481586 (18:41:21 GMT+0530 (India Standard Time))
&amp#27;[35m[Appium]&amp#27;[39m Appium v1.22.0 creating new AndroidUiautomator2Driver (v1.69.0) session
[debug] &amp#27;[35m[BaseDriver]&amp#27;[39m W3C capabilities and MJSONWP desired capabilities were provided
[debug] &amp#27;[35m[BaseDriver]&amp#27;[39m Creating session with W3C capabilities: {
[debug] &amp#27;[35m[BaseDriver]&amp#27;[39m   "alwaysMatch": {
[debug] &amp#27;[35m[BaseDriver]&amp#27;[39m     "platformName": "android",
[debug] &amp#27;[35m[BaseDriver]&amp#27;[39m     "appium:app": "C:\\Users\\Admin\\appiumProjectcicd\\src\\test\\resources\\app\\ApiDemos-debug.apk",
[debug] &amp#27;[35m[BaseDriver]&amp#27;[39m     "appium:appActivity": "io.appium.android.apis.ApiDemos",
[debug] &amp#27;[35m[BaseDriver]&amp#27;[39m     "appium:appPackage": "io.appium.android.apis",
[debug] &amp#27;[35m[BaseDriver]&amp#27;[39m     "appium:automationName": "UiAutomator2",
[debug] &amp#27;[35m[BaseDriver]&amp#27;[39m     "appium:deviceName": "Any Device Name",
[debug] &amp#27;[35m[BaseDriver]&amp#27;[39m     "appium:newCommandTimeout": 60,
[debug] &amp#27;[35m[BaseDriver]&amp#27;[39m     "appium:noReset": true
[debug] &amp#27;[35m[BaseDriver]&amp#27;[39m   },
[debug] &amp#27;[35m[BaseDriver]&amp#27;[39m   "firstMatch": [
[debug] &amp#27;[35m[BaseDriver]&amp#27;[39m     {}
[debug] &amp#27;[35m[BaseDriver]&amp#27;[39m   ]
[debug] &amp#27;[35m[BaseDriver]&amp#27;[39m }
&amp#27;[35m[BaseDriver]&amp#27;[39m Session created with session id: b3dacd11-d15d-49b3-9b92-90ebc76c94ca
&amp#27;[35m[BaseDriver]&amp#27;[39m Using local app 'C:\Users\Admin\appiumProjectcicd\src\test\resources\app\ApiDemos-debug.apk'
[debug] &amp#27;[35m[UiAutomator2]&amp#27;[39m Checking whether app is actually present
&amp#27;[35m[ADB]&amp#27;[39m Using 'adb.exe' from 'C:\Users\Admin\AppData\Local\Android\Sdk\platform-tools\adb.exe'
[debug] &amp#27;[35m[ADB]&amp#27;[39m Running 'C:\Users\Admin\AppData\Local\Android\Sdk\platform-tools\adb.exe -P 5037 start-server'
&amp#27;[35m[AndroidDriver]&amp#27;[39m Retrieving device list
[debug] &amp#27;[35m[ADB]&amp#27;[39m Trying to find a connected android device
[debug] &amp#27;[35m[ADB]&amp#27;[39m Getting connected devices
[debug] &amp#27;[35m[ADB]&amp#27;[39m Connected devices: [{"udid":"213996502a057ece","state":"device"}]
&amp#27;[35m[AndroidDriver]&amp#27;[39m Using device: 213996502a057ece
&amp#27;[35m[ADB]&amp#27;[39m Using 'adb.exe' from 'C:\Users\Admin\AppData\Local\Android\Sdk\platform-tools\adb.exe'
[debug] &amp#27;[35m[ADB]&amp#27;[39m Running 'C:\Users\Admin\AppData\Local\Android\Sdk\platform-tools\adb.exe -P 5037 start-server'
[debug] &amp#27;[35m[ADB]&amp#27;[39m Setting device id to 213996502a057ece
[debug] &amp#27;[35m[ADB]&amp#27;[39m Running 'C:\Users\Admin\AppData\Local\Android\Sdk\platform-tools\adb.exe -P 5037 -s 213996502a057ece shell getprop ro.build.version.sdk'
[debug] &amp#27;[35m[ADB]&amp#27;[39m Current device property 'ro.build.version.sdk': 29
&amp#27;[35m[ADB]&amp#27;[39m Getting device platform version
[debug] &amp#27;[35m[ADB]&amp#27;[39m Running 'C:\Users\Admin\AppData\Local\Android\Sdk\platform-tools\adb.exe -P 5037 -s 213996502a057ece shell getprop ro.build.version.release'
[debug] &amp#27;[35m[ADB]&amp#27;[39m Current device property 'ro.build.version.release': 10
[debug] &amp#27;[35m[ADB]&amp#27;[39m Device API level: 29
&amp#27;[35m[UiAutomator2]&amp#27;[39m Relaxing hidden api policy
[debug] &amp#27;[35m[ADB]&amp#27;[39m Running 'C:\Users\Admin\AppData\Local\Android\Sdk\platform-tools\adb.exe -P 5037 -s 213996502a057ece shell 'settings put global hidden_api_policy_pre_p_apps 1;settings put global hidden_api_policy_p_apps 1;settings put global hidden_api_policy 1''
[debug] &amp#27;[35m[ADB]&amp#27;[39m Running 'C:\Users\Admin\AppData\Local\Android\Sdk\platform-tools\adb.exe -P 5037 -s 213996502a057ece wait-for-device'
[debug] &amp#27;[35m[ADB]&amp#27;[39m Running 'C:\Users\Admin\AppData\Local\Android\Sdk\platform-tools\adb.exe -P 5037 -s 213996502a057ece shell echo ping'
[debug] &amp#27;[35m[AndroidDriver]&amp#27;[39m Pushing settings apk to device...
[debug] &amp#27;[35m[ADB]&amp#27;[39m Getting install status for io.appium.settings
[debug] &amp#27;[35m[ADB]&amp#27;[39m Running 'C:\Users\Admin\AppData\Local\Android\Sdk\platform-tools\adb.exe -P 5037 -s 213996502a057ece shell dumpsys package io.appium.settings'
[debug] &amp#27;[35m[ADB]&amp#27;[39m 'io.appium.settings' is installed
[debug] &amp#27;[35m[ADB]&amp#27;[39m Getting package info for 'io.appium.settings'
[debug] &amp#27;[35m[ADB]&amp#27;[39m Running 'C:\Users\Admin\AppData\Local\Android\Sdk\platform-tools\adb.exe -P 5037 -s 213996502a057ece shell dumpsys package io.appium.settings'
[debug] &amp#27;[35m[ADB]&amp#27;[39m The version name of the installed 'io.appium.settings' is greater or equal to the application version name ('3.4.0' >= '3.4.0')
[debug] &amp#27;[35m[ADB]&amp#27;[39m There is no need to install/upgrade 'C:\Users\Admin\AppData\Roaming\npm\node_modules\appium\node_modules\io.appium.settings\apks\settings_apk-debug.apk'
[debug] &amp#27;[35m[ADB]&amp#27;[39m Getting IDs of all 'io.appium.settings' processes
[debug] &amp#27;[35m[ADB]&amp#27;[39m Running 'C:\Users\Admin\AppData\Local\Android\Sdk\platform-tools\adb.exe -P 5037 -s 213996502a057ece shell 'pgrep --help; echo $?''
[debug] &amp#27;[35m[ADB]&amp#27;[39m Running 'C:\Users\Admin\AppData\Local\Android\Sdk\platform-tools\adb.exe -P 5037 -s 213996502a057ece shell pgrep -f \(\[\[:blank:\]\]\|\^\)io\.appium\.settings\(\[\[:blank:\]\]\|\$\)'
[debug] &amp#27;[35m[AndroidDriver]&amp#27;[39m io.appium.settings is already running. There is no need to reset its permissions.
[debug] &amp#27;[35m[ADB]&amp#27;[39m Running 'C:\Users\Admin\AppData\Local\Android\Sdk\platform-tools\adb.exe -P 5037 -s 213996502a057ece shell appops set io.appium.settings android:mock_location allow'
[debug] &amp#27;[35m[Logcat]&amp#27;[39m Starting logs capture with command: C:\\Users\\Admin\\AppData\\Local\\Android\\Sdk\\platform-tools\\adb.exe -P 5037 -s 213996502a057ece logcat -v threadtime
[debug] &amp#27;[35m[UiAutomator2]&amp#27;[39m Forwarding UiAutomator2 Server port 6790 to local port 8200
[debug] &amp#27;[35m[ADB]&amp#27;[39m Forwarding system: 8200 to device: 6790
[debug] &amp#27;[35m[ADB]&amp#27;[39m Running 'C:\Users\Admin\AppData\Local\Android\Sdk\platform-tools\adb.exe -P 5037 -s 213996502a057ece forward tcp:8200 tcp:6790'
[debug] &amp#27;[35m[ADB]&amp#27;[39m Getting install status for io.appium.uiautomator2.server
[debug] &amp#27;[35m[ADB]&amp#27;[39m Running 'C:\Users\Admin\AppData\Local\Android\Sdk\platform-tools\adb.exe -P 5037 -s 213996502a057ece shell dumpsys package io.appium.uiautomator2.server'
[debug] &amp#27;[35m[ADB]&amp#27;[39m 'io.appium.uiautomator2.server' is installed
[debug] &amp#27;[35m[ADB]&amp#27;[39m Getting package info for 'io.appium.uiautomator2.server'
[debug] &amp#27;[35m[ADB]&amp#27;[39m Running 'C:\Users\Admin\AppData\Local\Android\Sdk\platform-tools\adb.exe -P 5037 -s 213996502a057ece shell dumpsys package io.appium.uiautomator2.server'
[debug] &amp#27;[35m[ADB]&amp#27;[39m The version name of the installed 'io.appium.uiautomator2.server' is greater or equal to the application version name ('4.24.0' >= '4.24.0')
[debug] &amp#27;[35m[UiAutomator2]&amp#27;[39m io.appium.uiautomator2.server installation state: sameVersionInstalled
[debug] &amp#27;[35m[ADB]&amp#27;[39m Checking app cert for C:\Users\Admin\AppData\Roaming\npm\node_modules\appium\node_modules\appium-uiautomator2-server\apks\appium-uiautomator2-server-v4.24.0.apk
[debug] &amp#27;[35m[ADB]&amp#27;[39m Using the previously cached signature entry for 'appium-uiautomator2-server-v4.24.0.apk'
[debug] &amp#27;[35m[ADB]&amp#27;[39m sha256 hash did match for 'appium-uiautomator2-server-v4.24.0.apk'
[debug] &amp#27;[35m[ADB]&amp#27;[39m Getting install status for io.appium.uiautomator2.server.test
[debug] &amp#27;[35m[ADB]&amp#27;[39m Running 'C:\Users\Admin\AppData\Local\Android\Sdk\platform-tools\adb.exe -P 5037 -s 213996502a057ece shell dumpsys package io.appium.uiautomator2.server.test'
[debug] &amp#27;[35m[ADB]&amp#27;[39m 'io.appium.uiautomator2.server.test' is installed
[debug] &amp#27;[35m[ADB]&amp#27;[39m Checking app cert for C:\Users\Admin\AppData\Roaming\npm\node_modules\appium\node_modules\appium-uiautomator2-server\apks\appium-uiautomator2-server-debug-androidTest.apk
[debug] &amp#27;[35m[ADB]&amp#27;[39m Using the previously cached signature entry for 'appium-uiautomator2-server-debug-androidTest.apk'
[debug] &amp#27;[35m[ADB]&amp#27;[39m sha256 hash did match for 'appium-uiautomator2-server-debug-androidTest.apk'
&amp#27;[35m[UiAutomator2]&amp#27;[39m Server packages are not going to be (re)installed
[debug] &amp#27;[35m[UiAutomator2]&amp#27;[39m Waiting up to 30000ms for services to be available
[debug] &amp#27;[35m[ADB]&amp#27;[39m Running 'C:\Users\Admin\AppData\Local\Android\Sdk\platform-tools\adb.exe -P 5037 -s 213996502a057ece shell pm list instrumentation'
[debug] &amp#27;[35m[UiAutomator2]&amp#27;[39m Instrumentation target 'io.appium.uiautomator2.server.test/androidx.test.runner.AndroidJUnitRunner' is available
&amp#27;[35m[ADB]&amp#27;[39m Adding packages ["io.appium.settings","io.appium.uiautomator2.server","io.appium.uiautomator2.server.test"] to Doze whitelist
[debug] &amp#27;[35m[ADB]&amp#27;[39m Got the following command chunks to execute: [["dumpsys","deviceidle","whitelist","+io.appium.settings",";","dumpsys","deviceidle","whitelist","+io.appium.uiautomator2.server",";","dumpsys","deviceidle","whitelist","+io.appium.uiautomator2.server.test",";"]]
[debug] &amp#27;[35m[ADB]&amp#27;[39m Running 'C:\Users\Admin\AppData\Local\Android\Sdk\platform-tools\adb.exe -P 5037 -s 213996502a057ece shell dumpsys deviceidle whitelist +io.appium.settings ; dumpsys deviceidle whitelist +io.appium.uiautomator2.server ; dumpsys deviceidle whitelist +io.appium.uiautomator2.server.test ;'
[debug] &amp#27;[35m[ADB]&amp#27;[39m Checking app cert for C:\Users\Admin\appiumProjectcicd\src\test\resources\app\ApiDemos-debug.apk
&amp#27;[35m[ADB]&amp#27;[39m Using 'apksigner.jar' from 'C:\Users\Admin\AppData\Local\Android\Sdk\build-tools\31.0.0\lib\apksigner.jar'
[debug] &amp#27;[35m[ADB]&amp#27;[39m Starting apksigner: 'C:\\Program Files\\Java\\jdk1.8.0_301\\bin\\java.exe' -Xmx1024M -Xss1m -jar C:\\Users\\Admin\\AppData\\Local\\Android\\Sdk\\build-tools\\31.0.0\\lib\\apksigner.jar verify --print-certs C:\\Users\\Admin\\appiumProjectcicd\\src\\test\\resources\\app\\ApiDemos-debug.apk
[debug] &amp#27;[35m[ADB]&amp#27;[39m apksigner stdout: Signer #1 certificate DN: C=US, O=Android, CN=Android Debug
[debug] &amp#27;[35m[ADB]&amp#27;[39m Signer #1 certificate SHA-256 digest: ff2c1b0d041edb6e32a5f7c190ca9c3e78c4ca2cddbbb76133fc30c40b291e30
[debug] &amp#27;[35m[ADB]&amp#27;[39m Signer #1 certificate SHA-1 digest: b3de7d52e6aa703f166c4ee6e921c2816278c393
[debug] &amp#27;[35m[ADB]&amp#27;[39m Signer #1 certificate MD5 digest: 7dce13e4e43fbe159a70f7a252cb0acf
[debug] &amp#27;[35m[ADB]&amp#27;[39m 
&amp#27;[35m[ADB]&amp#27;[39m 'C:\Users\Admin\appiumProjectcicd\src\test\resources\app\ApiDemos-debug.apk' is signed with a non-default certificate
[debug] &amp#27;[35m[ADB]&amp#27;[39m Getting install status for io.appium.android.apis
[debug] &amp#27;[35m[ADB]&amp#27;[39m Running 'C:\Users\Admin\AppData\Local\Android\Sdk\platform-tools\adb.exe -P 5037 -s 213996502a057ece shell dumpsys package io.appium.android.apis'
[debug] &amp#27;[35m[ADB]&amp#27;[39m 'io.appium.android.apis' is installed
[debug] &amp#27;[35m[ADB]&amp#27;[39m Getting package info for 'io.appium.android.apis'
[debug] &amp#27;[35m[ADB]&amp#27;[39m Running 'C:\Users\Admin\AppData\Local\Android\Sdk\platform-tools\adb.exe -P 5037 -s 213996502a057ece shell dumpsys package io.appium.android.apis'
[debug] &amp#27;[35m[ADB]&amp#27;[39m The version name of the installed 'io.appium.android.apis' is greater or equal to the application version name ('3.3.1' >= '3.3.1')
[debug] &amp#27;[35m[ADB]&amp#27;[39m There is no need to install/upgrade 'C:\Users\Admin\appiumProjectcicd\src\test\resources\app\ApiDemos-debug.apk'
[debug] &amp#27;[35m[UiAutomator2]&amp#27;[39m Performing shallow cleanup of automation leftovers
[debug] &amp#27;[35m[UiAutomator2]&amp#27;[39m No obsolete sessions have been detected (socket hang up)
[debug] &amp#27;[35m[ADB]&amp#27;[39m Running 'C:\Users\Admin\AppData\Local\Android\Sdk\platform-tools\adb.exe -P 5037 -s 213996502a057ece shell am force-stop io.appium.uiautomator2.server.test'
&amp#27;[35m[UiAutomator2]&amp#27;[39m Starting UIAutomator2 server 4.24.0
&amp#27;[35m[UiAutomator2]&amp#27;[39m Using UIAutomator2 server from 'C:\Users\Admin\AppData\Roaming\npm\node_modules\appium\node_modules\appium-uiautomator2-server\apks\appium-uiautomator2-server-v4.24.0.apk' and test from 'C:\Users\Admin\AppData\Roaming\npm\node_modules\appium\node_modules\appium-uiautomator2-server\apks\appium-uiautomator2-server-debug-androidTest.apk'
&amp#27;[35m[UiAutomator2]&amp#27;[39m Waiting up to 30000ms for UiAutomator2 to be online...
[debug] &amp#27;[35m[ADB]&amp#27;[39m Creating ADB subprocess with args: ["-P",5037,"-s","213996502a057ece","shell","am","instrument","-w","-e","disableAnalytics",true,"io.appium.uiautomator2.server.test/androidx.test.runner.AndroidJUnitRunner"]
[debug] &amp#27;[35m[WD Proxy]&amp#27;[39m Matched '/status' to command name 'getStatus'
[debug] &amp#27;[35m[WD Proxy]&amp#27;[39m Proxying [GET /status] to [GET http://127.0.0.1:8200/wd/hub/status] with no body
&amp#27;[35m[WD Proxy]&amp#27;[39m socket hang up
[debug] &amp#27;[35m[Instrumentation]&amp#27;[39m io.appium.uiautomator2.server.test.AppiumUiAutomator2Server:
[debug] &amp#27;[35m[WD Proxy]&amp#27;[39m Matched '/status' to command name 'getStatus'
[debug] &amp#27;[35m[WD Proxy]&amp#27;[39m Proxying [GET /status] to [GET http://127.0.0.1:8200/wd/hub/status] with no body
&amp#27;[35m[WD Proxy]&amp#27;[39m socket hang up
[debug] &amp#27;[35m[WD Proxy]&amp#27;[39m Matched '/status' to command name 'getStatus'
[debug] &amp#27;[35m[WD Proxy]&amp#27;[39m Proxying [GET /status] to [GET http://127.0.0.1:8200/wd/hub/status] with no body
&amp#27;[35m[WD Proxy]&amp#27;[39m socket hang up
[debug] &amp#27;[35m[WD Proxy]&amp#27;[39m Matched '/status' to command name 'getStatus'
[debug] &amp#27;[35m[WD Proxy]&amp#27;[39m Proxying [GET /status] to [GET http://127.0.0.1:8200/wd/hub/status] with no body
[debug] &amp#27;[35m[WD Proxy]&amp#27;[39m Got response with status 200: {"sessionId":"None","value":{"message":"UiAutomator2 Server is ready to accept commands","ready":true}}
[debug] &amp#27;[35m[UiAutomator2]&amp#27;[39m The initialization of the instrumentation process took 3207ms
[debug] &amp#27;[35m[WD Proxy]&amp#27;[39m Matched '/session' to command name 'createSession'
[debug] &amp#27;[35m[WD Proxy]&amp#27;[39m Proxying [POST /session] to [POST http://127.0.0.1:8200/wd/hub/session] with body: {"capabilities":{"firstMatch":[{"platform":"LINUX","webStorageEnabled":false,"takesScreenshot":true,"javascriptEnabled":true,"databaseEnabled":false,"networkConnectionEnabled":true,"locationContextEnabled":false,"warnings":{},"desired":{"platformName":"android","app":"C:\\Users\\Admin\\appiumProjectcicd\\src\\test\\resources\\app\\ApiDemos-debug.apk","appActivity":"io.appium.android.apis.ApiDemos","appPackage":"io.appium.android.apis","automationName":"UiAutomator2","deviceName":"Any Device Name","newCommandTimeout":60,"noReset":true},"platformName":"android","app":"C:\\Users\\Admin\\appiumProjectcicd\\src\\test\\resources\\app\\ApiDemos-debug.apk","appActivity":"io.appium.android.apis.ApiDemos","appPackage":"io.appium.android.apis","automationName":"UiAutomator2","deviceName":"213996502a057ece","newCommandTimeout":60,"noReset":true,"deviceUDID":"213996502a057ece"}],"alwaysMatch":{}}}
[debug] &amp#27;[35m[WD Proxy]&amp#27;[39m Got response with status 200: {"sessionId":"e197d40e-ce5a-4e13-8d3b-48013e2960f0","value":{"capabilities":{"firstMatch":[{"platform":"LINUX","webStorageEnabled":false,"takesScreenshot":true,"javascriptEnabled":true,"databaseEnabled":false,"networkConnectionEnabled":true,"locationContextEnabled":false,"warnings":{},"desired":{"platformName":"android","app":"C:\\Users\\Admin\\appiumProjectcicd\\src\\test\\resources\\app\\ApiDemos-debug.apk","appActivity":"io.appium.android.apis.ApiDemos","appPackage":"io.appium.android.apis","automationName":"UiAutomator2","deviceName":"Any Device Name","newCommandTimeout":60,"noReset":true},"platformName":"android","app":"C:\\Users\\Admin\\appiumProjectcicd\\src\\test\\resources\\app\\ApiDemos-debug.apk","appActivity":"io.appium.android.apis.ApiDemos","appPackage":"io.appium.android.apis","automationName":"UiAutomator2","deviceName":"213996502a057ece","newCommandTimeout":60,"noReset":true,"deviceUDID":"213996502a057ece"}],"alwaysMatch":{}},"sessionId":"e197d40e-ce5a-4e13-8d3b-48013e2960f0"}}
&amp#27;[35m[WD Proxy]&amp#27;[39m Determined the downstream protocol as 'W3C'
[debug] &amp#27;[35m[WD Proxy]&amp#27;[39m Proxying [GET /appium/device/info] to [GET http://127.0.0.1:8200/wd/hub/session/e197d40e-ce5a-4e13-8d3b-48013e2960f0/appium/device/info] with no body
[debug] &amp#27;[35m[WD Proxy]&amp#27;[39m Got response with status 200: {"sessionId":"e197d40e-ce5a-4e13-8d3b-48013e2960f0","value":{"androidId":"09c895d31ded67c0","apiVersion":"29","bluetooth":{"state":"ON"},"brand":"samsung","carrierName":"","displayDensity":480,"locale":"en_GB","manufacturer":"samsung","model":"SM-G960F","networks":[{"capabilities":{"SSID":null,"linkDownBandwidthKbps":1048576,"linkUpstreamBandwidthKbps":1048576,"networkCapabilities":"NET_CAPABILITY_NOT_METERED,NET_CAPABILITY_INTERNET,NET_CAPABILITY_NOT_RESTRICTED,NET_CAPABILITY_TRUSTED,NET_CAPABILITY_NOT_VPN,NET_CAPABILITY_VALIDATED,NET_CAPABILITY_NOT_ROAMING,NET_CAPABILITY_FOREGROUND,NET_CAPABILITY_NOT_CONGESTED,NET_CAPABILITY_NOT_SUSPENDED","signalStrength":-52,"transportTypes":"TRANSPORT_WIFI"},"detailedState":"CONNECTED","extraInfo":null,"isAvailable":true,"isConnected":true,"isFailover":false,"isRoaming":false,"state":"CONNECTED","subtype":0,"subtypeName":"","type":1,"typeName":"WIFI"}],"platformVersion":"10","realDisplaySize":"1080x2220","timeZone":"Asia/Kolkata"}}
[debug] &amp#27;[35m[ADB]&amp#27;[39m Running 'C:\Users\Admin\AppData\Local\Android\Sdk\platform-tools\adb.exe -P 5037 -s 213996502a057ece shell dumpsys window'
&amp#27;[35m[AndroidDriver]&amp#27;[39m Screen already unlocked, doing nothing
&amp#27;[35m[UiAutomator2]&amp#27;[39m Starting 'io.appium.android.apis/io.appium.android.apis.ApiDemos and waiting for 'io.appium.android.apis/io.appium.android.apis.ApiDemos'
[debug] &amp#27;[35m[ADB]&amp#27;[39m Running 'C:\Users\Admin\AppData\Local\Android\Sdk\platform-tools\adb.exe -P 5037 -s 213996502a057ece shell am start -W -n io.appium.android.apis/io.appium.android.apis.ApiDemos -S -a android.intent.action.MAIN -c android.intent.category.LAUNCHER -f 0x10200000'
[debug] &amp#27;[35m[WD Proxy]&amp#27;[39m Proxying [GET /appium/device/pixel_ratio] to [GET http://127.0.0.1:8200/wd/hub/session/e197d40e-ce5a-4e13-8d3b-48013e2960f0/appium/device/pixel_ratio] with no body
[debug] &amp#27;[35m[WD Proxy]&amp#27;[39m Got response with status 200: {"sessionId":"e197d40e-ce5a-4e13-8d3b-48013e2960f0","value":3}
[debug] &amp#27;[35m[WD Proxy]&amp#27;[39m Matched '/appium/device/system_bars' to command name 'getSystemBars'
[debug] &amp#27;[35m[WD Proxy]&amp#27;[39m Proxying [GET /appium/device/system_bars] to [GET http://127.0.0.1:8200/wd/hub/session/e197d40e-ce5a-4e13-8d3b-48013e2960f0/appium/device/system_bars] with no body
[debug] &amp#27;[35m[WD Proxy]&amp#27;[39m Got response with status 200: {"sessionId":"e197d40e-ce5a-4e13-8d3b-48013e2960f0","value":{"statusBar":72}}
[debug] &amp#27;[35m[WD Proxy]&amp#27;[39m Matched '/window/current/size' to command name 'getWindowSize'
[debug] &amp#27;[35m[WD Proxy]&amp#27;[39m Proxying [GET /window/current/size] to [GET http://127.0.0.1:8200/wd/hub/session/e197d40e-ce5a-4e13-8d3b-48013e2960f0/window/current/size] with no body
[debug] &amp#27;[35m[WD Proxy]&amp#27;[39m Got response with status 200: {"sessionId":"e197d40e-ce5a-4e13-8d3b-48013e2960f0","value":{"height":2076,"width":1080}}
&amp#27;[35m[Appium]&amp#27;[39m New AndroidUiautomator2Driver session created successfully, session b3dacd11-d15d-49b3-9b92-90ebc76c94ca added to master session list
[debug] &amp#27;[35m[BaseDriver]&amp#27;[39m Event 'newSessionStarted' logged at 1642511491186 (18:41:31 GMT+0530 (India Standard Time))
[debug] &amp#27;[35m[W3C (b3dacd11)]&amp#27;[39m Cached the protocol value 'W3C' for the new session b3dacd11-d15d-49b3-9b92-90ebc76c94ca
[debug] &amp#27;[35m[W3C (b3dacd11)]&amp#27;[39m Responding to client with driver.createSession() result: {"capabilities":{"platform":"LINUX","webStorageEnabled":false,"takesScreenshot":true,"javascriptEnabled":true,"databaseEnabled":false,"networkConnectionEnabled":true,"locationContextEnabled":false,"warnings":{},"desired":{"platformName":"android","app":"C:\\Users\\Admin\\appiumProjectcicd\\src\\test\\resources\\app\\ApiDemos-debug.apk","appActivity":"io.appium.android.apis.ApiDemos","appPackage":"io.appium.android.apis","automationName":"UiAutomator2","deviceName":"Any Device Name","newCommandTimeout":60,"noReset":true},"platformName":"android","app":"C:\\Users\\Admin\\appiumProjectcicd\\src\\test\\resources\\app\\ApiDemos-debug.apk","appActivity":"io.appium.android.apis.ApiDemos","appPackage":"io.appium.android.apis","automationName":"UiAutomator2","deviceName":"213996502a057ece","newCommandTimeout":60,"noReset":true,"deviceUDID":"213996502a057ece","deviceApiLevel":29,"platformVersion":"10","deviceScreenSize":"1080x2220","deviceScreenDensity":480,"deviceModel":"SM-G960F","deviceManufacturer":"samsung","pi...
&amp#27;[35m[HTTP]&amp#27;[39m &amp#27;[37m<-- POST /wd/hub/session &amp#27;[39m&amp#27;[32m200&amp#27;[39m &amp#27;[90m9607 ms - 1176&amp#27;[39m
&amp#27;[35m[HTTP]&amp#27;[39m &amp#27;[90m&amp#27;[39m
&amp#27;[35m[HTTP]&amp#27;[39m &amp#27;[37m-->&amp#27;[39m &amp#27;[37mGET&amp#27;[39m &amp#27;[37m/wd/hub/session/b3dacd11-d15d-49b3-9b92-90ebc76c94ca&amp#27;[39m
&amp#27;[35m[HTTP]&amp#27;[39m &amp#27;[90m{}&amp#27;[39m
[debug] &amp#27;[35m[W3C (b3dacd11)]&amp#27;[39m Calling AppiumDriver.getSession() with args: ["b3dacd11-d15d-49b3-9b92-90ebc76c94ca"]
[debug] &amp#27;[35m[UiAutomator2]&amp#27;[39m Getting session details from server to mix in
[debug] &amp#27;[35m[WD Proxy]&amp#27;[39m Matched '/' to command name 'getSession'
[debug] &amp#27;[35m[WD Proxy]&amp#27;[39m Proxying [GET /] to [GET http://127.0.0.1:8200/wd/hub/session/e197d40e-ce5a-4e13-8d3b-48013e2960f0] with no body
[debug] &amp#27;[35m[WD Proxy]&amp#27;[39m Got response with status 200: {"sessionId":"e197d40e-ce5a-4e13-8d3b-48013e2960f0","value":{"lastScrollData":null}}
[debug] &amp#27;[35m[W3C (b3dacd11)]&amp#27;[39m Responding to client with driver.getSession() result: {"platform":"LINUX","webStorageEnabled":false,"takesScreenshot":true,"javascriptEnabled":true,"databaseEnabled":false,"networkConnectionEnabled":true,"locationContextEnabled":false,"warnings":{},"desired":{"platformName":"android","app":"C:\\Users\\Admin\\appiumProjectcicd\\src\\test\\resources\\app\\ApiDemos-debug.apk","appActivity":"io.appium.android.apis.ApiDemos","appPackage":"io.appium.android.apis","automationName":"UiAutomator2","deviceName":"Any Device Name","newCommandTimeout":60,"noReset":true},"platformName":"android","app":"C:\\Users\\Admin\\appiumProjectcicd\\src\\test\\resources\\app\\ApiDemos-debug.apk","appActivity":"io.appium.android.apis.ApiDemos","appPackage":"io.appium.android.apis","automationName":"UiAutomator2","deviceName":"213996502a057ece","newCommandTimeout":60,"noReset":true,"deviceUDID":"213996502a057ece","deviceApiLevel":29,"platformVersion":"10","deviceScreenSize":"1080x2220","deviceScreenDensity":480,"deviceModel":"SM-G960F","deviceManufacturer":"samsung","pixelRatio":3,"sta...
&amp#27;[35m[HTTP]&amp#27;[39m &amp#27;[37m<-- GET /wd/hub/session/b3dacd11-d15d-49b3-9b92-90ebc76c94ca &amp#27;[39m&amp#27;[32m200&amp#27;[39m &amp#27;[90m18 ms - 1130&amp#27;[39m
&amp#27;[35m[HTTP]&amp#27;[39m &amp#27;[90m&amp#27;[39m
&amp#27;[35m[HTTP]&amp#27;[39m &amp#27;[37m-->&amp#27;[39m &amp#27;[37mGET&amp#27;[39m &amp#27;[37m/wd/hub/session/b3dacd11-d15d-49b3-9b92-90ebc76c94ca&amp#27;[39m
&amp#27;[35m[HTTP]&amp#27;[39m &amp#27;[90m{}&amp#27;[39m
[debug] &amp#27;[35m[W3C (b3dacd11)]&amp#27;[39m Calling AppiumDriver.getSession() with args: ["b3dacd11-d15d-49b3-9b92-90ebc76c94ca"]
[debug] &amp#27;[35m[UiAutomator2]&amp#27;[39m Getting session details from server to mix in
[debug] &amp#27;[35m[WD Proxy]&amp#27;[39m Matched '/' to command name 'getSession'
[debug] &amp#27;[35m[WD Proxy]&amp#27;[39m Proxying [GET /] to [GET http://127.0.0.1:8200/wd/hub/session/e197d40e-ce5a-4e13-8d3b-48013e2960f0] with no body
[debug] &amp#27;[35m[WD Proxy]&amp#27;[39m Got response with status 200: {"sessionId":"e197d40e-ce5a-4e13-8d3b-48013e2960f0","value":{"lastScrollData":null}}
[debug] &amp#27;[35m[W3C (b3dacd11)]&amp#27;[39m Responding to client with driver.getSession() result: {"platform":"LINUX","webStorageEnabled":false,"takesScreenshot":true,"javascriptEnabled":true,"databaseEnabled":false,"networkConnectionEnabled":true,"locationContextEnabled":false,"warnings":{},"desired":{"platformName":"android","app":"C:\\Users\\Admin\\appiumProjectcicd\\src\\test\\resources\\app\\ApiDemos-debug.apk","appActivity":"io.appium.android.apis.ApiDemos","appPackage":"io.appium.android.apis","automationName":"UiAutomator2","deviceName":"Any Device Name","newCommandTimeout":60,"noReset":true},"platformName":"android","app":"C:\\Users\\Admin\\appiumProjectcicd\\src\\test\\resources\\app\\ApiDemos-debug.apk","appActivity":"io.appium.android.apis.ApiDemos","appPackage":"io.appium.android.apis","automationName":"UiAutomator2","deviceName":"213996502a057ece","newCommandTimeout":60,"noReset":true,"deviceUDID":"213996502a057ece","deviceApiLevel":29,"platformVersion":"10","deviceScreenSize":"1080x2220","deviceScreenDensity":480,"deviceModel":"SM-G960F","deviceManufacturer":"samsung","pixelRatio":3,"sta...
&amp#27;[35m[HTTP]&amp#27;[39m &amp#27;[37m<-- GET /wd/hub/session/b3dacd11-d15d-49b3-9b92-90ebc76c94ca &amp#27;[39m&amp#27;[32m200&amp#27;[39m &amp#27;[90m37 ms - 1130&amp#27;[39m
&amp#27;[35m[HTTP]&amp#27;[39m &amp#27;[90m&amp#27;[39m
[INFO ] 2022-01-18 18:41:31.373 com.qa.AppBaseTest:145 - Initializing driver for native app
[INFO ] 2022-01-18 18:41:31.374 com.qa.AppBaseTest:146 - Opening Api Demo app
Api demo test before method
[INFO ] 2022-01-18 18:41:31.375 com.qa.tests.ApiDemoTest:52 - Instantiating the page object classes for ApiDemos App
&amp#27;[35m[HTTP]&amp#27;[39m &amp#27;[37m-->&amp#27;[39m &amp#27;[37mGET&amp#27;[39m &amp#27;[37m/wd/hub/session/b3dacd11-d15d-49b3-9b92-90ebc76c94ca&amp#27;[39m
&amp#27;[35m[HTTP]&amp#27;[39m &amp#27;[90m{}&amp#27;[39m
[debug] &amp#27;[35m[W3C (b3dacd11)]&amp#27;[39m Calling AppiumDriver.getSession() with args: ["b3dacd11-d15d-49b3-9b92-90ebc76c94ca"]
[debug] &amp#27;[35m[UiAutomator2]&amp#27;[39m Getting session details from server to mix in
[debug] &amp#27;[35m[WD Proxy]&amp#27;[39m Matched '/' to command name 'getSession'
[debug] &amp#27;[35m[WD Proxy]&amp#27;[39m Proxying [GET /] to [GET http://127.0.0.1:8200/wd/hub/session/e197d40e-ce5a-4e13-8d3b-48013e2960f0] with no body
[debug] &amp#27;[35m[WD Proxy]&amp#27;[39m Got response with status 200: {"sessionId":"e197d40e-ce5a-4e13-8d3b-48013e2960f0","value":{"lastScrollData":null}}
[debug] &amp#27;[35m[W3C (b3dacd11)]&amp#27;[39m Responding to client with driver.getSession() result: {"platform":"LINUX","webStorageEnabled":false,"takesScreenshot":true,"javascriptEnabled":true,"databaseEnabled":false,"networkConnectionEnabled":true,"locationContextEnabled":false,"warnings":{},"desired":{"platformName":"android","app":"C:\\Users\\Admin\\appiumProjectcicd\\src\\test\\resources\\app\\ApiDemos-debug.apk","appActivity":"io.appium.android.apis.ApiDemos","appPackage":"io.appium.android.apis","automationName":"UiAutomator2","deviceName":"Any Device Name","newCommandTimeout":60,"noReset":true},"platformName":"android","app":"C:\\Users\\Admin\\appiumProjectcicd\\src\\test\\resources\\app\\ApiDemos-debug.apk","appActivity":"io.appium.android.apis.ApiDemos","appPackage":"io.appium.android.apis","automationName":"UiAutomator2","deviceName":"213996502a057ece","newCommandTimeout":60,"noReset":true,"deviceUDID":"213996502a057ece","deviceApiLevel":29,"platformVersion":"10","deviceScreenSize":"1080x2220","deviceScreenDensity":480,"deviceModel":"SM-G960F","deviceManufacturer":"samsung","pixelRatio":3,"sta...
&amp#27;[35m[HTTP]&amp#27;[39m &amp#27;[37m<-- GET /wd/hub/session/b3dacd11-d15d-49b3-9b92-90ebc76c94ca &amp#27;[39m&amp#27;[32m200&amp#27;[39m &amp#27;[90m70 ms - 1130&amp#27;[39m
&amp#27;[35m[HTTP]&amp#27;[39m &amp#27;[90m&amp#27;[39m
&amp#27;[35m[HTTP]&amp#27;[39m &amp#27;[37m-->&amp#27;[39m &amp#27;[37mGET&amp#27;[39m &amp#27;[37m/wd/hub/session/b3dacd11-d15d-49b3-9b92-90ebc76c94ca&amp#27;[39m
&amp#27;[35m[HTTP]&amp#27;[39m &amp#27;[90m{}&amp#27;[39m
[debug] &amp#27;[35m[W3C (b3dacd11)]&amp#27;[39m Calling AppiumDriver.getSession() with args: ["b3dacd11-d15d-49b3-9b92-90ebc76c94ca"]
[debug] &amp#27;[35m[UiAutomator2]&amp#27;[39m Getting session details from server to mix in
[debug] &amp#27;[35m[WD Proxy]&amp#27;[39m Matched '/' to command name 'getSession'
[debug] &amp#27;[35m[WD Proxy]&amp#27;[39m Proxying [GET /] to [GET http://127.0.0.1:8200/wd/hub/session/e197d40e-ce5a-4e13-8d3b-48013e2960f0] with no body
[debug] &amp#27;[35m[WD Proxy]&amp#27;[39m Got response with status 200: {"sessionId":"e197d40e-ce5a-4e13-8d3b-48013e2960f0","value":{"lastScrollData":null}}
[debug] &amp#27;[35m[W3C (b3dacd11)]&amp#27;[39m Responding to client with driver.getSession() result: {"platform":"LINUX","webStorageEnabled":false,"takesScreenshot":true,"javascriptEnabled":true,"databaseEnabled":false,"networkConnectionEnabled":true,"locationContextEnabled":false,"warnings":{},"desired":{"platformName":"android","app":"C:\\Users\\Admin\\appiumProjectcicd\\src\\test\\resources\\app\\ApiDemos-debug.apk","appActivity":"io.appium.android.apis.ApiDemos","appPackage":"io.appium.android.apis","automationName":"UiAutomator2","deviceName":"Any Device Name","newCommandTimeout":60,"noReset":true},"platformName":"android","app":"C:\\Users\\Admin\\appiumProjectcicd\\src\\test\\resources\\app\\ApiDemos-debug.apk","appActivity":"io.appium.android.apis.ApiDemos","appPackage":"io.appium.android.apis","automationName":"UiAutomator2","deviceName":"213996502a057ece","newCommandTimeout":60,"noReset":true,"deviceUDID":"213996502a057ece","deviceApiLevel":29,"platformVersion":"10","deviceScreenSize":"1080x2220","deviceScreenDensity":480,"deviceModel":"SM-G960F","deviceManufacturer":"samsung","pixelRatio":3,"sta...
&amp#27;[35m[HTTP]&amp#27;[39m &amp#27;[37m<-- GET /wd/hub/session/b3dacd11-d15d-49b3-9b92-90ebc76c94ca &amp#27;[39m&amp#27;[32m200&amp#27;[39m &amp#27;[90m57 ms - 1130&amp#27;[39m
&amp#27;[35m[HTTP]&amp#27;[39m &amp#27;[90m&amp#27;[39m
&amp#27;[35m[HTTP]&amp#27;[39m &amp#27;[37m-->&amp#27;[39m &amp#27;[37mGET&amp#27;[39m &amp#27;[37m/wd/hub/session/b3dacd11-d15d-49b3-9b92-90ebc76c94ca&amp#27;[39m
&amp#27;[35m[HTTP]&amp#27;[39m &amp#27;[90m{}&amp#27;[39m
[debug] &amp#27;[35m[W3C (b3dacd11)]&amp#27;[39m Calling AppiumDriver.getSession() with args: ["b3dacd11-d15d-49b3-9b92-90ebc76c94ca"]
[debug] &amp#27;[35m[UiAutomator2]&amp#27;[39m Getting session details from server to mix in
[debug] &amp#27;[35m[WD Proxy]&amp#27;[39m Matched '/' to command name 'getSession'
[debug] &amp#27;[35m[WD Proxy]&amp#27;[39m Proxying [GET /] to [GET http://127.0.0.1:8200/wd/hub/session/e197d40e-ce5a-4e13-8d3b-48013e2960f0] with no body
[debug] &amp#27;[35m[WD Proxy]&amp#27;[39m Got response with status 200: {"sessionId":"e197d40e-ce5a-4e13-8d3b-48013e2960f0","value":{"lastScrollData":null}}
[debug] &amp#27;[35m[W3C (b3dacd11)]&amp#27;[39m Responding to client with driver.getSession() result: {"platform":"LINUX","webStorageEnabled":false,"takesScreenshot":true,"javascriptEnabled":true,"databaseEnabled":false,"networkConnectionEnabled":true,"locationContextEnabled":false,"warnings":{},"desired":{"platformName":"android","app":"C:\\Users\\Admin\\appiumProjectcicd\\src\\test\\resources\\app\\ApiDemos-debug.apk","appActivity":"io.appium.android.apis.ApiDemos","appPackage":"io.appium.android.apis","automationName":"UiAutomator2","deviceName":"Any Device Name","newCommandTimeout":60,"noReset":true},"platformName":"android","app":"C:\\Users\\Admin\\appiumProjectcicd\\src\\test\\resources\\app\\ApiDemos-debug.apk","appActivity":"io.appium.android.apis.ApiDemos","appPackage":"io.appium.android.apis","automationName":"UiAutomator2","deviceName":"213996502a057ece","newCommandTimeout":60,"noReset":true,"deviceUDID":"213996502a057ece","deviceApiLevel":29,"platformVersion":"10","deviceScreenSize":"1080x2220","deviceScreenDensity":480,"deviceModel":"SM-G960F","deviceManufacturer":"samsung","pixelRatio":3,"sta...
&amp#27;[35m[HTTP]&amp#27;[39m &amp#27;[37m<-- GET /wd/hub/session/b3dacd11-d15d-49b3-9b92-90ebc76c94ca &amp#27;[39m&amp#27;[32m200&amp#27;[39m &amp#27;[90m50 ms - 1130&amp#27;[39m
&amp#27;[35m[HTTP]&amp#27;[39m &amp#27;[90m&amp#27;[39m
&amp#27;[35m[HTTP]&amp#27;[39m &amp#27;[37m-->&amp#27;[39m &amp#27;[37mGET&amp#27;[39m &amp#27;[37m/wd/hub/session/b3dacd11-d15d-49b3-9b92-90ebc76c94ca&amp#27;[39m
&amp#27;[35m[HTTP]&amp#27;[39m &amp#27;[90m{}&amp#27;[39m
[debug] &amp#27;[35m[W3C (b3dacd11)]&amp#27;[39m Calling AppiumDriver.getSession() with args: ["b3dacd11-d15d-49b3-9b92-90ebc76c94ca"]
[debug] &amp#27;[35m[UiAutomator2]&amp#27;[39m Getting session details from server to mix in
[debug] &amp#27;[35m[WD Proxy]&amp#27;[39m Matched '/' to command name 'getSession'
[debug] &amp#27;[35m[WD Proxy]&amp#27;[39m Proxying [GET /] to [GET http://127.0.0.1:8200/wd/hub/session/e197d40e-ce5a-4e13-8d3b-48013e2960f0] with no body
[debug] &amp#27;[35m[WD Proxy]&amp#27;[39m Got response with status 200: {"sessionId":"e197d40e-ce5a-4e13-8d3b-48013e2960f0","value":{"lastScrollData":null}}
[debug] &amp#27;[35m[W3C (b3dacd11)]&amp#27;[39m Responding to client with driver.getSession() result: {"platform":"LINUX","webStorageEnabled":false,"takesScreenshot":true,"javascriptEnabled":true,"databaseEnabled":false,"networkConnectionEnabled":true,"locationContextEnabled":false,"warnings":{},"desired":{"platformName":"android","app":"C:\\Users\\Admin\\appiumProjectcicd\\src\\test\\resources\\app\\ApiDemos-debug.apk","appActivity":"io.appium.android.apis.ApiDemos","appPackage":"io.appium.android.apis","automationName":"UiAutomator2","deviceName":"Any Device Name","newCommandTimeout":60,"noReset":true},"platformName":"android","app":"C:\\Users\\Admin\\appiumProjectcicd\\src\\test\\resources\\app\\ApiDemos-debug.apk","appActivity":"io.appium.android.apis.ApiDemos","appPackage":"io.appium.android.apis","automationName":"UiAutomator2","deviceName":"213996502a057ece","newCommandTimeout":60,"noReset":true,"deviceUDID":"213996502a057ece","deviceApiLevel":29,"platformVersion":"10","deviceScreenSize":"1080x2220","deviceScreenDensity":480,"deviceModel":"SM-G960F","deviceManufacturer":"samsung","pixelRatio":3,"sta...
&amp#27;[35m[HTTP]&amp#27;[39m &amp#27;[37m<-- GET /wd/hub/session/b3dacd11-d15d-49b3-9b92-90ebc76c94ca &amp#27;[39m&amp#27;[32m200&amp#27;[39m &amp#27;[90m38 ms - 1130&amp#27;[39m
&amp#27;[35m[HTTP]&amp#27;[39m &amp#27;[90m&amp#27;[39m
&amp#27;[35m[HTTP]&amp#27;[39m &amp#27;[37m-->&amp#27;[39m &amp#27;[37mGET&amp#27;[39m &amp#27;[37m/wd/hub/session/b3dacd11-d15d-49b3-9b92-90ebc76c94ca&amp#27;[39m
&amp#27;[35m[HTTP]&amp#27;[39m &amp#27;[90m{}&amp#27;[39m
[debug] &amp#27;[35m[W3C (b3dacd11)]&amp#27;[39m Calling AppiumDriver.getSession() with args: ["b3dacd11-d15d-49b3-9b92-90ebc76c94ca"]
[debug] &amp#27;[35m[UiAutomator2]&amp#27;[39m Getting session details from server to mix in
[debug] &amp#27;[35m[WD Proxy]&amp#27;[39m Matched '/' to command name 'getSession'
[debug] &amp#27;[35m[WD Proxy]&amp#27;[39m Proxying [GET /] to [GET http://127.0.0.1:8200/wd/hub/session/e197d40e-ce5a-4e13-8d3b-48013e2960f0] with no body
[debug] &amp#27;[35m[WD Proxy]&amp#27;[39m Got response with status 200: {"sessionId":"e197d40e-ce5a-4e13-8d3b-48013e2960f0","value":{"lastScrollData":null}}
[debug] &amp#27;[35m[W3C (b3dacd11)]&amp#27;[39m Responding to client with driver.getSession() result: {"platform":"LINUX","webStorageEnabled":false,"takesScreenshot":true,"javascriptEnabled":true,"databaseEnabled":false,"networkConnectionEnabled":true,"locationContextEnabled":false,"warnings":{},"desired":{"platformName":"android","app":"C:\\Users\\Admin\\appiumProjectcicd\\src\\test\\resources\\app\\ApiDemos-debug.apk","appActivity":"io.appium.android.apis.ApiDemos","appPackage":"io.appium.android.apis","automationName":"UiAutomator2","deviceName":"Any Device Name","newCommandTimeout":60,"noReset":true},"platformName":"android","app":"C:\\Users\\Admin\\appiumProjectcicd\\src\\test\\resources\\app\\ApiDemos-debug.apk","appActivity":"io.appium.android.apis.ApiDemos","appPackage":"io.appium.android.apis","automationName":"UiAutomator2","deviceName":"213996502a057ece","newCommandTimeout":60,"noReset":true,"deviceUDID":"213996502a057ece","deviceApiLevel":29,"platformVersion":"10","deviceScreenSize":"1080x2220","deviceScreenDensity":480,"deviceModel":"SM-G960F","deviceManufacturer":"samsung","pixelRatio":3,"sta...
&amp#27;[35m[HTTP]&amp#27;[39m &amp#27;[37m<-- GET /wd/hub/session/b3dacd11-d15d-49b3-9b92-90ebc76c94ca &amp#27;[39m&amp#27;[32m200&amp#27;[39m &amp#27;[90m44 ms - 1130&amp#27;[39m
&amp#27;[35m[HTTP]&amp#27;[39m &amp#27;[90m&amp#27;[39m
&amp#27;[35m[HTTP]&amp#27;[39m &amp#27;[37m-->&amp#27;[39m &amp#27;[37mGET&amp#27;[39m &amp#27;[37m/wd/hub/session/b3dacd11-d15d-49b3-9b92-90ebc76c94ca&amp#27;[39m
&amp#27;[35m[HTTP]&amp#27;[39m &amp#27;[90m{}&amp#27;[39m
[debug] &amp#27;[35m[W3C (b3dacd11)]&amp#27;[39m Calling AppiumDriver.getSession() with args: ["b3dacd11-d15d-49b3-9b92-90ebc76c94ca"]
[debug] &amp#27;[35m[UiAutomator2]&amp#27;[39m Getting session details from server to mix in
[debug] &amp#27;[35m[WD Proxy]&amp#27;[39m Matched '/' to command name 'getSession'
[debug] &amp#27;[35m[WD Proxy]&amp#27;[39m Proxying [GET /] to [GET http://127.0.0.1:8200/wd/hub/session/e197d40e-ce5a-4e13-8d3b-48013e2960f0] with no body
[debug] &amp#27;[35m[WD Proxy]&amp#27;[39m Got response with status 200: {"sessionId":"e197d40e-ce5a-4e13-8d3b-48013e2960f0","value":{"lastScrollData":null}}
[debug] &amp#27;[35m[W3C (b3dacd11)]&amp#27;[39m Responding to client with driver.getSession() result: {"platform":"LINUX","webStorageEnabled":false,"takesScreenshot":true,"javascriptEnabled":true,"databaseEnabled":false,"networkConnectionEnabled":true,"locationContextEnabled":false,"warnings":{},"desired":{"platformName":"android","app":"C:\\Users\\Admin\\appiumProjectcicd\\src\\test\\resources\\app\\ApiDemos-debug.apk","appActivity":"io.appium.android.apis.ApiDemos","appPackage":"io.appium.android.apis","automationName":"UiAutomator2","deviceName":"Any Device Name","newCommandTimeout":60,"noReset":true},"platformName":"android","app":"C:\\Users\\Admin\\appiumProjectcicd\\src\\test\\resources\\app\\ApiDemos-debug.apk","appActivity":"io.appium.android.apis.ApiDemos","appPackage":"io.appium.android.apis","automationName":"UiAutomator2","deviceName":"213996502a057ece","newCommandTimeout":60,"noReset":true,"deviceUDID":"213996502a057ece","deviceApiLevel":29,"platformVersion":"10","deviceScreenSize":"1080x2220","deviceScreenDensity":480,"deviceModel":"SM-G960F","deviceManufacturer":"samsung","pixelRatio":3,"sta...
&amp#27;[35m[HTTP]&amp#27;[39m &amp#27;[37m<-- GET /wd/hub/session/b3dacd11-d15d-49b3-9b92-90ebc76c94ca &amp#27;[39m&amp#27;[32m200&amp#27;[39m &amp#27;[90m42 ms - 1130&amp#27;[39m
&amp#27;[35m[HTTP]&amp#27;[39m &amp#27;[90m&amp#27;[39m
&amp#27;[35m[HTTP]&amp#27;[39m &amp#27;[37m-->&amp#27;[39m &amp#27;[37mGET&amp#27;[39m &amp#27;[37m/wd/hub/session/b3dacd11-d15d-49b3-9b92-90ebc76c94ca&amp#27;[39m
&amp#27;[35m[HTTP]&amp#27;[39m &amp#27;[90m{}&amp#27;[39m
[debug] &amp#27;[35m[W3C (b3dacd11)]&amp#27;[39m Calling AppiumDriver.getSession() with args: ["b3dacd11-d15d-49b3-9b92-90ebc76c94ca"]
[debug] &amp#27;[35m[UiAutomator2]&amp#27;[39m Getting session details from server to mix in
[debug] &amp#27;[35m[WD Proxy]&amp#27;[39m Matched '/' to command name 'getSession'
[debug] &amp#27;[35m[WD Proxy]&amp#27;[39m Proxying [GET /] to [GET http://127.0.0.1:8200/wd/hub/session/e197d40e-ce5a-4e13-8d3b-48013e2960f0] with no body
[debug] &amp#27;[35m[WD Proxy]&amp#27;[39m Got response with status 200: {"sessionId":"e197d40e-ce5a-4e13-8d3b-48013e2960f0","value":{"lastScrollData":null}}
[debug] &amp#27;[35m[W3C (b3dacd11)]&amp#27;[39m Responding to client with driver.getSession() result: {"platform":"LINUX","webStorageEnabled":false,"takesScreenshot":true,"javascriptEnabled":true,"databaseEnabled":false,"networkConnectionEnabled":true,"locationContextEnabled":false,"warnings":{},"desired":{"platformName":"android","app":"C:\\Users\\Admin\\appiumProjectcicd\\src\\test\\resources\\app\\ApiDemos-debug.apk","appActivity":"io.appium.android.apis.ApiDemos","appPackage":"io.appium.android.apis","automationName":"UiAutomator2","deviceName":"Any Device Name","newCommandTimeout":60,"noReset":true},"platformName":"android","app":"C:\\Users\\Admin\\appiumProjectcicd\\src\\test\\resources\\app\\ApiDemos-debug.apk","appActivity":"io.appium.android.apis.ApiDemos","appPackage":"io.appium.android.apis","automationName":"UiAutomator2","deviceName":"213996502a057ece","newCommandTimeout":60,"noReset":true,"deviceUDID":"213996502a057ece","deviceApiLevel":29,"platformVersion":"10","deviceScreenSize":"1080x2220","deviceScreenDensity":480,"deviceModel":"SM-G960F","deviceManufacturer":"samsung","pixelRatio":3,"sta...
&amp#27;[35m[HTTP]&amp#27;[39m &amp#27;[37m<-- GET /wd/hub/session/b3dacd11-d15d-49b3-9b92-90ebc76c94ca &amp#27;[39m&amp#27;[32m200&amp#27;[39m &amp#27;[90m34 ms - 1130&amp#27;[39m
&amp#27;[35m[HTTP]&amp#27;[39m &amp#27;[90m&amp#27;[39m
&amp#27;[35m[HTTP]&amp#27;[39m &amp#27;[37m-->&amp#27;[39m &amp#27;[37mGET&amp#27;[39m &amp#27;[37m/wd/hub/session/b3dacd11-d15d-49b3-9b92-90ebc76c94ca&amp#27;[39m
&amp#27;[35m[HTTP]&amp#27;[39m &amp#27;[90m{}&amp#27;[39m
[debug] &amp#27;[35m[W3C (b3dacd11)]&amp#27;[39m Calling AppiumDriver.getSession() with args: ["b3dacd11-d15d-49b3-9b92-90ebc76c94ca"]
[debug] &amp#27;[35m[UiAutomator2]&amp#27;[39m Getting session details from server to mix in
[debug] &amp#27;[35m[WD Proxy]&amp#27;[39m Matched '/' to command name 'getSession'
[debug] &amp#27;[35m[WD Proxy]&amp#27;[39m Proxying [GET /] to [GET http://127.0.0.1:8200/wd/hub/session/e197d40e-ce5a-4e13-8d3b-48013e2960f0] with no body
[debug] &amp#27;[35m[WD Proxy]&amp#27;[39m Got response with status 200: {"sessionId":"e197d40e-ce5a-4e13-8d3b-48013e2960f0","value":{"lastScrollData":null}}
[debug] &amp#27;[35m[W3C (b3dacd11)]&amp#27;[39m Responding to client with driver.getSession() result: {"platform":"LINUX","webStorageEnabled":false,"takesScreenshot":true,"javascriptEnabled":true,"databaseEnabled":false,"networkConnectionEnabled":true,"locationContextEnabled":false,"warnings":{},"desired":{"platformName":"android","app":"C:\\Users\\Admin\\appiumProjectcicd\\src\\test\\resources\\app\\ApiDemos-debug.apk","appActivity":"io.appium.android.apis.ApiDemos","appPackage":"io.appium.android.apis","automationName":"UiAutomator2","deviceName":"Any Device Name","newCommandTimeout":60,"noReset":true},"platformName":"android","app":"C:\\Users\\Admin\\appiumProjectcicd\\src\\test\\resources\\app\\ApiDemos-debug.apk","appActivity":"io.appium.android.apis.ApiDemos","appPackage":"io.appium.android.apis","automationName":"UiAutomator2","deviceName":"213996502a057ece","newCommandTimeout":60,"noReset":true,"deviceUDID":"213996502a057ece","deviceApiLevel":29,"platformVersion":"10","deviceScreenSize":"1080x2220","deviceScreenDensity":480,"deviceModel":"SM-G960F","deviceManufacturer":"samsung","pixelRatio":3,"sta...
&amp#27;[35m[HTTP]&amp#27;[39m &amp#27;[37m<-- GET /wd/hub/session/b3dacd11-d15d-49b3-9b92-90ebc76c94ca &amp#27;[39m&amp#27;[32m200&amp#27;[39m &amp#27;[90m24 ms - 1130&amp#27;[39m
&amp#27;[35m[HTTP]&amp#27;[39m &amp#27;[90m&amp#27;[39m
&amp#27;[35m[HTTP]&amp#27;[39m &amp#27;[37m-->&amp#27;[39m &amp#27;[37mGET&amp#27;[39m &amp#27;[37m/wd/hub/session/b3dacd11-d15d-49b3-9b92-90ebc76c94ca&amp#27;[39m
&amp#27;[35m[HTTP]&amp#27;[39m &amp#27;[90m{}&amp#27;[39m
[debug] &amp#27;[35m[W3C (b3dacd11)]&amp#27;[39m Calling AppiumDriver.getSession() with args: ["b3dacd11-d15d-49b3-9b92-90ebc76c94ca"]
[debug] &amp#27;[35m[UiAutomator2]&amp#27;[39m Getting session details from server to mix in
[debug] &amp#27;[35m[WD Proxy]&amp#27;[39m Matched '/' to command name 'getSession'
[debug] &amp#27;[35m[WD Proxy]&amp#27;[39m Proxying [GET /] to [GET http://127.0.0.1:8200/wd/hub/session/e197d40e-ce5a-4e13-8d3b-48013e2960f0] with no body
[debug] &amp#27;[35m[WD Proxy]&amp#27;[39m Got response with status 200: {"sessionId":"e197d40e-ce5a-4e13-8d3b-48013e2960f0","value":{"lastScrollData":null}}
[debug] &amp#27;[35m[W3C (b3dacd11)]&amp#27;[39m Responding to client with driver.getSession() result: {"platform":"LINUX","webStorageEnabled":false,"takesScreenshot":true,"javascriptEnabled":true,"databaseEnabled":false,"networkConnectionEnabled":true,"locationContextEnabled":false,"warnings":{},"desired":{"platformName":"android","app":"C:\\Users\\Admin\\appiumProjectcicd\\src\\test\\resources\\app\\ApiDemos-debug.apk","appActivity":"io.appium.android.apis.ApiDemos","appPackage":"io.appium.android.apis","automationName":"UiAutomator2","deviceName":"Any Device Name","newCommandTimeout":60,"noReset":true},"platformName":"android","app":"C:\\Users\\Admin\\appiumProjectcicd\\src\\test\\resources\\app\\ApiDemos-debug.apk","appActivity":"io.appium.android.apis.ApiDemos","appPackage":"io.appium.android.apis","automationName":"UiAutomator2","deviceName":"213996502a057ece","newCommandTimeout":60,"noReset":true,"deviceUDID":"213996502a057ece","deviceApiLevel":29,"platformVersion":"10","deviceScreenSize":"1080x2220","deviceScreenDensity":480,"deviceModel":"SM-G960F","deviceManufacturer":"samsung","pixelRatio":3,"sta...
&amp#27;[35m[HTTP]&amp#27;[39m &amp#27;[37m<-- GET /wd/hub/session/b3dacd11-d15d-49b3-9b92-90ebc76c94ca &amp#27;[39m&amp#27;[32m200&amp#27;[39m &amp#27;[90m22 ms - 1130&amp#27;[39m
&amp#27;[35m[HTTP]&amp#27;[39m &amp#27;[90m&amp#27;[39m
&amp#27;[35m[HTTP]&amp#27;[39m &amp#27;[37m-->&amp#27;[39m &amp#27;[37mGET&amp#27;[39m &amp#27;[37m/wd/hub/session/b3dacd11-d15d-49b3-9b92-90ebc76c94ca&amp#27;[39m
&amp#27;[35m[HTTP]&amp#27;[39m &amp#27;[90m{}&amp#27;[39m
[debug] &amp#27;[35m[W3C (b3dacd11)]&amp#27;[39m Calling AppiumDriver.getSession() with args: ["b3dacd11-d15d-49b3-9b92-90ebc76c94ca"]
[debug] &amp#27;[35m[UiAutomator2]&amp#27;[39m Getting session details from server to mix in
[debug] &amp#27;[35m[WD Proxy]&amp#27;[39m Matched '/' to command name 'getSession'
[debug] &amp#27;[35m[WD Proxy]&amp#27;[39m Proxying [GET /] to [GET http://127.0.0.1:8200/wd/hub/session/e197d40e-ce5a-4e13-8d3b-48013e2960f0] with no body
[debug] &amp#27;[35m[WD Proxy]&amp#27;[39m Got response with status 200: {"sessionId":"e197d40e-ce5a-4e13-8d3b-48013e2960f0","value":{"lastScrollData":null}}
[debug] &amp#27;[35m[W3C (b3dacd11)]&amp#27;[39m Responding to client with driver.getSession() result: {"platform":"LINUX","webStorageEnabled":false,"takesScreenshot":true,"javascriptEnabled":true,"databaseEnabled":false,"networkConnectionEnabled":true,"locationContextEnabled":false,"warnings":{},"desired":{"platformName":"android","app":"C:\\Users\\Admin\\appiumProjectcicd\\src\\test\\resources\\app\\ApiDemos-debug.apk","appActivity":"io.appium.android.apis.ApiDemos","appPackage":"io.appium.android.apis","automationName":"UiAutomator2","deviceName":"Any Device Name","newCommandTimeout":60,"noReset":true},"platformName":"android","app":"C:\\Users\\Admin\\appiumProjectcicd\\src\\test\\resources\\app\\ApiDemos-debug.apk","appActivity":"io.appium.android.apis.ApiDemos","appPackage":"io.appium.android.apis","automationName":"UiAutomator2","deviceName":"213996502a057ece","newCommandTimeout":60,"noReset":true,"deviceUDID":"213996502a057ece","deviceApiLevel":29,"platformVersion":"10","deviceScreenSize":"1080x2220","deviceScreenDensity":480,"deviceModel":"SM-G960F","deviceManufacturer":"samsung","pixelRatio":3,"sta...
&amp#27;[35m[HTTP]&amp#27;[39m &amp#27;[37m<-- GET /wd/hub/session/b3dacd11-d15d-49b3-9b92-90ebc76c94ca &amp#27;[39m&amp#27;[32m200&amp#27;[39m &amp#27;[90m28 ms - 1130&amp#27;[39m
&amp#27;[35m[HTTP]&amp#27;[39m &amp#27;[90m&amp#27;[39m
&amp#27;[35m[HTTP]&amp#27;[39m &amp#27;[37m-->&amp#27;[39m &amp#27;[37mGET&amp#27;[39m &amp#27;[37m/wd/hub/session/b3dacd11-d15d-49b3-9b92-90ebc76c94ca&amp#27;[39m
&amp#27;[35m[HTTP]&amp#27;[39m &amp#27;[90m{}&amp#27;[39m
[debug] &amp#27;[35m[W3C (b3dacd11)]&amp#27;[39m Calling AppiumDriver.getSession() with args: ["b3dacd11-d15d-49b3-9b92-90ebc76c94ca"]
[debug] &amp#27;[35m[UiAutomator2]&amp#27;[39m Getting session details from server to mix in
[debug] &amp#27;[35m[WD Proxy]&amp#27;[39m Matched '/' to command name 'getSession'
[debug] &amp#27;[35m[WD Proxy]&amp#27;[39m Proxying [GET /] to [GET http://127.0.0.1:8200/wd/hub/session/e197d40e-ce5a-4e13-8d3b-48013e2960f0] with no body
[debug] &amp#27;[35m[WD Proxy]&amp#27;[39m Got response with status 200: {"sessionId":"e197d40e-ce5a-4e13-8d3b-48013e2960f0","value":{"lastScrollData":null}}
[debug] &amp#27;[35m[W3C (b3dacd11)]&amp#27;[39m Responding to client with driver.getSession() result: {"platform":"LINUX","webStorageEnabled":false,"takesScreenshot":true,"javascriptEnabled":true,"databaseEnabled":false,"networkConnectionEnabled":true,"locationContextEnabled":false,"warnings":{},"desired":{"platformName":"android","app":"C:\\Users\\Admin\\appiumProjectcicd\\src\\test\\resources\\app\\ApiDemos-debug.apk","appActivity":"io.appium.android.apis.ApiDemos","appPackage":"io.appium.android.apis","automationName":"UiAutomator2","deviceName":"Any Device Name","newCommandTimeout":60,"noReset":true},"platformName":"android","app":"C:\\Users\\Admin\\appiumProjectcicd\\src\\test\\resources\\app\\ApiDemos-debug.apk","appActivity":"io.appium.android.apis.ApiDemos","appPackage":"io.appium.android.apis","automationName":"UiAutomator2","deviceName":"213996502a057ece","newCommandTimeout":60,"noReset":true,"deviceUDID":"213996502a057ece","deviceApiLevel":29,"platformVersion":"10","deviceScreenSize":"1080x2220","deviceScreenDensity":480,"deviceModel":"SM-G960F","deviceManufacturer":"samsung","pixelRatio":3,"sta...
&amp#27;[35m[HTTP]&amp#27;[39m &amp#27;[37m<-- GET /wd/hub/session/b3dacd11-d15d-49b3-9b92-90ebc76c94ca &amp#27;[39m&amp#27;[32m200&amp#27;[39m &amp#27;[90m35 ms - 1130&amp#27;[39m
&amp#27;[35m[HTTP]&amp#27;[39m &amp#27;[90m&amp#27;[39m
&amp#27;[35m[HTTP]&amp#27;[39m &amp#27;[37m-->&amp#27;[39m &amp#27;[37mPOST&amp#27;[39m &amp#27;[37m/wd/hub/session/b3dacd11-d15d-49b3-9b92-90ebc76c94ca/element&amp#27;[39m
&amp#27;[35m[HTTP]&amp#27;[39m &amp#27;[90m{"using":"accessibility id","value":"Views"}&amp#27;[39m
[debug] &amp#27;[35m[W3C (b3dacd11)]&amp#27;[39m Calling AppiumDriver.findElement() with args: ["accessibility id","Views","b3dacd11-d15d-49b3-9b92-90ebc76c94ca"]
[debug] &amp#27;[35m[BaseDriver]&amp#27;[39m Valid locator strategies for this request: xpath, id, class name, accessibility id, css selector, -android uiautomator
[debug] &amp#27;[35m[BaseDriver]&amp#27;[39m Waiting up to 0 ms for condition
[debug] &amp#27;[35m[WD Proxy]&amp#27;[39m Matched '/element' to command name 'findElement'
[debug] &amp#27;[35m[WD Proxy]&amp#27;[39m Proxying [POST /element] to [POST http://127.0.0.1:8200/wd/hub/session/e197d40e-ce5a-4e13-8d3b-48013e2960f0/element] with body: {"strategy":"accessibility id","selector":"Views","context":"","multiple":false}
[debug] &amp#27;[35m[WD Proxy]&amp#27;[39m Got response with status 200: {"sessionId":"e197d40e-ce5a-4e13-8d3b-48013e2960f0","value":{"ELEMENT":"00000000-0000-002e-ffff-ffff00000014","element-6066-11e4-a52e-4f735466cecf":"00000000-0000-002e-ffff-ffff00000014"}}
[debug] &amp#27;[35m[W3C (b3dacd11)]&amp#27;[39m Responding to client with driver.findElement() result: {"element-6066-11e4-a52e-4f735466cecf":"00000000-0000-002e-ffff-ffff00000014","ELEMENT":"00000000-0000-002e-ffff-ffff00000014"}
&amp#27;[35m[HTTP]&amp#27;[39m &amp#27;[37m<-- POST /wd/hub/session/b3dacd11-d15d-49b3-9b92-90ebc76c94ca/element &amp#27;[39m&amp#27;[32m200&amp#27;[39m &amp#27;[90m181 ms - 137&amp#27;[39m
&amp#27;[35m[HTTP]&amp#27;[39m &amp#27;[90m&amp#27;[39m
&amp#27;[35m[HTTP]&amp#27;[39m &amp#27;[37m-->&amp#27;[39m &amp#27;[37mGET&amp#27;[39m &amp#27;[37m/wd/hub/session/b3dacd11-d15d-49b3-9b92-90ebc76c94ca/element/00000000-0000-002e-ffff-ffff00000014/displayed&amp#27;[39m
&amp#27;[35m[HTTP]&amp#27;[39m &amp#27;[90m{}&amp#27;[39m
[debug] &amp#27;[35m[W3C (b3dacd11)]&amp#27;[39m Calling AppiumDriver.elementDisplayed() with args: ["00000000-0000-002e-ffff-ffff00000014","b3dacd11-d15d-49b3-9b92-90ebc76c94ca"]
[debug] &amp#27;[35m[WD Proxy]&amp#27;[39m Matched '/element/00000000-0000-002e-ffff-ffff00000014/attribute/displayed' to command name 'getAttribute'
[debug] &amp#27;[35m[WD Proxy]&amp#27;[39m Proxying [GET /element/00000000-0000-002e-ffff-ffff00000014/attribute/displayed] to [GET http://127.0.0.1:8200/wd/hub/session/e197d40e-ce5a-4e13-8d3b-48013e2960f0/element/00000000-0000-002e-ffff-ffff00000014/attribute/displayed] with no body
[debug] &amp#27;[35m[WD Proxy]&amp#27;[39m Got response with status 200: {"sessionId":"e197d40e-ce5a-4e13-8d3b-48013e2960f0","value":"true"}
[debug] &amp#27;[35m[W3C (b3dacd11)]&amp#27;[39m Responding to client with driver.elementDisplayed() result: true
&amp#27;[35m[HTTP]&amp#27;[39m &amp#27;[37m<-- GET /wd/hub/session/b3dacd11-d15d-49b3-9b92-90ebc76c94ca/element/00000000-0000-002e-ffff-ffff00000014/displayed &amp#27;[39m&amp#27;[32m200&amp#27;[39m &amp#27;[90m65 ms - 14&amp#27;[39m
&amp#27;[35m[HTTP]&amp#27;[39m &amp#27;[90m&amp#27;[39m
[INFO ] 2022-01-18 18:41:32.423 com.qa.AppBaseTest:191 - Clicking on Views
&amp#27;[35m[HTTP]&amp#27;[39m &amp#27;[37m-->&amp#27;[39m &amp#27;[37mGET&amp#27;[39m &amp#27;[37m/wd/hub/session/b3dacd11-d15d-49b3-9b92-90ebc76c94ca&amp#27;[39m
&amp#27;[35m[HTTP]&amp#27;[39m &amp#27;[90m{}&amp#27;[39m
[debug] &amp#27;[35m[W3C (b3dacd11)]&amp#27;[39m Calling AppiumDriver.getSession() with args: ["b3dacd11-d15d-49b3-9b92-90ebc76c94ca"]
[debug] &amp#27;[35m[UiAutomator2]&amp#27;[39m Getting session details from server to mix in
[debug] &amp#27;[35m[WD Proxy]&amp#27;[39m Matched '/' to command name 'getSession'
[debug] &amp#27;[35m[WD Proxy]&amp#27;[39m Proxying [GET /] to [GET http://127.0.0.1:8200/wd/hub/session/e197d40e-ce5a-4e13-8d3b-48013e2960f0] with no body
[debug] &amp#27;[35m[WD Proxy]&amp#27;[39m Got response with status 200: {"sessionId":"e197d40e-ce5a-4e13-8d3b-48013e2960f0","value":{"lastScrollData":null}}
[debug] &amp#27;[35m[W3C (b3dacd11)]&amp#27;[39m Responding to client with driver.getSession() result: {"platform":"LINUX","webStorageEnabled":false,"takesScreenshot":true,"javascriptEnabled":true,"databaseEnabled":false,"networkConnectionEnabled":true,"locationContextEnabled":false,"warnings":{},"desired":{"platformName":"android","app":"C:\\Users\\Admin\\appiumProjectcicd\\src\\test\\resources\\app\\ApiDemos-debug.apk","appActivity":"io.appium.android.apis.ApiDemos","appPackage":"io.appium.android.apis","automationName":"UiAutomator2","deviceName":"Any Device Name","newCommandTimeout":60,"noReset":true},"platformName":"android","app":"C:\\Users\\Admin\\appiumProjectcicd\\src\\test\\resources\\app\\ApiDemos-debug.apk","appActivity":"io.appium.android.apis.ApiDemos","appPackage":"io.appium.android.apis","automationName":"UiAutomator2","deviceName":"213996502a057ece","newCommandTimeout":60,"noReset":true,"deviceUDID":"213996502a057ece","deviceApiLevel":29,"platformVersion":"10","deviceScreenSize":"1080x2220","deviceScreenDensity":480,"deviceModel":"SM-G960F","deviceManufacturer":"samsung","pixelRatio":3,"sta...
&amp#27;[35m[HTTP]&amp#27;[39m &amp#27;[37m<-- GET /wd/hub/session/b3dacd11-d15d-49b3-9b92-90ebc76c94ca &amp#27;[39m&amp#27;[32m200&amp#27;[39m &amp#27;[90m34 ms - 1130&amp#27;[39m
&amp#27;[35m[HTTP]&amp#27;[39m &amp#27;[90m&amp#27;[39m
&amp#27;[35m[HTTP]&amp#27;[39m &amp#27;[37m-->&amp#27;[39m &amp#27;[37mPOST&amp#27;[39m &amp#27;[37m/wd/hub/session/b3dacd11-d15d-49b3-9b92-90ebc76c94ca/element&amp#27;[39m
&amp#27;[35m[HTTP]&amp#27;[39m &amp#27;[90m{"using":"accessibility id","value":"Views"}&amp#27;[39m
[debug] &amp#27;[35m[W3C (b3dacd11)]&amp#27;[39m Calling AppiumDriver.findElement() with args: ["accessibility id","Views","b3dacd11-d15d-49b3-9b92-90ebc76c94ca"]
[debug] &amp#27;[35m[BaseDriver]&amp#27;[39m Valid locator strategies for this request: xpath, id, class name, accessibility id, css selector, -android uiautomator
[debug] &amp#27;[35m[BaseDriver]&amp#27;[39m Waiting up to 0 ms for condition
[debug] &amp#27;[35m[WD Proxy]&amp#27;[39m Matched '/element' to command name 'findElement'
[debug] &amp#27;[35m[WD Proxy]&amp#27;[39m Proxying [POST /element] to [POST http://127.0.0.1:8200/wd/hub/session/e197d40e-ce5a-4e13-8d3b-48013e2960f0/element] with body: {"strategy":"accessibility id","selector":"Views","context":"","multiple":false}
[debug] &amp#27;[35m[WD Proxy]&amp#27;[39m Got response with status 200: {"sessionId":"e197d40e-ce5a-4e13-8d3b-48013e2960f0","value":{"ELEMENT":"00000000-0000-002e-ffff-ffff00000014","element-6066-11e4-a52e-4f735466cecf":"00000000-0000-002e-ffff-ffff00000014"}}
[debug] &amp#27;[35m[W3C (b3dacd11)]&amp#27;[39m Responding to client with driver.findElement() result: {"element-6066-11e4-a52e-4f735466cecf":"00000000-0000-002e-ffff-ffff00000014","ELEMENT":"00000000-0000-002e-ffff-ffff00000014"}
&amp#27;[35m[HTTP]&amp#27;[39m &amp#27;[37m<-- POST /wd/hub/session/b3dacd11-d15d-49b3-9b92-90ebc76c94ca/element &amp#27;[39m&amp#27;[32m200&amp#27;[39m &amp#27;[90m145 ms - 137&amp#27;[39m
&amp#27;[35m[HTTP]&amp#27;[39m &amp#27;[90m&amp#27;[39m
&amp#27;[35m[HTTP]&amp#27;[39m &amp#27;[37m-->&amp#27;[39m &amp#27;[37mPOST&amp#27;[39m &amp#27;[37m/wd/hub/session/b3dacd11-d15d-49b3-9b92-90ebc76c94ca/element/00000000-0000-002e-ffff-ffff00000014/click&amp#27;[39m
&amp#27;[35m[HTTP]&amp#27;[39m &amp#27;[90m{"id":"00000000-0000-002e-ffff-ffff00000014"}&amp#27;[39m
[debug] &amp#27;[35m[W3C (b3dacd11)]&amp#27;[39m Calling AppiumDriver.click() with args: ["00000000-0000-002e-ffff-ffff00000014","b3dacd11-d15d-49b3-9b92-90ebc76c94ca"]
[debug] &amp#27;[35m[WD Proxy]&amp#27;[39m Matched '/element/00000000-0000-002e-ffff-ffff00000014/click' to command name 'click'
[debug] &amp#27;[35m[WD Proxy]&amp#27;[39m Proxying [POST /element/00000000-0000-002e-ffff-ffff00000014/click] to [POST http://127.0.0.1:8200/wd/hub/session/e197d40e-ce5a-4e13-8d3b-48013e2960f0/element/00000000-0000-002e-ffff-ffff00000014/click] with body: {"element":"00000000-0000-002e-ffff-ffff00000014"}
[debug] &amp#27;[35m[WD Proxy]&amp#27;[39m Got response with status 200: {"sessionId":"e197d40e-ce5a-4e13-8d3b-48013e2960f0","value":null}
[debug] &amp#27;[35m[W3C (b3dacd11)]&amp#27;[39m Responding to client with driver.click() result: null
&amp#27;[35m[HTTP]&amp#27;[39m &amp#27;[37m<-- POST /wd/hub/session/b3dacd11-d15d-49b3-9b92-90ebc76c94ca/element/00000000-0000-002e-ffff-ffff00000014/click &amp#27;[39m&amp#27;[32m200&amp#27;[39m &amp#27;[90m1090 ms - 14&amp#27;[39m
&amp#27;[35m[HTTP]&amp#27;[39m &amp#27;[90m&amp#27;[39m
&amp#27;[35m[HTTP]&amp#27;[39m &amp#27;[37m-->&amp#27;[39m &amp#27;[37mGET&amp#27;[39m &amp#27;[37m/wd/hub/session/b3dacd11-d15d-49b3-9b92-90ebc76c94ca&amp#27;[39m
&amp#27;[35m[HTTP]&amp#27;[39m &amp#27;[90m{}&amp#27;[39m
[debug] &amp#27;[35m[W3C (b3dacd11)]&amp#27;[39m Calling AppiumDriver.getSession() with args: ["b3dacd11-d15d-49b3-9b92-90ebc76c94ca"]
[debug] &amp#27;[35m[UiAutomator2]&amp#27;[39m Getting session details from server to mix in
[debug] &amp#27;[35m[WD Proxy]&amp#27;[39m Matched '/' to command name 'getSession'
[debug] &amp#27;[35m[WD Proxy]&amp#27;[39m Proxying [GET /] to [GET http://127.0.0.1:8200/wd/hub/session/e197d40e-ce5a-4e13-8d3b-48013e2960f0] with no body
[debug] &amp#27;[35m[WD Proxy]&amp#27;[39m Got response with status 200: {"sessionId":"e197d40e-ce5a-4e13-8d3b-48013e2960f0","value":{"lastScrollData":null}}
[debug] &amp#27;[35m[W3C (b3dacd11)]&amp#27;[39m Responding to client with driver.getSession() result: {"platform":"LINUX","webStorageEnabled":false,"takesScreenshot":true,"javascriptEnabled":true,"databaseEnabled":false,"networkConnectionEnabled":true,"locationContextEnabled":false,"warnings":{},"desired":{"platformName":"android","app":"C:\\Users\\Admin\\appiumProjectcicd\\src\\test\\resources\\app\\ApiDemos-debug.apk","appActivity":"io.appium.android.apis.ApiDemos","appPackage":"io.appium.android.apis","automationName":"UiAutomator2","deviceName":"Any Device Name","newCommandTimeout":60,"noReset":true},"platformName":"android","app":"C:\\Users\\Admin\\appiumProjectcicd\\src\\test\\resources\\app\\ApiDemos-debug.apk","appActivity":"io.appium.android.apis.ApiDemos","appPackage":"io.appium.android.apis","automationName":"UiAutomator2","deviceName":"213996502a057ece","newCommandTimeout":60,"noReset":true,"deviceUDID":"213996502a057ece","deviceApiLevel":29,"platformVersion":"10","deviceScreenSize":"1080x2220","deviceScreenDensity":480,"deviceModel":"SM-G960F","deviceManufacturer":"samsung","pixelRatio":3,"sta...
&amp#27;[35m[HTTP]&amp#27;[39m &amp#27;[37m<-- GET /wd/hub/session/b3dacd11-d15d-49b3-9b92-90ebc76c94ca &amp#27;[39m&amp#27;[32m200&amp#27;[39m &amp#27;[90m52 ms - 1130&amp#27;[39m
&amp#27;[35m[HTTP]&amp#27;[39m &amp#27;[90m&amp#27;[39m
&amp#27;[35m[HTTP]&amp#27;[39m &amp#27;[37m-->&amp#27;[39m &amp#27;[37mGET&amp#27;[39m &amp#27;[37m/wd/hub/session/b3dacd11-d15d-49b3-9b92-90ebc76c94ca&amp#27;[39m
&amp#27;[35m[HTTP]&amp#27;[39m &amp#27;[90m{}&amp#27;[39m
[debug] &amp#27;[35m[W3C (b3dacd11)]&amp#27;[39m Calling AppiumDriver.getSession() with args: ["b3dacd11-d15d-49b3-9b92-90ebc76c94ca"]
[debug] &amp#27;[35m[UiAutomator2]&amp#27;[39m Getting session details from server to mix in
[debug] &amp#27;[35m[WD Proxy]&amp#27;[39m Matched '/' to command name 'getSession'
[debug] &amp#27;[35m[WD Proxy]&amp#27;[39m Proxying [GET /] to [GET http://127.0.0.1:8200/wd/hub/session/e197d40e-ce5a-4e13-8d3b-48013e2960f0] with no body
[debug] &amp#27;[35m[WD Proxy]&amp#27;[39m Got response with status 200: {"sessionId":"e197d40e-ce5a-4e13-8d3b-48013e2960f0","value":{"lastScrollData":null}}
[debug] &amp#27;[35m[W3C (b3dacd11)]&amp#27;[39m Responding to client with driver.getSession() result: {"platform":"LINUX","webStorageEnabled":false,"takesScreenshot":true,"javascriptEnabled":true,"databaseEnabled":false,"networkConnectionEnabled":true,"locationContextEnabled":false,"warnings":{},"desired":{"platformName":"android","app":"C:\\Users\\Admin\\appiumProjectcicd\\src\\test\\resources\\app\\ApiDemos-debug.apk","appActivity":"io.appium.android.apis.ApiDemos","appPackage":"io.appium.android.apis","automationName":"UiAutomator2","deviceName":"Any Device Name","newCommandTimeout":60,"noReset":true},"platformName":"android","app":"C:\\Users\\Admin\\appiumProjectcicd\\src\\test\\resources\\app\\ApiDemos-debug.apk","appActivity":"io.appium.android.apis.ApiDemos","appPackage":"io.appium.android.apis","automationName":"UiAutomator2","deviceName":"213996502a057ece","newCommandTimeout":60,"noReset":true,"deviceUDID":"213996502a057ece","deviceApiLevel":29,"platformVersion":"10","deviceScreenSize":"1080x2220","deviceScreenDensity":480,"deviceModel":"SM-G960F","deviceManufacturer":"samsung","pixelRatio":3,"sta...
&amp#27;[35m[HTTP]&amp#27;[39m &amp#27;[37m<-- GET /wd/hub/session/b3dacd11-d15d-49b3-9b92-90ebc76c94ca &amp#27;[39m&amp#27;[32m200&amp#27;[39m &amp#27;[90m23 ms - 1130&amp#27;[39m
&amp#27;[35m[HTTP]&amp#27;[39m &amp#27;[90m&amp#27;[39m
&amp#27;[35m[HTTP]&amp#27;[39m &amp#27;[37m-->&amp#27;[39m &amp#27;[37mPOST&amp#27;[39m &amp#27;[37m/wd/hub/session/b3dacd11-d15d-49b3-9b92-90ebc76c94ca/element&amp#27;[39m
&amp#27;[35m[HTTP]&amp#27;[39m &amp#27;[90m{"using":"-android uiautomator","value":"new UiScrollable(new UiSelector()).scrollIntoView(text(\"WebView3\"));"}&amp#27;[39m
[debug] &amp#27;[35m[W3C (b3dacd11)]&amp#27;[39m Calling AppiumDriver.findElement() with args: ["-android uiautomator","new UiScrollable(new UiSelector()).scrollIntoView(text(\"WebView3\"));","b3dacd11-d15d-49b3-9b92-90ebc76c94ca"]
[debug] &amp#27;[35m[BaseDriver]&amp#27;[39m Valid locator strategies for this request: xpath, id, class name, accessibility id, css selector, -android uiautomator
[debug] &amp#27;[35m[BaseDriver]&amp#27;[39m Waiting up to 0 ms for condition
[debug] &amp#27;[35m[WD Proxy]&amp#27;[39m Matched '/element' to command name 'findElement'
[debug] &amp#27;[35m[WD Proxy]&amp#27;[39m Proxying [POST /element] to [POST http://127.0.0.1:8200/wd/hub/session/e197d40e-ce5a-4e13-8d3b-48013e2960f0/element] with body: {"strategy":"-android uiautomator","selector":"new UiScrollable(new UiSelector()).scrollIntoView(text(\"WebView3\"));","context":"","multiple":false}
[debug] &amp#27;[35m[WD Proxy]&amp#27;[39m Got response with status 200: {"sessionId":"e197d40e-ce5a-4e13-8d3b-48013e2960f0","value":{"ELEMENT":"00000000-0000-002f-ffff-ffff0000002d","element-6066-11e4-a52e-4f735466cecf":"00000000-0000-002f-ffff-ffff0000002d"}}
[debug] &amp#27;[35m[W3C (b3dacd11)]&amp#27;[39m Responding to client with driver.findElement() result: {"element-6066-11e4-a52e-4f735466cecf":"00000000-0000-002f-ffff-ffff0000002d","ELEMENT":"00000000-0000-002f-ffff-ffff0000002d"}
&amp#27;[35m[HTTP]&amp#27;[39m &amp#27;[37m<-- POST /wd/hub/session/b3dacd11-d15d-49b3-9b92-90ebc76c94ca/element &amp#27;[39m&amp#27;[32m200&amp#27;[39m &amp#27;[90m7678 ms - 137&amp#27;[39m
&amp#27;[35m[HTTP]&amp#27;[39m &amp#27;[90m&amp#27;[39m
[INFO ] 2022-01-18 18:41:41.523 com.qa.utils.TestUtils:48 - Scrolling down to :WebView3
&amp#27;[35m[HTTP]&amp#27;[39m &amp#27;[37m-->&amp#27;[39m &amp#27;[37mPOST&amp#27;[39m &amp#27;[37m/wd/hub/session/b3dacd11-d15d-49b3-9b92-90ebc76c94ca/appium/device/press_keycode&amp#27;[39m
&amp#27;[35m[HTTP]&amp#27;[39m &amp#27;[90m{"keycode":4}&amp#27;[39m
[debug] &amp#27;[35m[W3C (b3dacd11)]&amp#27;[39m Calling AppiumDriver.pressKeyCode() with args: [4,null,null,null,null,"b3dacd11-d15d-49b3-9b92-90ebc76c94ca"]
[debug] &amp#27;[35m[WD Proxy]&amp#27;[39m Matched '/appium/device/press_keycode' to command name 'pressKeyCode'
[debug] &amp#27;[35m[WD Proxy]&amp#27;[39m Proxying [POST /appium/device/press_keycode] to [POST http://127.0.0.1:8200/wd/hub/session/e197d40e-ce5a-4e13-8d3b-48013e2960f0/appium/device/press_keycode] with body: {"keycode":4,"metastate":null,"flags":null}
[debug] &amp#27;[35m[WD Proxy]&amp#27;[39m Got response with status 200: {"sessionId":"e197d40e-ce5a-4e13-8d3b-48013e2960f0","value":null}
[debug] &amp#27;[35m[W3C (b3dacd11)]&amp#27;[39m Responding to client with driver.pressKeyCode() result: null
[INFO ] 2022-01-18 18:41:42.235 com.qa.utils.TestUtils:55 - Clicking on android back button
]]></system-out>
    <system-err><![CDATA[Jan 18, 2022 6:41:31 PM io.appium.java_client.remote.AppiumCommandExecutor$1 lambda$0
INFO: Detected dialect: W3C
]]></system-err>
  </testcase>
  <testcase name="dragandDropTest" classname="com.qa.tests.ApiDemoTest" time="7.636">
    <system-out><![CDATA[&amp#27;[35m[HTTP]&amp#27;[39m &amp#27;[37m<-- POST /wd/hub/session/b3dacd11-d15d-49b3-9b92-90ebc76c94ca/appium/device/press_keycode &amp#27;[39m&amp#27;[32m200&amp#27;[39m &amp#27;[90m644 ms - 14&amp#27;[39m
&amp#27;[35m[HTTP]&amp#27;[39m &amp#27;[90m&amp#27;[39m
Api demo test after method
super test after method
&amp#27;[35m[HTTP]&amp#27;[39m &amp#27;[37m-->&amp#27;[39m &amp#27;[37mPOST&amp#27;[39m &amp#27;[37m/wd/hub/session/b3dacd11-d15d-49b3-9b92-90ebc76c94ca/appium/stop_recording_screen&amp#27;[39m
&amp#27;[35m[HTTP]&amp#27;[39m &amp#27;[90m{}&amp#27;[39m
[debug] &amp#27;[35m[W3C (b3dacd11)]&amp#27;[39m Calling AppiumDriver.stopRecordingScreen() with args: [null,"b3dacd11-d15d-49b3-9b92-90ebc76c94ca"]
[debug] &amp#27;[35m[ADB]&amp#27;[39m Getting IDs of all 'screenrecord' processes
[debug] &amp#27;[35m[ADB]&amp#27;[39m Running 'C:\Users\Admin\AppData\Local\Android\Sdk\platform-tools\adb.exe -P 5037 -s 213996502a057ece shell pgrep -f \(\[\[:blank:\]\]\|\^\)screenrecord\(\[\[:blank:\]\]\|\$\)'
&amp#27;[35m[AndroidDriver]&amp#27;[39m Screen recording has not been previously started by Appium. There is nothing to stop
[debug] &amp#27;[35m[W3C (b3dacd11)]&amp#27;[39m Responding to client with driver.stopRecordingScreen() result: ""
&amp#27;[35m[HTTP]&amp#27;[39m &amp#27;[37m<-- POST /wd/hub/session/b3dacd11-d15d-49b3-9b92-90ebc76c94ca/appium/stop_recording_screen &amp#27;[39m&amp#27;[32m200&amp#27;[39m &amp#27;[90m208 ms - 12&amp#27;[39m
&amp#27;[35m[HTTP]&amp#27;[39m &amp#27;[90m&amp#27;[39m
Api demo test before method
[INFO ] 2022-01-18 18:41:42.468 com.qa.tests.ApiDemoTest:52 - Instantiating the page object classes for ApiDemos App
&amp#27;[35m[HTTP]&amp#27;[39m &amp#27;[37m-->&amp#27;[39m &amp#27;[37mGET&amp#27;[39m &amp#27;[37m/wd/hub/session/b3dacd11-d15d-49b3-9b92-90ebc76c94ca&amp#27;[39m
&amp#27;[35m[HTTP]&amp#27;[39m &amp#27;[90m{}&amp#27;[39m
[debug] &amp#27;[35m[W3C (b3dacd11)]&amp#27;[39m Calling AppiumDriver.getSession() with args: ["b3dacd11-d15d-49b3-9b92-90ebc76c94ca"]
[debug] &amp#27;[35m[UiAutomator2]&amp#27;[39m Getting session details from server to mix in
[debug] &amp#27;[35m[WD Proxy]&amp#27;[39m Matched '/' to command name 'getSession'
[debug] &amp#27;[35m[WD Proxy]&amp#27;[39m Proxying [GET /] to [GET http://127.0.0.1:8200/wd/hub/session/e197d40e-ce5a-4e13-8d3b-48013e2960f0] with no body
[debug] &amp#27;[35m[WD Proxy]&amp#27;[39m Got response with status 200: {"sessionId":"e197d40e-ce5a-4e13-8d3b-48013e2960f0","value":{"lastScrollData":null}}
[debug] &amp#27;[35m[W3C (b3dacd11)]&amp#27;[39m Responding to client with driver.getSession() result: {"platform":"LINUX","webStorageEnabled":false,"takesScreenshot":true,"javascriptEnabled":true,"databaseEnabled":false,"networkConnectionEnabled":true,"locationContextEnabled":false,"warnings":{},"desired":{"platformName":"android","app":"C:\\Users\\Admin\\appiumProjectcicd\\src\\test\\resources\\app\\ApiDemos-debug.apk","appActivity":"io.appium.android.apis.ApiDemos","appPackage":"io.appium.android.apis","automationName":"UiAutomator2","deviceName":"Any Device Name","newCommandTimeout":60,"noReset":true},"platformName":"android","app":"C:\\Users\\Admin\\appiumProjectcicd\\src\\test\\resources\\app\\ApiDemos-debug.apk","appActivity":"io.appium.android.apis.ApiDemos","appPackage":"io.appium.android.apis","automationName":"UiAutomator2","deviceName":"213996502a057ece","newCommandTimeout":60,"noReset":true,"deviceUDID":"213996502a057ece","deviceApiLevel":29,"platformVersion":"10","deviceScreenSize":"1080x2220","deviceScreenDensity":480,"deviceModel":"SM-G960F","deviceManufacturer":"samsung","pixelRatio":3,"sta...
&amp#27;[35m[HTTP]&amp#27;[39m &amp#27;[37m<-- GET /wd/hub/session/b3dacd11-d15d-49b3-9b92-90ebc76c94ca &amp#27;[39m&amp#27;[32m200&amp#27;[39m &amp#27;[90m47 ms - 1130&amp#27;[39m
&amp#27;[35m[HTTP]&amp#27;[39m &amp#27;[90m&amp#27;[39m
&amp#27;[35m[HTTP]&amp#27;[39m &amp#27;[37m-->&amp#27;[39m &amp#27;[37mGET&amp#27;[39m &amp#27;[37m/wd/hub/session/b3dacd11-d15d-49b3-9b92-90ebc76c94ca&amp#27;[39m
&amp#27;[35m[HTTP]&amp#27;[39m &amp#27;[90m{}&amp#27;[39m
[debug] &amp#27;[35m[W3C (b3dacd11)]&amp#27;[39m Calling AppiumDriver.getSession() with args: ["b3dacd11-d15d-49b3-9b92-90ebc76c94ca"]
[debug] &amp#27;[35m[UiAutomator2]&amp#27;[39m Getting session details from server to mix in
[debug] &amp#27;[35m[WD Proxy]&amp#27;[39m Matched '/' to command name 'getSession'
[debug] &amp#27;[35m[WD Proxy]&amp#27;[39m Proxying [GET /] to [GET http://127.0.0.1:8200/wd/hub/session/e197d40e-ce5a-4e13-8d3b-48013e2960f0] with no body
[debug] &amp#27;[35m[WD Proxy]&amp#27;[39m Got response with status 200: {"sessionId":"e197d40e-ce5a-4e13-8d3b-48013e2960f0","value":{"lastScrollData":null}}
[debug] &amp#27;[35m[W3C (b3dacd11)]&amp#27;[39m Responding to client with driver.getSession() result: {"platform":"LINUX","webStorageEnabled":false,"takesScreenshot":true,"javascriptEnabled":true,"databaseEnabled":false,"networkConnectionEnabled":true,"locationContextEnabled":false,"warnings":{},"desired":{"platformName":"android","app":"C:\\Users\\Admin\\appiumProjectcicd\\src\\test\\resources\\app\\ApiDemos-debug.apk","appActivity":"io.appium.android.apis.ApiDemos","appPackage":"io.appium.android.apis","automationName":"UiAutomator2","deviceName":"Any Device Name","newCommandTimeout":60,"noReset":true},"platformName":"android","app":"C:\\Users\\Admin\\appiumProjectcicd\\src\\test\\resources\\app\\ApiDemos-debug.apk","appActivity":"io.appium.android.apis.ApiDemos","appPackage":"io.appium.android.apis","automationName":"UiAutomator2","deviceName":"213996502a057ece","newCommandTimeout":60,"noReset":true,"deviceUDID":"213996502a057ece","deviceApiLevel":29,"platformVersion":"10","deviceScreenSize":"1080x2220","deviceScreenDensity":480,"deviceModel":"SM-G960F","deviceManufacturer":"samsung","pixelRatio":3,"sta...
&amp#27;[35m[HTTP]&amp#27;[39m &amp#27;[37m<-- GET /wd/hub/session/b3dacd11-d15d-49b3-9b92-90ebc76c94ca &amp#27;[39m&amp#27;[32m200&amp#27;[39m &amp#27;[90m57 ms - 1130&amp#27;[39m
&amp#27;[35m[HTTP]&amp#27;[39m &amp#27;[90m&amp#27;[39m
&amp#27;[35m[HTTP]&amp#27;[39m &amp#27;[37m-->&amp#27;[39m &amp#27;[37mGET&amp#27;[39m &amp#27;[37m/wd/hub/session/b3dacd11-d15d-49b3-9b92-90ebc76c94ca&amp#27;[39m
&amp#27;[35m[HTTP]&amp#27;[39m &amp#27;[90m{}&amp#27;[39m
[debug] &amp#27;[35m[W3C (b3dacd11)]&amp#27;[39m Calling AppiumDriver.getSession() with args: ["b3dacd11-d15d-49b3-9b92-90ebc76c94ca"]
[debug] &amp#27;[35m[UiAutomator2]&amp#27;[39m Getting session details from server to mix in
[debug] &amp#27;[35m[WD Proxy]&amp#27;[39m Matched '/' to command name 'getSession'
[debug] &amp#27;[35m[WD Proxy]&amp#27;[39m Proxying [GET /] to [GET http://127.0.0.1:8200/wd/hub/session/e197d40e-ce5a-4e13-8d3b-48013e2960f0] with no body
[debug] &amp#27;[35m[WD Proxy]&amp#27;[39m Got response with status 200: {"sessionId":"e197d40e-ce5a-4e13-8d3b-48013e2960f0","value":{"lastScrollData":null}}
[debug] &amp#27;[35m[W3C (b3dacd11)]&amp#27;[39m Responding to client with driver.getSession() result: {"platform":"LINUX","webStorageEnabled":false,"takesScreenshot":true,"javascriptEnabled":true,"databaseEnabled":false,"networkConnectionEnabled":true,"locationContextEnabled":false,"warnings":{},"desired":{"platformName":"android","app":"C:\\Users\\Admin\\appiumProjectcicd\\src\\test\\resources\\app\\ApiDemos-debug.apk","appActivity":"io.appium.android.apis.ApiDemos","appPackage":"io.appium.android.apis","automationName":"UiAutomator2","deviceName":"Any Device Name","newCommandTimeout":60,"noReset":true},"platformName":"android","app":"C:\\Users\\Admin\\appiumProjectcicd\\src\\test\\resources\\app\\ApiDemos-debug.apk","appActivity":"io.appium.android.apis.ApiDemos","appPackage":"io.appium.android.apis","automationName":"UiAutomator2","deviceName":"213996502a057ece","newCommandTimeout":60,"noReset":true,"deviceUDID":"213996502a057ece","deviceApiLevel":29,"platformVersion":"10","deviceScreenSize":"1080x2220","deviceScreenDensity":480,"deviceModel":"SM-G960F","deviceManufacturer":"samsung","pixelRatio":3,"sta...
&amp#27;[35m[HTTP]&amp#27;[39m &amp#27;[37m<-- GET /wd/hub/session/b3dacd11-d15d-49b3-9b92-90ebc76c94ca &amp#27;[39m&amp#27;[32m200&amp#27;[39m &amp#27;[90m32 ms - 1130&amp#27;[39m
&amp#27;[35m[HTTP]&amp#27;[39m &amp#27;[90m&amp#27;[39m
&amp#27;[35m[HTTP]&amp#27;[39m &amp#27;[37m-->&amp#27;[39m &amp#27;[37mGET&amp#27;[39m &amp#27;[37m/wd/hub/session/b3dacd11-d15d-49b3-9b92-90ebc76c94ca&amp#27;[39m
&amp#27;[35m[HTTP]&amp#27;[39m &amp#27;[90m{}&amp#27;[39m
[debug] &amp#27;[35m[W3C (b3dacd11)]&amp#27;[39m Calling AppiumDriver.getSession() with args: ["b3dacd11-d15d-49b3-9b92-90ebc76c94ca"]
[debug] &amp#27;[35m[UiAutomator2]&amp#27;[39m Getting session details from server to mix in
[debug] &amp#27;[35m[WD Proxy]&amp#27;[39m Matched '/' to command name 'getSession'
[debug] &amp#27;[35m[WD Proxy]&amp#27;[39m Proxying [GET /] to [GET http://127.0.0.1:8200/wd/hub/session/e197d40e-ce5a-4e13-8d3b-48013e2960f0] with no body
[debug] &amp#27;[35m[WD Proxy]&amp#27;[39m Got response with status 200: {"sessionId":"e197d40e-ce5a-4e13-8d3b-48013e2960f0","value":{"lastScrollData":null}}
[debug] &amp#27;[35m[W3C (b3dacd11)]&amp#27;[39m Responding to client with driver.getSession() result: {"platform":"LINUX","webStorageEnabled":false,"takesScreenshot":true,"javascriptEnabled":true,"databaseEnabled":false,"networkConnectionEnabled":true,"locationContextEnabled":false,"warnings":{},"desired":{"platformName":"android","app":"C:\\Users\\Admin\\appiumProjectcicd\\src\\test\\resources\\app\\ApiDemos-debug.apk","appActivity":"io.appium.android.apis.ApiDemos","appPackage":"io.appium.android.apis","automationName":"UiAutomator2","deviceName":"Any Device Name","newCommandTimeout":60,"noReset":true},"platformName":"android","app":"C:\\Users\\Admin\\appiumProjectcicd\\src\\test\\resources\\app\\ApiDemos-debug.apk","appActivity":"io.appium.android.apis.ApiDemos","appPackage":"io.appium.android.apis","automationName":"UiAutomator2","deviceName":"213996502a057ece","newCommandTimeout":60,"noReset":true,"deviceUDID":"213996502a057ece","deviceApiLevel":29,"platformVersion":"10","deviceScreenSize":"1080x2220","deviceScreenDensity":480,"deviceModel":"SM-G960F","deviceManufacturer":"samsung","pixelRatio":3,"sta...
&amp#27;[35m[HTTP]&amp#27;[39m &amp#27;[37m<-- GET /wd/hub/session/b3dacd11-d15d-49b3-9b92-90ebc76c94ca &amp#27;[39m&amp#27;[32m200&amp#27;[39m &amp#27;[90m32 ms - 1130&amp#27;[39m
&amp#27;[35m[HTTP]&amp#27;[39m &amp#27;[90m&amp#27;[39m
&amp#27;[35m[HTTP]&amp#27;[39m &amp#27;[37m-->&amp#27;[39m &amp#27;[37mGET&amp#27;[39m &amp#27;[37m/wd/hub/session/b3dacd11-d15d-49b3-9b92-90ebc76c94ca&amp#27;[39m
&amp#27;[35m[HTTP]&amp#27;[39m &amp#27;[90m{}&amp#27;[39m
[debug] &amp#27;[35m[W3C (b3dacd11)]&amp#27;[39m Calling AppiumDriver.getSession() with args: ["b3dacd11-d15d-49b3-9b92-90ebc76c94ca"]
[debug] &amp#27;[35m[UiAutomator2]&amp#27;[39m Getting session details from server to mix in
[debug] &amp#27;[35m[WD Proxy]&amp#27;[39m Matched '/' to command name 'getSession'
[debug] &amp#27;[35m[WD Proxy]&amp#27;[39m Proxying [GET /] to [GET http://127.0.0.1:8200/wd/hub/session/e197d40e-ce5a-4e13-8d3b-48013e2960f0] with no body
[debug] &amp#27;[35m[WD Proxy]&amp#27;[39m Got response with status 200: {"sessionId":"e197d40e-ce5a-4e13-8d3b-48013e2960f0","value":{"lastScrollData":null}}
[debug] &amp#27;[35m[W3C (b3dacd11)]&amp#27;[39m Responding to client with driver.getSession() result: {"platform":"LINUX","webStorageEnabled":false,"takesScreenshot":true,"javascriptEnabled":true,"databaseEnabled":false,"networkConnectionEnabled":true,"locationContextEnabled":false,"warnings":{},"desired":{"platformName":"android","app":"C:\\Users\\Admin\\appiumProjectcicd\\src\\test\\resources\\app\\ApiDemos-debug.apk","appActivity":"io.appium.android.apis.ApiDemos","appPackage":"io.appium.android.apis","automationName":"UiAutomator2","deviceName":"Any Device Name","newCommandTimeout":60,"noReset":true},"platformName":"android","app":"C:\\Users\\Admin\\appiumProjectcicd\\src\\test\\resources\\app\\ApiDemos-debug.apk","appActivity":"io.appium.android.apis.ApiDemos","appPackage":"io.appium.android.apis","automationName":"UiAutomator2","deviceName":"213996502a057ece","newCommandTimeout":60,"noReset":true,"deviceUDID":"213996502a057ece","deviceApiLevel":29,"platformVersion":"10","deviceScreenSize":"1080x2220","deviceScreenDensity":480,"deviceModel":"SM-G960F","deviceManufacturer":"samsung","pixelRatio":3,"sta...
&amp#27;[35m[HTTP]&amp#27;[39m &amp#27;[37m<-- GET /wd/hub/session/b3dacd11-d15d-49b3-9b92-90ebc76c94ca &amp#27;[39m&amp#27;[32m200&amp#27;[39m &amp#27;[90m33 ms - 1130&amp#27;[39m
&amp#27;[35m[HTTP]&amp#27;[39m &amp#27;[90m&amp#27;[39m
&amp#27;[35m[HTTP]&amp#27;[39m &amp#27;[37m-->&amp#27;[39m &amp#27;[37mGET&amp#27;[39m &amp#27;[37m/wd/hub/session/b3dacd11-d15d-49b3-9b92-90ebc76c94ca&amp#27;[39m
&amp#27;[35m[HTTP]&amp#27;[39m &amp#27;[90m{}&amp#27;[39m
[debug] &amp#27;[35m[W3C (b3dacd11)]&amp#27;[39m Calling AppiumDriver.getSession() with args: ["b3dacd11-d15d-49b3-9b92-90ebc76c94ca"]
[debug] &amp#27;[35m[UiAutomator2]&amp#27;[39m Getting session details from server to mix in
[debug] &amp#27;[35m[WD Proxy]&amp#27;[39m Matched '/' to command name 'getSession'
[debug] &amp#27;[35m[WD Proxy]&amp#27;[39m Proxying [GET /] to [GET http://127.0.0.1:8200/wd/hub/session/e197d40e-ce5a-4e13-8d3b-48013e2960f0] with no body
[debug] &amp#27;[35m[WD Proxy]&amp#27;[39m Got response with status 200: {"sessionId":"e197d40e-ce5a-4e13-8d3b-48013e2960f0","value":{"lastScrollData":null}}
[debug] &amp#27;[35m[W3C (b3dacd11)]&amp#27;[39m Responding to client with driver.getSession() result: {"platform":"LINUX","webStorageEnabled":false,"takesScreenshot":true,"javascriptEnabled":true,"databaseEnabled":false,"networkConnectionEnabled":true,"locationContextEnabled":false,"warnings":{},"desired":{"platformName":"android","app":"C:\\Users\\Admin\\appiumProjectcicd\\src\\test\\resources\\app\\ApiDemos-debug.apk","appActivity":"io.appium.android.apis.ApiDemos","appPackage":"io.appium.android.apis","automationName":"UiAutomator2","deviceName":"Any Device Name","newCommandTimeout":60,"noReset":true},"platformName":"android","app":"C:\\Users\\Admin\\appiumProjectcicd\\src\\test\\resources\\app\\ApiDemos-debug.apk","appActivity":"io.appium.android.apis.ApiDemos","appPackage":"io.appium.android.apis","automationName":"UiAutomator2","deviceName":"213996502a057ece","newCommandTimeout":60,"noReset":true,"deviceUDID":"213996502a057ece","deviceApiLevel":29,"platformVersion":"10","deviceScreenSize":"1080x2220","deviceScreenDensity":480,"deviceModel":"SM-G960F","deviceManufacturer":"samsung","pixelRatio":3,"sta...
&amp#27;[35m[HTTP]&amp#27;[39m &amp#27;[37m<-- GET /wd/hub/session/b3dacd11-d15d-49b3-9b92-90ebc76c94ca &amp#27;[39m&amp#27;[32m200&amp#27;[39m &amp#27;[90m38 ms - 1130&amp#27;[39m
&amp#27;[35m[HTTP]&amp#27;[39m &amp#27;[90m&amp#27;[39m
&amp#27;[35m[HTTP]&amp#27;[39m &amp#27;[37m-->&amp#27;[39m &amp#27;[37mGET&amp#27;[39m &amp#27;[37m/wd/hub/session/b3dacd11-d15d-49b3-9b92-90ebc76c94ca&amp#27;[39m
&amp#27;[35m[HTTP]&amp#27;[39m &amp#27;[90m{}&amp#27;[39m
[debug] &amp#27;[35m[W3C (b3dacd11)]&amp#27;[39m Calling AppiumDriver.getSession() with args: ["b3dacd11-d15d-49b3-9b92-90ebc76c94ca"]
[debug] &amp#27;[35m[UiAutomator2]&amp#27;[39m Getting session details from server to mix in
[debug] &amp#27;[35m[WD Proxy]&amp#27;[39m Matched '/' to command name 'getSession'
[debug] &amp#27;[35m[WD Proxy]&amp#27;[39m Proxying [GET /] to [GET http://127.0.0.1:8200/wd/hub/session/e197d40e-ce5a-4e13-8d3b-48013e2960f0] with no body
[debug] &amp#27;[35m[WD Proxy]&amp#27;[39m Got response with status 200: {"sessionId":"e197d40e-ce5a-4e13-8d3b-48013e2960f0","value":{"lastScrollData":null}}
[debug] &amp#27;[35m[W3C (b3dacd11)]&amp#27;[39m Responding to client with driver.getSession() result: {"platform":"LINUX","webStorageEnabled":false,"takesScreenshot":true,"javascriptEnabled":true,"databaseEnabled":false,"networkConnectionEnabled":true,"locationContextEnabled":false,"warnings":{},"desired":{"platformName":"android","app":"C:\\Users\\Admin\\appiumProjectcicd\\src\\test\\resources\\app\\ApiDemos-debug.apk","appActivity":"io.appium.android.apis.ApiDemos","appPackage":"io.appium.android.apis","automationName":"UiAutomator2","deviceName":"Any Device Name","newCommandTimeout":60,"noReset":true},"platformName":"android","app":"C:\\Users\\Admin\\appiumProjectcicd\\src\\test\\resources\\app\\ApiDemos-debug.apk","appActivity":"io.appium.android.apis.ApiDemos","appPackage":"io.appium.android.apis","automationName":"UiAutomator2","deviceName":"213996502a057ece","newCommandTimeout":60,"noReset":true,"deviceUDID":"213996502a057ece","deviceApiLevel":29,"platformVersion":"10","deviceScreenSize":"1080x2220","deviceScreenDensity":480,"deviceModel":"SM-G960F","deviceManufacturer":"samsung","pixelRatio":3,"sta...
&amp#27;[35m[HTTP]&amp#27;[39m &amp#27;[37m<-- GET /wd/hub/session/b3dacd11-d15d-49b3-9b92-90ebc76c94ca &amp#27;[39m&amp#27;[32m200&amp#27;[39m &amp#27;[90m31 ms - 1130&amp#27;[39m
&amp#27;[35m[HTTP]&amp#27;[39m &amp#27;[90m&amp#27;[39m
&amp#27;[35m[HTTP]&amp#27;[39m &amp#27;[37m-->&amp#27;[39m &amp#27;[37mGET&amp#27;[39m &amp#27;[37m/wd/hub/session/b3dacd11-d15d-49b3-9b92-90ebc76c94ca&amp#27;[39m
&amp#27;[35m[HTTP]&amp#27;[39m &amp#27;[90m{}&amp#27;[39m
[debug] &amp#27;[35m[W3C (b3dacd11)]&amp#27;[39m Calling AppiumDriver.getSession() with args: ["b3dacd11-d15d-49b3-9b92-90ebc76c94ca"]
[debug] &amp#27;[35m[UiAutomator2]&amp#27;[39m Getting session details from server to mix in
[debug] &amp#27;[35m[WD Proxy]&amp#27;[39m Matched '/' to command name 'getSession'
[debug] &amp#27;[35m[WD Proxy]&amp#27;[39m Proxying [GET /] to [GET http://127.0.0.1:8200/wd/hub/session/e197d40e-ce5a-4e13-8d3b-48013e2960f0] with no body
[debug] &amp#27;[35m[WD Proxy]&amp#27;[39m Got response with status 200: {"sessionId":"e197d40e-ce5a-4e13-8d3b-48013e2960f0","value":{"lastScrollData":null}}
[debug] &amp#27;[35m[W3C (b3dacd11)]&amp#27;[39m Responding to client with driver.getSession() result: {"platform":"LINUX","webStorageEnabled":false,"takesScreenshot":true,"javascriptEnabled":true,"databaseEnabled":false,"networkConnectionEnabled":true,"locationContextEnabled":false,"warnings":{},"desired":{"platformName":"android","app":"C:\\Users\\Admin\\appiumProjectcicd\\src\\test\\resources\\app\\ApiDemos-debug.apk","appActivity":"io.appium.android.apis.ApiDemos","appPackage":"io.appium.android.apis","automationName":"UiAutomator2","deviceName":"Any Device Name","newCommandTimeout":60,"noReset":true},"platformName":"android","app":"C:\\Users\\Admin\\appiumProjectcicd\\src\\test\\resources\\app\\ApiDemos-debug.apk","appActivity":"io.appium.android.apis.ApiDemos","appPackage":"io.appium.android.apis","automationName":"UiAutomator2","deviceName":"213996502a057ece","newCommandTimeout":60,"noReset":true,"deviceUDID":"213996502a057ece","deviceApiLevel":29,"platformVersion":"10","deviceScreenSize":"1080x2220","deviceScreenDensity":480,"deviceModel":"SM-G960F","deviceManufacturer":"samsung","pixelRatio":3,"sta...
&amp#27;[35m[HTTP]&amp#27;[39m &amp#27;[37m<-- GET /wd/hub/session/b3dacd11-d15d-49b3-9b92-90ebc76c94ca &amp#27;[39m&amp#27;[32m200&amp#27;[39m &amp#27;[90m35 ms - 1130&amp#27;[39m
&amp#27;[35m[HTTP]&amp#27;[39m &amp#27;[90m&amp#27;[39m
&amp#27;[35m[HTTP]&amp#27;[39m &amp#27;[37m-->&amp#27;[39m &amp#27;[37mGET&amp#27;[39m &amp#27;[37m/wd/hub/session/b3dacd11-d15d-49b3-9b92-90ebc76c94ca&amp#27;[39m
&amp#27;[35m[HTTP]&amp#27;[39m &amp#27;[90m{}&amp#27;[39m
[debug] &amp#27;[35m[W3C (b3dacd11)]&amp#27;[39m Calling AppiumDriver.getSession() with args: ["b3dacd11-d15d-49b3-9b92-90ebc76c94ca"]
[debug] &amp#27;[35m[UiAutomator2]&amp#27;[39m Getting session details from server to mix in
[debug] &amp#27;[35m[WD Proxy]&amp#27;[39m Matched '/' to command name 'getSession'
[debug] &amp#27;[35m[WD Proxy]&amp#27;[39m Proxying [GET /] to [GET http://127.0.0.1:8200/wd/hub/session/e197d40e-ce5a-4e13-8d3b-48013e2960f0] with no body
[debug] &amp#27;[35m[WD Proxy]&amp#27;[39m Got response with status 200: {"sessionId":"e197d40e-ce5a-4e13-8d3b-48013e2960f0","value":{"lastScrollData":null}}
[debug] &amp#27;[35m[W3C (b3dacd11)]&amp#27;[39m Responding to client with driver.getSession() result: {"platform":"LINUX","webStorageEnabled":false,"takesScreenshot":true,"javascriptEnabled":true,"databaseEnabled":false,"networkConnectionEnabled":true,"locationContextEnabled":false,"warnings":{},"desired":{"platformName":"android","app":"C:\\Users\\Admin\\appiumProjectcicd\\src\\test\\resources\\app\\ApiDemos-debug.apk","appActivity":"io.appium.android.apis.ApiDemos","appPackage":"io.appium.android.apis","automationName":"UiAutomator2","deviceName":"Any Device Name","newCommandTimeout":60,"noReset":true},"platformName":"android","app":"C:\\Users\\Admin\\appiumProjectcicd\\src\\test\\resources\\app\\ApiDemos-debug.apk","appActivity":"io.appium.android.apis.ApiDemos","appPackage":"io.appium.android.apis","automationName":"UiAutomator2","deviceName":"213996502a057ece","newCommandTimeout":60,"noReset":true,"deviceUDID":"213996502a057ece","deviceApiLevel":29,"platformVersion":"10","deviceScreenSize":"1080x2220","deviceScreenDensity":480,"deviceModel":"SM-G960F","deviceManufacturer":"samsung","pixelRatio":3,"sta...
&amp#27;[35m[HTTP]&amp#27;[39m &amp#27;[37m<-- GET /wd/hub/session/b3dacd11-d15d-49b3-9b92-90ebc76c94ca &amp#27;[39m&amp#27;[32m200&amp#27;[39m &amp#27;[90m27 ms - 1130&amp#27;[39m
&amp#27;[35m[HTTP]&amp#27;[39m &amp#27;[90m&amp#27;[39m
&amp#27;[35m[HTTP]&amp#27;[39m &amp#27;[37m-->&amp#27;[39m &amp#27;[37mGET&amp#27;[39m &amp#27;[37m/wd/hub/session/b3dacd11-d15d-49b3-9b92-90ebc76c94ca&amp#27;[39m
&amp#27;[35m[HTTP]&amp#27;[39m &amp#27;[90m{}&amp#27;[39m
[debug] &amp#27;[35m[W3C (b3dacd11)]&amp#27;[39m Calling AppiumDriver.getSession() with args: ["b3dacd11-d15d-49b3-9b92-90ebc76c94ca"]
[debug] &amp#27;[35m[UiAutomator2]&amp#27;[39m Getting session details from server to mix in
[debug] &amp#27;[35m[WD Proxy]&amp#27;[39m Matched '/' to command name 'getSession'
[debug] &amp#27;[35m[WD Proxy]&amp#27;[39m Proxying [GET /] to [GET http://127.0.0.1:8200/wd/hub/session/e197d40e-ce5a-4e13-8d3b-48013e2960f0] with no body
[debug] &amp#27;[35m[WD Proxy]&amp#27;[39m Got response with status 200: {"sessionId":"e197d40e-ce5a-4e13-8d3b-48013e2960f0","value":{"lastScrollData":null}}
[debug] &amp#27;[35m[W3C (b3dacd11)]&amp#27;[39m Responding to client with driver.getSession() result: {"platform":"LINUX","webStorageEnabled":false,"takesScreenshot":true,"javascriptEnabled":true,"databaseEnabled":false,"networkConnectionEnabled":true,"locationContextEnabled":false,"warnings":{},"desired":{"platformName":"android","app":"C:\\Users\\Admin\\appiumProjectcicd\\src\\test\\resources\\app\\ApiDemos-debug.apk","appActivity":"io.appium.android.apis.ApiDemos","appPackage":"io.appium.android.apis","automationName":"UiAutomator2","deviceName":"Any Device Name","newCommandTimeout":60,"noReset":true},"platformName":"android","app":"C:\\Users\\Admin\\appiumProjectcicd\\src\\test\\resources\\app\\ApiDemos-debug.apk","appActivity":"io.appium.android.apis.ApiDemos","appPackage":"io.appium.android.apis","automationName":"UiAutomator2","deviceName":"213996502a057ece","newCommandTimeout":60,"noReset":true,"deviceUDID":"213996502a057ece","deviceApiLevel":29,"platformVersion":"10","deviceScreenSize":"1080x2220","deviceScreenDensity":480,"deviceModel":"SM-G960F","deviceManufacturer":"samsung","pixelRatio":3,"sta...
&amp#27;[35m[HTTP]&amp#27;[39m &amp#27;[37m<-- GET /wd/hub/session/b3dacd11-d15d-49b3-9b92-90ebc76c94ca &amp#27;[39m&amp#27;[32m200&amp#27;[39m &amp#27;[90m35 ms - 1130&amp#27;[39m
&amp#27;[35m[HTTP]&amp#27;[39m &amp#27;[90m&amp#27;[39m
&amp#27;[35m[HTTP]&amp#27;[39m &amp#27;[37m-->&amp#27;[39m &amp#27;[37mGET&amp#27;[39m &amp#27;[37m/wd/hub/session/b3dacd11-d15d-49b3-9b92-90ebc76c94ca&amp#27;[39m
&amp#27;[35m[HTTP]&amp#27;[39m &amp#27;[90m{}&amp#27;[39m
[debug] &amp#27;[35m[W3C (b3dacd11)]&amp#27;[39m Calling AppiumDriver.getSession() with args: ["b3dacd11-d15d-49b3-9b92-90ebc76c94ca"]
[debug] &amp#27;[35m[UiAutomator2]&amp#27;[39m Getting session details from server to mix in
[debug] &amp#27;[35m[WD Proxy]&amp#27;[39m Matched '/' to command name 'getSession'
[debug] &amp#27;[35m[WD Proxy]&amp#27;[39m Proxying [GET /] to [GET http://127.0.0.1:8200/wd/hub/session/e197d40e-ce5a-4e13-8d3b-48013e2960f0] with no body
[debug] &amp#27;[35m[WD Proxy]&amp#27;[39m Got response with status 200: {"sessionId":"e197d40e-ce5a-4e13-8d3b-48013e2960f0","value":{"lastScrollData":null}}
[debug] &amp#27;[35m[W3C (b3dacd11)]&amp#27;[39m Responding to client with driver.getSession() result: {"platform":"LINUX","webStorageEnabled":false,"takesScreenshot":true,"javascriptEnabled":true,"databaseEnabled":false,"networkConnectionEnabled":true,"locationContextEnabled":false,"warnings":{},"desired":{"platformName":"android","app":"C:\\Users\\Admin\\appiumProjectcicd\\src\\test\\resources\\app\\ApiDemos-debug.apk","appActivity":"io.appium.android.apis.ApiDemos","appPackage":"io.appium.android.apis","automationName":"UiAutomator2","deviceName":"Any Device Name","newCommandTimeout":60,"noReset":true},"platformName":"android","app":"C:\\Users\\Admin\\appiumProjectcicd\\src\\test\\resources\\app\\ApiDemos-debug.apk","appActivity":"io.appium.android.apis.ApiDemos","appPackage":"io.appium.android.apis","automationName":"UiAutomator2","deviceName":"213996502a057ece","newCommandTimeout":60,"noReset":true,"deviceUDID":"213996502a057ece","deviceApiLevel":29,"platformVersion":"10","deviceScreenSize":"1080x2220","deviceScreenDensity":480,"deviceModel":"SM-G960F","deviceManufacturer":"samsung","pixelRatio":3,"sta...
&amp#27;[35m[HTTP]&amp#27;[39m &amp#27;[37m<-- GET /wd/hub/session/b3dacd11-d15d-49b3-9b92-90ebc76c94ca &amp#27;[39m&amp#27;[32m200&amp#27;[39m &amp#27;[90m31 ms - 1130&amp#27;[39m
&amp#27;[35m[HTTP]&amp#27;[39m &amp#27;[90m&amp#27;[39m
&amp#27;[35m[HTTP]&amp#27;[39m &amp#27;[37m-->&amp#27;[39m &amp#27;[37mPOST&amp#27;[39m &amp#27;[37m/wd/hub/session/b3dacd11-d15d-49b3-9b92-90ebc76c94ca/element&amp#27;[39m
&amp#27;[35m[HTTP]&amp#27;[39m &amp#27;[90m{"using":"accessibility id","value":"Views"}&amp#27;[39m
[debug] &amp#27;[35m[W3C (b3dacd11)]&amp#27;[39m Calling AppiumDriver.findElement() with args: ["accessibility id","Views","b3dacd11-d15d-49b3-9b92-90ebc76c94ca"]
[debug] &amp#27;[35m[BaseDriver]&amp#27;[39m Valid locator strategies for this request: xpath, id, class name, accessibility id, css selector, -android uiautomator
[debug] &amp#27;[35m[BaseDriver]&amp#27;[39m Waiting up to 0 ms for condition
[debug] &amp#27;[35m[WD Proxy]&amp#27;[39m Matched '/element' to command name 'findElement'
[debug] &amp#27;[35m[WD Proxy]&amp#27;[39m Proxying [POST /element] to [POST http://127.0.0.1:8200/wd/hub/session/e197d40e-ce5a-4e13-8d3b-48013e2960f0/element] with body: {"strategy":"accessibility id","selector":"Views","context":"","multiple":false}
[debug] &amp#27;[35m[WD Proxy]&amp#27;[39m Got response with status 200: {"sessionId":"e197d40e-ce5a-4e13-8d3b-48013e2960f0","value":{"ELEMENT":"00000000-0000-002e-ffff-ffff00000014","element-6066-11e4-a52e-4f735466cecf":"00000000-0000-002e-ffff-ffff00000014"}}
[debug] &amp#27;[35m[W3C (b3dacd11)]&amp#27;[39m Responding to client with driver.findElement() result: {"element-6066-11e4-a52e-4f735466cecf":"00000000-0000-002e-ffff-ffff00000014","ELEMENT":"00000000-0000-002e-ffff-ffff00000014"}
&amp#27;[35m[HTTP]&amp#27;[39m &amp#27;[37m<-- POST /wd/hub/session/b3dacd11-d15d-49b3-9b92-90ebc76c94ca/element &amp#27;[39m&amp#27;[32m200&amp#27;[39m &amp#27;[90m88 ms - 137&amp#27;[39m
&amp#27;[35m[HTTP]&amp#27;[39m &amp#27;[90m&amp#27;[39m
&amp#27;[35m[HTTP]&amp#27;[39m &amp#27;[37m-->&amp#27;[39m &amp#27;[37mGET&amp#27;[39m &amp#27;[37m/wd/hub/session/b3dacd11-d15d-49b3-9b92-90ebc76c94ca/element/00000000-0000-002e-ffff-ffff00000014/displayed&amp#27;[39m
&amp#27;[35m[HTTP]&amp#27;[39m &amp#27;[90m{}&amp#27;[39m
[debug] &amp#27;[35m[W3C (b3dacd11)]&amp#27;[39m Calling AppiumDriver.elementDisplayed() with args: ["00000000-0000-002e-ffff-ffff00000014","b3dacd11-d15d-49b3-9b92-90ebc76c94ca"]
[debug] &amp#27;[35m[WD Proxy]&amp#27;[39m Matched '/element/00000000-0000-002e-ffff-ffff00000014/attribute/displayed' to command name 'getAttribute'
[debug] &amp#27;[35m[WD Proxy]&amp#27;[39m Proxying [GET /element/00000000-0000-002e-ffff-ffff00000014/attribute/displayed] to [GET http://127.0.0.1:8200/wd/hub/session/e197d40e-ce5a-4e13-8d3b-48013e2960f0/element/00000000-0000-002e-ffff-ffff00000014/attribute/displayed] with no body
[debug] &amp#27;[35m[WD Proxy]&amp#27;[39m Got response with status 200: {"sessionId":"e197d40e-ce5a-4e13-8d3b-48013e2960f0","value":"true"}
[debug] &amp#27;[35m[W3C (b3dacd11)]&amp#27;[39m Responding to client with driver.elementDisplayed() result: true
&amp#27;[35m[HTTP]&amp#27;[39m &amp#27;[37m<-- GET /wd/hub/session/b3dacd11-d15d-49b3-9b92-90ebc76c94ca/element/00000000-0000-002e-ffff-ffff00000014/displayed &amp#27;[39m&amp#27;[32m200&amp#27;[39m &amp#27;[90m60 ms - 14&amp#27;[39m
&amp#27;[35m[HTTP]&amp#27;[39m &amp#27;[90m&amp#27;[39m
[INFO ] 2022-01-18 18:41:43.141 com.qa.AppBaseTest:191 - Clicking on Views
&amp#27;[35m[HTTP]&amp#27;[39m &amp#27;[37m-->&amp#27;[39m &amp#27;[37mGET&amp#27;[39m &amp#27;[37m/wd/hub/session/b3dacd11-d15d-49b3-9b92-90ebc76c94ca&amp#27;[39m
&amp#27;[35m[HTTP]&amp#27;[39m &amp#27;[90m{}&amp#27;[39m
[debug] &amp#27;[35m[W3C (b3dacd11)]&amp#27;[39m Calling AppiumDriver.getSession() with args: ["b3dacd11-d15d-49b3-9b92-90ebc76c94ca"]
[debug] &amp#27;[35m[UiAutomator2]&amp#27;[39m Getting session details from server to mix in
[debug] &amp#27;[35m[WD Proxy]&amp#27;[39m Matched '/' to command name 'getSession'
[debug] &amp#27;[35m[WD Proxy]&amp#27;[39m Proxying [GET /] to [GET http://127.0.0.1:8200/wd/hub/session/e197d40e-ce5a-4e13-8d3b-48013e2960f0] with no body
[debug] &amp#27;[35m[WD Proxy]&amp#27;[39m Got response with status 200: {"sessionId":"e197d40e-ce5a-4e13-8d3b-48013e2960f0","value":{"lastScrollData":null}}
[debug] &amp#27;[35m[W3C (b3dacd11)]&amp#27;[39m Responding to client with driver.getSession() result: {"platform":"LINUX","webStorageEnabled":false,"takesScreenshot":true,"javascriptEnabled":true,"databaseEnabled":false,"networkConnectionEnabled":true,"locationContextEnabled":false,"warnings":{},"desired":{"platformName":"android","app":"C:\\Users\\Admin\\appiumProjectcicd\\src\\test\\resources\\app\\ApiDemos-debug.apk","appActivity":"io.appium.android.apis.ApiDemos","appPackage":"io.appium.android.apis","automationName":"UiAutomator2","deviceName":"Any Device Name","newCommandTimeout":60,"noReset":true},"platformName":"android","app":"C:\\Users\\Admin\\appiumProjectcicd\\src\\test\\resources\\app\\ApiDemos-debug.apk","appActivity":"io.appium.android.apis.ApiDemos","appPackage":"io.appium.android.apis","automationName":"UiAutomator2","deviceName":"213996502a057ece","newCommandTimeout":60,"noReset":true,"deviceUDID":"213996502a057ece","deviceApiLevel":29,"platformVersion":"10","deviceScreenSize":"1080x2220","deviceScreenDensity":480,"deviceModel":"SM-G960F","deviceManufacturer":"samsung","pixelRatio":3,"sta...
&amp#27;[35m[HTTP]&amp#27;[39m &amp#27;[37m<-- GET /wd/hub/session/b3dacd11-d15d-49b3-9b92-90ebc76c94ca &amp#27;[39m&amp#27;[32m200&amp#27;[39m &amp#27;[90m44 ms - 1130&amp#27;[39m
&amp#27;[35m[HTTP]&amp#27;[39m &amp#27;[90m&amp#27;[39m
&amp#27;[35m[HTTP]&amp#27;[39m &amp#27;[37m-->&amp#27;[39m &amp#27;[37mPOST&amp#27;[39m &amp#27;[37m/wd/hub/session/b3dacd11-d15d-49b3-9b92-90ebc76c94ca/element&amp#27;[39m
&amp#27;[35m[HTTP]&amp#27;[39m &amp#27;[90m{"using":"accessibility id","value":"Views"}&amp#27;[39m
[debug] &amp#27;[35m[W3C (b3dacd11)]&amp#27;[39m Calling AppiumDriver.findElement() with args: ["accessibility id","Views","b3dacd11-d15d-49b3-9b92-90ebc76c94ca"]
[debug] &amp#27;[35m[BaseDriver]&amp#27;[39m Valid locator strategies for this request: xpath, id, class name, accessibility id, css selector, -android uiautomator
[debug] &amp#27;[35m[BaseDriver]&amp#27;[39m Waiting up to 0 ms for condition
[debug] &amp#27;[35m[WD Proxy]&amp#27;[39m Matched '/element' to command name 'findElement'
[debug] &amp#27;[35m[WD Proxy]&amp#27;[39m Proxying [POST /element] to [POST http://127.0.0.1:8200/wd/hub/session/e197d40e-ce5a-4e13-8d3b-48013e2960f0/element] with body: {"strategy":"accessibility id","selector":"Views","context":"","multiple":false}
[debug] &amp#27;[35m[WD Proxy]&amp#27;[39m Got response with status 200: {"sessionId":"e197d40e-ce5a-4e13-8d3b-48013e2960f0","value":{"ELEMENT":"00000000-0000-002e-ffff-ffff00000014","element-6066-11e4-a52e-4f735466cecf":"00000000-0000-002e-ffff-ffff00000014"}}
[debug] &amp#27;[35m[W3C (b3dacd11)]&amp#27;[39m Responding to client with driver.findElement() result: {"element-6066-11e4-a52e-4f735466cecf":"00000000-0000-002e-ffff-ffff00000014","ELEMENT":"00000000-0000-002e-ffff-ffff00000014"}
&amp#27;[35m[HTTP]&amp#27;[39m &amp#27;[37m<-- POST /wd/hub/session/b3dacd11-d15d-49b3-9b92-90ebc76c94ca/element &amp#27;[39m&amp#27;[32m200&amp#27;[39m &amp#27;[90m101 ms - 137&amp#27;[39m
&amp#27;[35m[HTTP]&amp#27;[39m &amp#27;[90m&amp#27;[39m
&amp#27;[35m[HTTP]&amp#27;[39m &amp#27;[37m-->&amp#27;[39m &amp#27;[37mPOST&amp#27;[39m &amp#27;[37m/wd/hub/session/b3dacd11-d15d-49b3-9b92-90ebc76c94ca/element/00000000-0000-002e-ffff-ffff00000014/click&amp#27;[39m
&amp#27;[35m[HTTP]&amp#27;[39m &amp#27;[90m{"id":"00000000-0000-002e-ffff-ffff00000014"}&amp#27;[39m
[debug] &amp#27;[35m[W3C (b3dacd11)]&amp#27;[39m Calling AppiumDriver.click() with args: ["00000000-0000-002e-ffff-ffff00000014","b3dacd11-d15d-49b3-9b92-90ebc76c94ca"]
[debug] &amp#27;[35m[WD Proxy]&amp#27;[39m Matched '/element/00000000-0000-002e-ffff-ffff00000014/click' to command name 'click'
[debug] &amp#27;[35m[WD Proxy]&amp#27;[39m Proxying [POST /element/00000000-0000-002e-ffff-ffff00000014/click] to [POST http://127.0.0.1:8200/wd/hub/session/e197d40e-ce5a-4e13-8d3b-48013e2960f0/element/00000000-0000-002e-ffff-ffff00000014/click] with body: {"element":"00000000-0000-002e-ffff-ffff00000014"}
[debug] &amp#27;[35m[WD Proxy]&amp#27;[39m Got response with status 200: {"sessionId":"e197d40e-ce5a-4e13-8d3b-48013e2960f0","value":null}
[debug] &amp#27;[35m[W3C (b3dacd11)]&amp#27;[39m Responding to client with driver.click() result: null
&amp#27;[35m[HTTP]&amp#27;[39m &amp#27;[37m<-- POST /wd/hub/session/b3dacd11-d15d-49b3-9b92-90ebc76c94ca/element/00000000-0000-002e-ffff-ffff00000014/click &amp#27;[39m&amp#27;[32m200&amp#27;[39m &amp#27;[90m1055 ms - 14&amp#27;[39m
&amp#27;[35m[HTTP]&amp#27;[39m &amp#27;[90m&amp#27;[39m
&amp#27;[35m[HTTP]&amp#27;[39m &amp#27;[37m-->&amp#27;[39m &amp#27;[37mGET&amp#27;[39m &amp#27;[37m/wd/hub/session/b3dacd11-d15d-49b3-9b92-90ebc76c94ca&amp#27;[39m
&amp#27;[35m[HTTP]&amp#27;[39m &amp#27;[90m{}&amp#27;[39m
[debug] &amp#27;[35m[W3C (b3dacd11)]&amp#27;[39m Calling AppiumDriver.getSession() with args: ["b3dacd11-d15d-49b3-9b92-90ebc76c94ca"]
[debug] &amp#27;[35m[UiAutomator2]&amp#27;[39m Getting session details from server to mix in
[debug] &amp#27;[35m[WD Proxy]&amp#27;[39m Matched '/' to command name 'getSession'
[debug] &amp#27;[35m[WD Proxy]&amp#27;[39m Proxying [GET /] to [GET http://127.0.0.1:8200/wd/hub/session/e197d40e-ce5a-4e13-8d3b-48013e2960f0] with no body
[debug] &amp#27;[35m[WD Proxy]&amp#27;[39m Got response with status 200: {"sessionId":"e197d40e-ce5a-4e13-8d3b-48013e2960f0","value":{"lastScrollData":null}}
[debug] &amp#27;[35m[W3C (b3dacd11)]&amp#27;[39m Responding to client with driver.getSession() result: {"platform":"LINUX","webStorageEnabled":false,"takesScreenshot":true,"javascriptEnabled":true,"databaseEnabled":false,"networkConnectionEnabled":true,"locationContextEnabled":false,"warnings":{},"desired":{"platformName":"android","app":"C:\\Users\\Admin\\appiumProjectcicd\\src\\test\\resources\\app\\ApiDemos-debug.apk","appActivity":"io.appium.android.apis.ApiDemos","appPackage":"io.appium.android.apis","automationName":"UiAutomator2","deviceName":"Any Device Name","newCommandTimeout":60,"noReset":true},"platformName":"android","app":"C:\\Users\\Admin\\appiumProjectcicd\\src\\test\\resources\\app\\ApiDemos-debug.apk","appActivity":"io.appium.android.apis.ApiDemos","appPackage":"io.appium.android.apis","automationName":"UiAutomator2","deviceName":"213996502a057ece","newCommandTimeout":60,"noReset":true,"deviceUDID":"213996502a057ece","deviceApiLevel":29,"platformVersion":"10","deviceScreenSize":"1080x2220","deviceScreenDensity":480,"deviceModel":"SM-G960F","deviceManufacturer":"samsung","pixelRatio":3,"sta...
&amp#27;[35m[HTTP]&amp#27;[39m &amp#27;[37m<-- GET /wd/hub/session/b3dacd11-d15d-49b3-9b92-90ebc76c94ca &amp#27;[39m&amp#27;[32m200&amp#27;[39m &amp#27;[90m38 ms - 1130&amp#27;[39m
&amp#27;[35m[HTTP]&amp#27;[39m &amp#27;[90m&amp#27;[39m
&amp#27;[35m[HTTP]&amp#27;[39m &amp#27;[37m-->&amp#27;[39m &amp#27;[37mGET&amp#27;[39m &amp#27;[37m/wd/hub/session/b3dacd11-d15d-49b3-9b92-90ebc76c94ca&amp#27;[39m
&amp#27;[35m[HTTP]&amp#27;[39m &amp#27;[90m{}&amp#27;[39m
[debug] &amp#27;[35m[W3C (b3dacd11)]&amp#27;[39m Calling AppiumDriver.getSession() with args: ["b3dacd11-d15d-49b3-9b92-90ebc76c94ca"]
[debug] &amp#27;[35m[UiAutomator2]&amp#27;[39m Getting session details from server to mix in
[debug] &amp#27;[35m[WD Proxy]&amp#27;[39m Matched '/' to command name 'getSession'
[debug] &amp#27;[35m[WD Proxy]&amp#27;[39m Proxying [GET /] to [GET http://127.0.0.1:8200/wd/hub/session/e197d40e-ce5a-4e13-8d3b-48013e2960f0] with no body
[debug] &amp#27;[35m[WD Proxy]&amp#27;[39m Got response with status 200: {"sessionId":"e197d40e-ce5a-4e13-8d3b-48013e2960f0","value":{"lastScrollData":null}}
[debug] &amp#27;[35m[W3C (b3dacd11)]&amp#27;[39m Responding to client with driver.getSession() result: {"platform":"LINUX","webStorageEnabled":false,"takesScreenshot":true,"javascriptEnabled":true,"databaseEnabled":false,"networkConnectionEnabled":true,"locationContextEnabled":false,"warnings":{},"desired":{"platformName":"android","app":"C:\\Users\\Admin\\appiumProjectcicd\\src\\test\\resources\\app\\ApiDemos-debug.apk","appActivity":"io.appium.android.apis.ApiDemos","appPackage":"io.appium.android.apis","automationName":"UiAutomator2","deviceName":"Any Device Name","newCommandTimeout":60,"noReset":true},"platformName":"android","app":"C:\\Users\\Admin\\appiumProjectcicd\\src\\test\\resources\\app\\ApiDemos-debug.apk","appActivity":"io.appium.android.apis.ApiDemos","appPackage":"io.appium.android.apis","automationName":"UiAutomator2","deviceName":"213996502a057ece","newCommandTimeout":60,"noReset":true,"deviceUDID":"213996502a057ece","deviceApiLevel":29,"platformVersion":"10","deviceScreenSize":"1080x2220","deviceScreenDensity":480,"deviceModel":"SM-G960F","deviceManufacturer":"samsung","pixelRatio":3,"sta...
&amp#27;[35m[HTTP]&amp#27;[39m &amp#27;[37m<-- GET /wd/hub/session/b3dacd11-d15d-49b3-9b92-90ebc76c94ca &amp#27;[39m&amp#27;[32m200&amp#27;[39m &amp#27;[90m9 ms - 1130&amp#27;[39m
&amp#27;[35m[HTTP]&amp#27;[39m &amp#27;[90m&amp#27;[39m
&amp#27;[35m[HTTP]&amp#27;[39m &amp#27;[37m-->&amp#27;[39m &amp#27;[37mGET&amp#27;[39m &amp#27;[37m/wd/hub/session/b3dacd11-d15d-49b3-9b92-90ebc76c94ca&amp#27;[39m
&amp#27;[35m[HTTP]&amp#27;[39m &amp#27;[90m{}&amp#27;[39m
[debug] &amp#27;[35m[W3C (b3dacd11)]&amp#27;[39m Calling AppiumDriver.getSession() with args: ["b3dacd11-d15d-49b3-9b92-90ebc76c94ca"]
[debug] &amp#27;[35m[UiAutomator2]&amp#27;[39m Getting session details from server to mix in
[debug] &amp#27;[35m[WD Proxy]&amp#27;[39m Matched '/' to command name 'getSession'
[debug] &amp#27;[35m[WD Proxy]&amp#27;[39m Proxying [GET /] to [GET http://127.0.0.1:8200/wd/hub/session/e197d40e-ce5a-4e13-8d3b-48013e2960f0] with no body
[debug] &amp#27;[35m[WD Proxy]&amp#27;[39m Got response with status 200: {"sessionId":"e197d40e-ce5a-4e13-8d3b-48013e2960f0","value":{"lastScrollData":null}}
[debug] &amp#27;[35m[W3C (b3dacd11)]&amp#27;[39m Responding to client with driver.getSession() result: {"platform":"LINUX","webStorageEnabled":false,"takesScreenshot":true,"javascriptEnabled":true,"databaseEnabled":false,"networkConnectionEnabled":true,"locationContextEnabled":false,"warnings":{},"desired":{"platformName":"android","app":"C:\\Users\\Admin\\appiumProjectcicd\\src\\test\\resources\\app\\ApiDemos-debug.apk","appActivity":"io.appium.android.apis.ApiDemos","appPackage":"io.appium.android.apis","automationName":"UiAutomator2","deviceName":"Any Device Name","newCommandTimeout":60,"noReset":true},"platformName":"android","app":"C:\\Users\\Admin\\appiumProjectcicd\\src\\test\\resources\\app\\ApiDemos-debug.apk","appActivity":"io.appium.android.apis.ApiDemos","appPackage":"io.appium.android.apis","automationName":"UiAutomator2","deviceName":"213996502a057ece","newCommandTimeout":60,"noReset":true,"deviceUDID":"213996502a057ece","deviceApiLevel":29,"platformVersion":"10","deviceScreenSize":"1080x2220","deviceScreenDensity":480,"deviceModel":"SM-G960F","deviceManufacturer":"samsung","pixelRatio":3,"sta...
&amp#27;[35m[HTTP]&amp#27;[39m &amp#27;[37m<-- GET /wd/hub/session/b3dacd11-d15d-49b3-9b92-90ebc76c94ca &amp#27;[39m&amp#27;[32m200&amp#27;[39m &amp#27;[90m9 ms - 1130&amp#27;[39m
&amp#27;[35m[HTTP]&amp#27;[39m &amp#27;[90m&amp#27;[39m
&amp#27;[35m[HTTP]&amp#27;[39m &amp#27;[37m-->&amp#27;[39m &amp#27;[37mPOST&amp#27;[39m &amp#27;[37m/wd/hub/session/b3dacd11-d15d-49b3-9b92-90ebc76c94ca/element&amp#27;[39m
&amp#27;[35m[HTTP]&amp#27;[39m &amp#27;[90m{"using":"accessibility id","value":"Drag and Drop"}&amp#27;[39m
[debug] &amp#27;[35m[W3C (b3dacd11)]&amp#27;[39m Calling AppiumDriver.findElement() with args: ["accessibility id","Drag and Drop","b3dacd11-d15d-49b3-9b92-90ebc76c94ca"]
[debug] &amp#27;[35m[BaseDriver]&amp#27;[39m Valid locator strategies for this request: xpath, id, class name, accessibility id, css selector, -android uiautomator
[debug] &amp#27;[35m[BaseDriver]&amp#27;[39m Waiting up to 0 ms for condition
[debug] &amp#27;[35m[WD Proxy]&amp#27;[39m Matched '/element' to command name 'findElement'
[debug] &amp#27;[35m[WD Proxy]&amp#27;[39m Proxying [POST /element] to [POST http://127.0.0.1:8200/wd/hub/session/e197d40e-ce5a-4e13-8d3b-48013e2960f0/element] with body: {"strategy":"accessibility id","selector":"Drag and Drop","context":"","multiple":false}
[debug] &amp#27;[35m[WD Proxy]&amp#27;[39m Got response with status 200: {"sessionId":"e197d40e-ce5a-4e13-8d3b-48013e2960f0","value":{"ELEMENT":"00000000-0000-0030-ffff-ffff0000003e","element-6066-11e4-a52e-4f735466cecf":"00000000-0000-0030-ffff-ffff0000003e"}}
[debug] &amp#27;[35m[W3C (b3dacd11)]&amp#27;[39m Responding to client with driver.findElement() result: {"element-6066-11e4-a52e-4f735466cecf":"00000000-0000-0030-ffff-ffff0000003e","ELEMENT":"00000000-0000-0030-ffff-ffff0000003e"}
&amp#27;[35m[HTTP]&amp#27;[39m &amp#27;[37m<-- POST /wd/hub/session/b3dacd11-d15d-49b3-9b92-90ebc76c94ca/element &amp#27;[39m&amp#27;[32m200&amp#27;[39m &amp#27;[90m23 ms - 137&amp#27;[39m
&amp#27;[35m[HTTP]&amp#27;[39m &amp#27;[90m&amp#27;[39m
&amp#27;[35m[HTTP]&amp#27;[39m &amp#27;[37m-->&amp#27;[39m &amp#27;[37mGET&amp#27;[39m &amp#27;[37m/wd/hub/session/b3dacd11-d15d-49b3-9b92-90ebc76c94ca/element/00000000-0000-0030-ffff-ffff0000003e/displayed&amp#27;[39m
&amp#27;[35m[HTTP]&amp#27;[39m &amp#27;[90m{}&amp#27;[39m
[debug] &amp#27;[35m[W3C (b3dacd11)]&amp#27;[39m Calling AppiumDriver.elementDisplayed() with args: ["00000000-0000-0030-ffff-ffff0000003e","b3dacd11-d15d-49b3-9b92-90ebc76c94ca"]
[debug] &amp#27;[35m[WD Proxy]&amp#27;[39m Matched '/element/00000000-0000-0030-ffff-ffff0000003e/attribute/displayed' to command name 'getAttribute'
[debug] &amp#27;[35m[WD Proxy]&amp#27;[39m Proxying [GET /element/00000000-0000-0030-ffff-ffff0000003e/attribute/displayed] to [GET http://127.0.0.1:8200/wd/hub/session/e197d40e-ce5a-4e13-8d3b-48013e2960f0/element/00000000-0000-0030-ffff-ffff0000003e/attribute/displayed] with no body
[debug] &amp#27;[35m[WD Proxy]&amp#27;[39m Got response with status 200: {"sessionId":"e197d40e-ce5a-4e13-8d3b-48013e2960f0","value":"true"}
[debug] &amp#27;[35m[W3C (b3dacd11)]&amp#27;[39m Responding to client with driver.elementDisplayed() result: true
&amp#27;[35m[HTTP]&amp#27;[39m &amp#27;[37m<-- GET /wd/hub/session/b3dacd11-d15d-49b3-9b92-90ebc76c94ca/element/00000000-0000-0030-ffff-ffff0000003e/displayed &amp#27;[39m&amp#27;[32m200&amp#27;[39m &amp#27;[90m34 ms - 14&amp#27;[39m
&amp#27;[35m[HTTP]&amp#27;[39m &amp#27;[90m&amp#27;[39m
[INFO ] 2022-01-18 18:41:44.517 com.qa.AppBaseTest:191 - Click on Drag and Drop option
&amp#27;[35m[HTTP]&amp#27;[39m &amp#27;[37m-->&amp#27;[39m &amp#27;[37mGET&amp#27;[39m &amp#27;[37m/wd/hub/session/b3dacd11-d15d-49b3-9b92-90ebc76c94ca&amp#27;[39m
&amp#27;[35m[HTTP]&amp#27;[39m &amp#27;[90m{}&amp#27;[39m
[debug] &amp#27;[35m[W3C (b3dacd11)]&amp#27;[39m Calling AppiumDriver.getSession() with args: ["b3dacd11-d15d-49b3-9b92-90ebc76c94ca"]
[debug] &amp#27;[35m[UiAutomator2]&amp#27;[39m Getting session details from server to mix in
[debug] &amp#27;[35m[WD Proxy]&amp#27;[39m Matched '/' to command name 'getSession'
[debug] &amp#27;[35m[WD Proxy]&amp#27;[39m Proxying [GET /] to [GET http://127.0.0.1:8200/wd/hub/session/e197d40e-ce5a-4e13-8d3b-48013e2960f0] with no body
[debug] &amp#27;[35m[WD Proxy]&amp#27;[39m Got response with status 200: {"sessionId":"e197d40e-ce5a-4e13-8d3b-48013e2960f0","value":{"lastScrollData":null}}
[debug] &amp#27;[35m[W3C (b3dacd11)]&amp#27;[39m Responding to client with driver.getSession() result: {"platform":"LINUX","webStorageEnabled":false,"takesScreenshot":true,"javascriptEnabled":true,"databaseEnabled":false,"networkConnectionEnabled":true,"locationContextEnabled":false,"warnings":{},"desired":{"platformName":"android","app":"C:\\Users\\Admin\\appiumProjectcicd\\src\\test\\resources\\app\\ApiDemos-debug.apk","appActivity":"io.appium.android.apis.ApiDemos","appPackage":"io.appium.android.apis","automationName":"UiAutomator2","deviceName":"Any Device Name","newCommandTimeout":60,"noReset":true},"platformName":"android","app":"C:\\Users\\Admin\\appiumProjectcicd\\src\\test\\resources\\app\\ApiDemos-debug.apk","appActivity":"io.appium.android.apis.ApiDemos","appPackage":"io.appium.android.apis","automationName":"UiAutomator2","deviceName":"213996502a057ece","newCommandTimeout":60,"noReset":true,"deviceUDID":"213996502a057ece","deviceApiLevel":29,"platformVersion":"10","deviceScreenSize":"1080x2220","deviceScreenDensity":480,"deviceModel":"SM-G960F","deviceManufacturer":"samsung","pixelRatio":3,"sta...
&amp#27;[35m[HTTP]&amp#27;[39m &amp#27;[37m<-- GET /wd/hub/session/b3dacd11-d15d-49b3-9b92-90ebc76c94ca &amp#27;[39m&amp#27;[32m200&amp#27;[39m &amp#27;[90m20 ms - 1130&amp#27;[39m
&amp#27;[35m[HTTP]&amp#27;[39m &amp#27;[90m&amp#27;[39m
&amp#27;[35m[HTTP]&amp#27;[39m &amp#27;[37m-->&amp#27;[39m &amp#27;[37mPOST&amp#27;[39m &amp#27;[37m/wd/hub/session/b3dacd11-d15d-49b3-9b92-90ebc76c94ca/element&amp#27;[39m
&amp#27;[35m[HTTP]&amp#27;[39m &amp#27;[90m{"using":"accessibility id","value":"Drag and Drop"}&amp#27;[39m
[debug] &amp#27;[35m[W3C (b3dacd11)]&amp#27;[39m Calling AppiumDriver.findElement() with args: ["accessibility id","Drag and Drop","b3dacd11-d15d-49b3-9b92-90ebc76c94ca"]
[debug] &amp#27;[35m[BaseDriver]&amp#27;[39m Valid locator strategies for this request: xpath, id, class name, accessibility id, css selector, -android uiautomator
[debug] &amp#27;[35m[BaseDriver]&amp#27;[39m Waiting up to 0 ms for condition
[debug] &amp#27;[35m[WD Proxy]&amp#27;[39m Matched '/element' to command name 'findElement'
[debug] &amp#27;[35m[WD Proxy]&amp#27;[39m Proxying [POST /element] to [POST http://127.0.0.1:8200/wd/hub/session/e197d40e-ce5a-4e13-8d3b-48013e2960f0/element] with body: {"strategy":"accessibility id","selector":"Drag and Drop","context":"","multiple":false}
[debug] &amp#27;[35m[WD Proxy]&amp#27;[39m Got response with status 200: {"sessionId":"e197d40e-ce5a-4e13-8d3b-48013e2960f0","value":{"ELEMENT":"00000000-0000-0030-ffff-ffff0000003e","element-6066-11e4-a52e-4f735466cecf":"00000000-0000-0030-ffff-ffff0000003e"}}
[debug] &amp#27;[35m[W3C (b3dacd11)]&amp#27;[39m Responding to client with driver.findElement() result: {"element-6066-11e4-a52e-4f735466cecf":"00000000-0000-0030-ffff-ffff0000003e","ELEMENT":"00000000-0000-0030-ffff-ffff0000003e"}
&amp#27;[35m[HTTP]&amp#27;[39m &amp#27;[37m<-- POST /wd/hub/session/b3dacd11-d15d-49b3-9b92-90ebc76c94ca/element &amp#27;[39m&amp#27;[32m200&amp#27;[39m &amp#27;[90m85 ms - 137&amp#27;[39m
&amp#27;[35m[HTTP]&amp#27;[39m &amp#27;[90m&amp#27;[39m
&amp#27;[35m[HTTP]&amp#27;[39m &amp#27;[37m-->&amp#27;[39m &amp#27;[37mPOST&amp#27;[39m &amp#27;[37m/wd/hub/session/b3dacd11-d15d-49b3-9b92-90ebc76c94ca/element/00000000-0000-0030-ffff-ffff0000003e/click&amp#27;[39m
&amp#27;[35m[HTTP]&amp#27;[39m &amp#27;[90m{"id":"00000000-0000-0030-ffff-ffff0000003e"}&amp#27;[39m
[debug] &amp#27;[35m[W3C (b3dacd11)]&amp#27;[39m Calling AppiumDriver.click() with args: ["00000000-0000-0030-ffff-ffff0000003e","b3dacd11-d15d-49b3-9b92-90ebc76c94ca"]
[debug] &amp#27;[35m[WD Proxy]&amp#27;[39m Matched '/element/00000000-0000-0030-ffff-ffff0000003e/click' to command name 'click'
[debug] &amp#27;[35m[WD Proxy]&amp#27;[39m Proxying [POST /element/00000000-0000-0030-ffff-ffff0000003e/click] to [POST http://127.0.0.1:8200/wd/hub/session/e197d40e-ce5a-4e13-8d3b-48013e2960f0/element/00000000-0000-0030-ffff-ffff0000003e/click] with body: {"element":"00000000-0000-0030-ffff-ffff0000003e"}
[debug] &amp#27;[35m[WD Proxy]&amp#27;[39m Got response with status 200: {"sessionId":"e197d40e-ce5a-4e13-8d3b-48013e2960f0","value":null}
[debug] &amp#27;[35m[W3C (b3dacd11)]&amp#27;[39m Responding to client with driver.click() result: null
&amp#27;[35m[HTTP]&amp#27;[39m &amp#27;[37m<-- POST /wd/hub/session/b3dacd11-d15d-49b3-9b92-90ebc76c94ca/element/00000000-0000-0030-ffff-ffff0000003e/click &amp#27;[39m&amp#27;[32m200&amp#27;[39m &amp#27;[90m859 ms - 14&amp#27;[39m
&amp#27;[35m[HTTP]&amp#27;[39m &amp#27;[90m&amp#27;[39m
&amp#27;[35m[HTTP]&amp#27;[39m &amp#27;[37m-->&amp#27;[39m &amp#27;[37mGET&amp#27;[39m &amp#27;[37m/wd/hub/session/b3dacd11-d15d-49b3-9b92-90ebc76c94ca&amp#27;[39m
&amp#27;[35m[HTTP]&amp#27;[39m &amp#27;[90m{}&amp#27;[39m
[debug] &amp#27;[35m[W3C (b3dacd11)]&amp#27;[39m Calling AppiumDriver.getSession() with args: ["b3dacd11-d15d-49b3-9b92-90ebc76c94ca"]
[debug] &amp#27;[35m[UiAutomator2]&amp#27;[39m Getting session details from server to mix in
[debug] &amp#27;[35m[WD Proxy]&amp#27;[39m Matched '/' to command name 'getSession'
[debug] &amp#27;[35m[WD Proxy]&amp#27;[39m Proxying [GET /] to [GET http://127.0.0.1:8200/wd/hub/session/e197d40e-ce5a-4e13-8d3b-48013e2960f0] with no body
[debug] &amp#27;[35m[WD Proxy]&amp#27;[39m Got response with status 200: {"sessionId":"e197d40e-ce5a-4e13-8d3b-48013e2960f0","value":{"lastScrollData":null}}
[debug] &amp#27;[35m[W3C (b3dacd11)]&amp#27;[39m Responding to client with driver.getSession() result: {"platform":"LINUX","webStorageEnabled":false,"takesScreenshot":true,"javascriptEnabled":true,"databaseEnabled":false,"networkConnectionEnabled":true,"locationContextEnabled":false,"warnings":{},"desired":{"platformName":"android","app":"C:\\Users\\Admin\\appiumProjectcicd\\src\\test\\resources\\app\\ApiDemos-debug.apk","appActivity":"io.appium.android.apis.ApiDemos","appPackage":"io.appium.android.apis","automationName":"UiAutomator2","deviceName":"Any Device Name","newCommandTimeout":60,"noReset":true},"platformName":"android","app":"C:\\Users\\Admin\\appiumProjectcicd\\src\\test\\resources\\app\\ApiDemos-debug.apk","appActivity":"io.appium.android.apis.ApiDemos","appPackage":"io.appium.android.apis","automationName":"UiAutomator2","deviceName":"213996502a057ece","newCommandTimeout":60,"noReset":true,"deviceUDID":"213996502a057ece","deviceApiLevel":29,"platformVersion":"10","deviceScreenSize":"1080x2220","deviceScreenDensity":480,"deviceModel":"SM-G960F","deviceManufacturer":"samsung","pixelRatio":3,"sta...
&amp#27;[35m[HTTP]&amp#27;[39m &amp#27;[37m<-- GET /wd/hub/session/b3dacd11-d15d-49b3-9b92-90ebc76c94ca &amp#27;[39m&amp#27;[32m200&amp#27;[39m &amp#27;[90m11 ms - 1130&amp#27;[39m
&amp#27;[35m[HTTP]&amp#27;[39m &amp#27;[90m&amp#27;[39m
&amp#27;[35m[HTTP]&amp#27;[39m &amp#27;[37m-->&amp#27;[39m &amp#27;[37mGET&amp#27;[39m &amp#27;[37m/wd/hub/session/b3dacd11-d15d-49b3-9b92-90ebc76c94ca&amp#27;[39m
&amp#27;[35m[HTTP]&amp#27;[39m &amp#27;[90m{}&amp#27;[39m
[debug] &amp#27;[35m[W3C (b3dacd11)]&amp#27;[39m Calling AppiumDriver.getSession() with args: ["b3dacd11-d15d-49b3-9b92-90ebc76c94ca"]
[debug] &amp#27;[35m[UiAutomator2]&amp#27;[39m Getting session details from server to mix in
[debug] &amp#27;[35m[WD Proxy]&amp#27;[39m Matched '/' to command name 'getSession'
[debug] &amp#27;[35m[WD Proxy]&amp#27;[39m Proxying [GET /] to [GET http://127.0.0.1:8200/wd/hub/session/e197d40e-ce5a-4e13-8d3b-48013e2960f0] with no body
[debug] &amp#27;[35m[WD Proxy]&amp#27;[39m Got response with status 200: {"sessionId":"e197d40e-ce5a-4e13-8d3b-48013e2960f0","value":{"lastScrollData":null}}
[debug] &amp#27;[35m[W3C (b3dacd11)]&amp#27;[39m Responding to client with driver.getSession() result: {"platform":"LINUX","webStorageEnabled":false,"takesScreenshot":true,"javascriptEnabled":true,"databaseEnabled":false,"networkConnectionEnabled":true,"locationContextEnabled":false,"warnings":{},"desired":{"platformName":"android","app":"C:\\Users\\Admin\\appiumProjectcicd\\src\\test\\resources\\app\\ApiDemos-debug.apk","appActivity":"io.appium.android.apis.ApiDemos","appPackage":"io.appium.android.apis","automationName":"UiAutomator2","deviceName":"Any Device Name","newCommandTimeout":60,"noReset":true},"platformName":"android","app":"C:\\Users\\Admin\\appiumProjectcicd\\src\\test\\resources\\app\\ApiDemos-debug.apk","appActivity":"io.appium.android.apis.ApiDemos","appPackage":"io.appium.android.apis","automationName":"UiAutomator2","deviceName":"213996502a057ece","newCommandTimeout":60,"noReset":true,"deviceUDID":"213996502a057ece","deviceApiLevel":29,"platformVersion":"10","deviceScreenSize":"1080x2220","deviceScreenDensity":480,"deviceModel":"SM-G960F","deviceManufacturer":"samsung","pixelRatio":3,"sta...
&amp#27;[35m[HTTP]&amp#27;[39m &amp#27;[37m<-- GET /wd/hub/session/b3dacd11-d15d-49b3-9b92-90ebc76c94ca &amp#27;[39m&amp#27;[32m200&amp#27;[39m &amp#27;[90m14 ms - 1130&amp#27;[39m
&amp#27;[35m[HTTP]&amp#27;[39m &amp#27;[90m&amp#27;[39m
[INFO ] 2022-01-18 18:41:45.562 com.qa.pages.DragAndDropPage:29 - Identify element for first circle
[INFO ] 2022-01-18 18:41:45.562 com.qa.pages.DragAndDropPage:37 - Identify element for second circle
&amp#27;[35m[HTTP]&amp#27;[39m &amp#27;[37m-->&amp#27;[39m &amp#27;[37mGET&amp#27;[39m &amp#27;[37m/wd/hub/session/b3dacd11-d15d-49b3-9b92-90ebc76c94ca&amp#27;[39m
&amp#27;[35m[HTTP]&amp#27;[39m &amp#27;[90m{}&amp#27;[39m
[debug] &amp#27;[35m[W3C (b3dacd11)]&amp#27;[39m Calling AppiumDriver.getSession() with args: ["b3dacd11-d15d-49b3-9b92-90ebc76c94ca"]
[debug] &amp#27;[35m[UiAutomator2]&amp#27;[39m Getting session details from server to mix in
[debug] &amp#27;[35m[WD Proxy]&amp#27;[39m Matched '/' to command name 'getSession'
[debug] &amp#27;[35m[WD Proxy]&amp#27;[39m Proxying [GET /] to [GET http://127.0.0.1:8200/wd/hub/session/e197d40e-ce5a-4e13-8d3b-48013e2960f0] with no body
[debug] &amp#27;[35m[WD Proxy]&amp#27;[39m Got response with status 200: {"sessionId":"e197d40e-ce5a-4e13-8d3b-48013e2960f0","value":{"lastScrollData":null}}
[debug] &amp#27;[35m[W3C (b3dacd11)]&amp#27;[39m Responding to client with driver.getSession() result: {"platform":"LINUX","webStorageEnabled":false,"takesScreenshot":true,"javascriptEnabled":true,"databaseEnabled":false,"networkConnectionEnabled":true,"locationContextEnabled":false,"warnings":{},"desired":{"platformName":"android","app":"C:\\Users\\Admin\\appiumProjectcicd\\src\\test\\resources\\app\\ApiDemos-debug.apk","appActivity":"io.appium.android.apis.ApiDemos","appPackage":"io.appium.android.apis","automationName":"UiAutomator2","deviceName":"Any Device Name","newCommandTimeout":60,"noReset":true},"platformName":"android","app":"C:\\Users\\Admin\\appiumProjectcicd\\src\\test\\resources\\app\\ApiDemos-debug.apk","appActivity":"io.appium.android.apis.ApiDemos","appPackage":"io.appium.android.apis","automationName":"UiAutomator2","deviceName":"213996502a057ece","newCommandTimeout":60,"noReset":true,"deviceUDID":"213996502a057ece","deviceApiLevel":29,"platformVersion":"10","deviceScreenSize":"1080x2220","deviceScreenDensity":480,"deviceModel":"SM-G960F","deviceManufacturer":"samsung","pixelRatio":3,"sta...
&amp#27;[35m[HTTP]&amp#27;[39m &amp#27;[37m<-- GET /wd/hub/session/b3dacd11-d15d-49b3-9b92-90ebc76c94ca &amp#27;[39m&amp#27;[32m200&amp#27;[39m &amp#27;[90m9 ms - 1130&amp#27;[39m
&amp#27;[35m[HTTP]&amp#27;[39m &amp#27;[90m&amp#27;[39m
&amp#27;[35m[HTTP]&amp#27;[39m &amp#27;[37m-->&amp#27;[39m &amp#27;[37mPOST&amp#27;[39m &amp#27;[37m/wd/hub/session/b3dacd11-d15d-49b3-9b92-90ebc76c94ca/element&amp#27;[39m
&amp#27;[35m[HTTP]&amp#27;[39m &amp#27;[90m{"using":"id","value":"drag_dot_1"}&amp#27;[39m
[debug] &amp#27;[35m[W3C (b3dacd11)]&amp#27;[39m Calling AppiumDriver.findElement() with args: ["id","drag_dot_1","b3dacd11-d15d-49b3-9b92-90ebc76c94ca"]
[debug] &amp#27;[35m[BaseDriver]&amp#27;[39m Valid locator strategies for this request: xpath, id, class name, accessibility id, css selector, -android uiautomator
[debug] &amp#27;[35m[BaseDriver]&amp#27;[39m Waiting up to 0 ms for condition
[debug] &amp#27;[35m[WD Proxy]&amp#27;[39m Matched '/element' to command name 'findElement'
[debug] &amp#27;[35m[WD Proxy]&amp#27;[39m Proxying [POST /element] to [POST http://127.0.0.1:8200/wd/hub/session/e197d40e-ce5a-4e13-8d3b-48013e2960f0/element] with body: {"strategy":"id","selector":"drag_dot_1","context":"","multiple":false}
[debug] &amp#27;[35m[WD Proxy]&amp#27;[39m Got response with status 200: {"sessionId":"e197d40e-ce5a-4e13-8d3b-48013e2960f0","value":{"ELEMENT":"00000000-0000-0031-ffff-ffff00000049","element-6066-11e4-a52e-4f735466cecf":"00000000-0000-0031-ffff-ffff00000049"}}
[debug] &amp#27;[35m[W3C (b3dacd11)]&amp#27;[39m Responding to client with driver.findElement() result: {"element-6066-11e4-a52e-4f735466cecf":"00000000-0000-0031-ffff-ffff00000049","ELEMENT":"00000000-0000-0031-ffff-ffff00000049"}
&amp#27;[35m[HTTP]&amp#27;[39m &amp#27;[37m<-- POST /wd/hub/session/b3dacd11-d15d-49b3-9b92-90ebc76c94ca/element &amp#27;[39m&amp#27;[32m200&amp#27;[39m &amp#27;[90m76 ms - 137&amp#27;[39m
&amp#27;[35m[HTTP]&amp#27;[39m &amp#27;[90m&amp#27;[39m
&amp#27;[35m[HTTP]&amp#27;[39m &amp#27;[37m-->&amp#27;[39m &amp#27;[37mPOST&amp#27;[39m &amp#27;[37m/wd/hub/session/b3dacd11-d15d-49b3-9b92-90ebc76c94ca/touch/perform&amp#27;[39m
&amp#27;[35m[HTTP]&amp#27;[39m &amp#27;[90m{"actions":[{"action":"longPress","options":{"element":"00000000-0000-0031-ffff-ffff00000049"}}]}&amp#27;[39m
[debug] &amp#27;[35m[W3C (b3dacd11)]&amp#27;[39m Calling AppiumDriver.performTouch() with args: [[{"action":"longPress","options":{"element":"00000000-0000-0031-ffff-ffff00000049"}}],"b3dacd11-d15d-49b3-9b92-90ebc76c94ca"]
&amp#27;[35m[UiAutomator2]&amp#27;[39m calling get location: 00000000-0000-0031-ffff-ffff00000049
[debug] &amp#27;[35m[WD Proxy]&amp#27;[39m Matched '/element/00000000-0000-0031-ffff-ffff00000049/location' to command name 'getLocation'
[debug] &amp#27;[35m[WD Proxy]&amp#27;[39m Proxying [GET /element/00000000-0000-0031-ffff-ffff00000049/location] to [GET http://127.0.0.1:8200/wd/hub/session/e197d40e-ce5a-4e13-8d3b-48013e2960f0/element/00000000-0000-0031-ffff-ffff00000049/location] with no body
[debug] &amp#27;[35m[WD Proxy]&amp#27;[39m Got response with status 200: {"sessionId":"e197d40e-ce5a-4e13-8d3b-48013e2960f0","value":{"x":0,"y":395}}
[debug] &amp#27;[35m[WD Proxy]&amp#27;[39m Matched '/element/00000000-0000-0031-ffff-ffff00000049/size' to command name 'getSize'
[debug] &amp#27;[35m[WD Proxy]&amp#27;[39m Proxying [GET /element/00000000-0000-0031-ffff-ffff00000049/size] to [GET http://127.0.0.1:8200/wd/hub/session/e197d40e-ce5a-4e13-8d3b-48013e2960f0/element/00000000-0000-0031-ffff-ffff00000049/size] with no body
[debug] &amp#27;[35m[WD Proxy]&amp#27;[39m Got response with status 200: {"sessionId":"e197d40e-ce5a-4e13-8d3b-48013e2960f0","value":{"height":474,"width":474}}
[debug] &amp#27;[35m[WD Proxy]&amp#27;[39m Matched '/touch/down' to command name 'touchDown'
[debug] &amp#27;[35m[WD Proxy]&amp#27;[39m Proxying [POST /touch/down] to [POST http://127.0.0.1:8200/wd/hub/session/e197d40e-ce5a-4e13-8d3b-48013e2960f0/touch/down] with body: {"params":{"element":null,"x":237,"y":632}}
[debug] &amp#27;[35m[WD Proxy]&amp#27;[39m Got response with status 200: {"sessionId":"e197d40e-ce5a-4e13-8d3b-48013e2960f0","value":null}
[debug] &amp#27;[35m[W3C (b3dacd11)]&amp#27;[39m Responding to client with driver.performTouch() result: null
&amp#27;[35m[HTTP]&amp#27;[39m &amp#27;[37m<-- POST /wd/hub/session/b3dacd11-d15d-49b3-9b92-90ebc76c94ca/touch/perform &amp#27;[39m&amp#27;[32m200&amp#27;[39m &amp#27;[90m1941 ms - 14&amp#27;[39m
&amp#27;[35m[HTTP]&amp#27;[39m &amp#27;[90m&amp#27;[39m
[INFO ] 2022-01-18 18:41:47.647 com.qa.utils.TestUtils:78 - Perform long press action on the element:Located by By.chained({By.id: drag_dot_1})
&amp#27;[35m[HTTP]&amp#27;[39m &amp#27;[37m-->&amp#27;[39m &amp#27;[37mGET&amp#27;[39m &amp#27;[37m/wd/hub/session/b3dacd11-d15d-49b3-9b92-90ebc76c94ca&amp#27;[39m
&amp#27;[35m[HTTP]&amp#27;[39m &amp#27;[90m{}&amp#27;[39m
[debug] &amp#27;[35m[W3C (b3dacd11)]&amp#27;[39m Calling AppiumDriver.getSession() with args: ["b3dacd11-d15d-49b3-9b92-90ebc76c94ca"]
[debug] &amp#27;[35m[UiAutomator2]&amp#27;[39m Getting session details from server to mix in
[debug] &amp#27;[35m[WD Proxy]&amp#27;[39m Matched '/' to command name 'getSession'
[debug] &amp#27;[35m[WD Proxy]&amp#27;[39m Proxying [GET /] to [GET http://127.0.0.1:8200/wd/hub/session/e197d40e-ce5a-4e13-8d3b-48013e2960f0] with no body
[debug] &amp#27;[35m[WD Proxy]&amp#27;[39m Got response with status 200: {"sessionId":"e197d40e-ce5a-4e13-8d3b-48013e2960f0","value":{"lastScrollData":null}}
[debug] &amp#27;[35m[W3C (b3dacd11)]&amp#27;[39m Responding to client with driver.getSession() result: {"platform":"LINUX","webStorageEnabled":false,"takesScreenshot":true,"javascriptEnabled":true,"databaseEnabled":false,"networkConnectionEnabled":true,"locationContextEnabled":false,"warnings":{},"desired":{"platformName":"android","app":"C:\\Users\\Admin\\appiumProjectcicd\\src\\test\\resources\\app\\ApiDemos-debug.apk","appActivity":"io.appium.android.apis.ApiDemos","appPackage":"io.appium.android.apis","automationName":"UiAutomator2","deviceName":"Any Device Name","newCommandTimeout":60,"noReset":true},"platformName":"android","app":"C:\\Users\\Admin\\appiumProjectcicd\\src\\test\\resources\\app\\ApiDemos-debug.apk","appActivity":"io.appium.android.apis.ApiDemos","appPackage":"io.appium.android.apis","automationName":"UiAutomator2","deviceName":"213996502a057ece","newCommandTimeout":60,"noReset":true,"deviceUDID":"213996502a057ece","deviceApiLevel":29,"platformVersion":"10","deviceScreenSize":"1080x2220","deviceScreenDensity":480,"deviceModel":"SM-G960F","deviceManufacturer":"samsung","pixelRatio":3,"sta...
&amp#27;[35m[HTTP]&amp#27;[39m &amp#27;[37m<-- GET /wd/hub/session/b3dacd11-d15d-49b3-9b92-90ebc76c94ca &amp#27;[39m&amp#27;[32m200&amp#27;[39m &amp#27;[90m53 ms - 1130&amp#27;[39m
&amp#27;[35m[HTTP]&amp#27;[39m &amp#27;[90m&amp#27;[39m
&amp#27;[35m[HTTP]&amp#27;[39m &amp#27;[37m-->&amp#27;[39m &amp#27;[37mPOST&amp#27;[39m &amp#27;[37m/wd/hub/session/b3dacd11-d15d-49b3-9b92-90ebc76c94ca/element&amp#27;[39m
&amp#27;[35m[HTTP]&amp#27;[39m &amp#27;[90m{"using":"id","value":"drag_dot_2"}&amp#27;[39m
[debug] &amp#27;[35m[W3C (b3dacd11)]&amp#27;[39m Calling AppiumDriver.findElement() with args: ["id","drag_dot_2","b3dacd11-d15d-49b3-9b92-90ebc76c94ca"]
[debug] &amp#27;[35m[BaseDriver]&amp#27;[39m Valid locator strategies for this request: xpath, id, class name, accessibility id, css selector, -android uiautomator
[debug] &amp#27;[35m[BaseDriver]&amp#27;[39m Waiting up to 0 ms for condition
[debug] &amp#27;[35m[WD Proxy]&amp#27;[39m Matched '/element' to command name 'findElement'
[debug] &amp#27;[35m[WD Proxy]&amp#27;[39m Proxying [POST /element] to [POST http://127.0.0.1:8200/wd/hub/session/e197d40e-ce5a-4e13-8d3b-48013e2960f0/element] with body: {"strategy":"id","selector":"drag_dot_2","context":"","multiple":false}
[debug] &amp#27;[35m[WD Proxy]&amp#27;[39m Got response with status 200: {"sessionId":"e197d40e-ce5a-4e13-8d3b-48013e2960f0","value":{"ELEMENT":"00000000-0000-0031-ffff-ffff0000004a","element-6066-11e4-a52e-4f735466cecf":"00000000-0000-0031-ffff-ffff0000004a"}}
[debug] &amp#27;[35m[W3C (b3dacd11)]&amp#27;[39m Responding to client with driver.findElement() result: {"element-6066-11e4-a52e-4f735466cecf":"00000000-0000-0031-ffff-ffff0000004a","ELEMENT":"00000000-0000-0031-ffff-ffff0000004a"}
&amp#27;[35m[HTTP]&amp#27;[39m &amp#27;[37m<-- POST /wd/hub/session/b3dacd11-d15d-49b3-9b92-90ebc76c94ca/element &amp#27;[39m&amp#27;[32m200&amp#27;[39m &amp#27;[90m84 ms - 137&amp#27;[39m
&amp#27;[35m[HTTP]&amp#27;[39m &amp#27;[90m&amp#27;[39m
&amp#27;[35m[HTTP]&amp#27;[39m &amp#27;[37m-->&amp#27;[39m &amp#27;[37mPOST&amp#27;[39m &amp#27;[37m/wd/hub/session/b3dacd11-d15d-49b3-9b92-90ebc76c94ca/touch/perform&amp#27;[39m
&amp#27;[35m[HTTP]&amp#27;[39m &amp#27;[90m{"actions":[{"action":"moveTo","options":{"element":"00000000-0000-0031-ffff-ffff0000004a"}},{"action":"release","options":{}}]}&amp#27;[39m
[debug] &amp#27;[35m[W3C (b3dacd11)]&amp#27;[39m Calling AppiumDriver.performTouch() with args: [[{"action":"moveTo","options":{"element":"00000000-0000-0031-ffff-ffff0000004a"}},{"action":"release","options":{}}],"b3dacd11-d15d-49b3-9b92-90ebc76c94ca"]
&amp#27;[35m[UiAutomator2]&amp#27;[39m calling get location: 00000000-0000-0031-ffff-ffff0000004a
[debug] &amp#27;[35m[WD Proxy]&amp#27;[39m Matched '/element/00000000-0000-0031-ffff-ffff0000004a/location' to command name 'getLocation'
[debug] &amp#27;[35m[WD Proxy]&amp#27;[39m Proxying [GET /element/00000000-0000-0031-ffff-ffff0000004a/location] to [GET http://127.0.0.1:8200/wd/hub/session/e197d40e-ce5a-4e13-8d3b-48013e2960f0/element/00000000-0000-0031-ffff-ffff0000004a/location] with no body
[debug] &amp#27;[35m[WD Proxy]&amp#27;[39m Got response with status 200: {"sessionId":"e197d40e-ce5a-4e13-8d3b-48013e2960f0","value":{"x":474,"y":395}}
[debug] &amp#27;[35m[WD Proxy]&amp#27;[39m Matched '/element/00000000-0000-0031-ffff-ffff0000004a/size' to command name 'getSize'
[debug] &amp#27;[35m[WD Proxy]&amp#27;[39m Proxying [GET /element/00000000-0000-0031-ffff-ffff0000004a/size] to [GET http://127.0.0.1:8200/wd/hub/session/e197d40e-ce5a-4e13-8d3b-48013e2960f0/element/00000000-0000-0031-ffff-ffff0000004a/size] with no body
[debug] &amp#27;[35m[WD Proxy]&amp#27;[39m Got response with status 200: {"sessionId":"e197d40e-ce5a-4e13-8d3b-48013e2960f0","value":{"height":474,"width":474}}
[debug] &amp#27;[35m[WD Proxy]&amp#27;[39m Matched '/touch/move' to command name 'touchMove'
[debug] &amp#27;[35m[WD Proxy]&amp#27;[39m Proxying [POST /touch/move] to [POST http://127.0.0.1:8200/wd/hub/session/e197d40e-ce5a-4e13-8d3b-48013e2960f0/touch/move] with body: {"params":{"element":null,"x":711,"y":632}}
[debug] &amp#27;[35m[WD Proxy]&amp#27;[39m Got response with status 200: {"sessionId":"e197d40e-ce5a-4e13-8d3b-48013e2960f0","value":null}
[debug] &amp#27;[35m[WD Proxy]&amp#27;[39m Matched '/touch/up' to command name 'touchUp'
[debug] &amp#27;[35m[WD Proxy]&amp#27;[39m Proxying [POST /touch/up] to [POST http://127.0.0.1:8200/wd/hub/session/e197d40e-ce5a-4e13-8d3b-48013e2960f0/touch/up] with body: {"params":{"x":711,"y":632}}
[debug] &amp#27;[35m[WD Proxy]&amp#27;[39m Got response with status 200: {"sessionId":"e197d40e-ce5a-4e13-8d3b-48013e2960f0","value":null}
[debug] &amp#27;[35m[W3C (b3dacd11)]&amp#27;[39m Responding to client with driver.performTouch() result: null
&amp#27;[35m[HTTP]&amp#27;[39m &amp#27;[37m<-- POST /wd/hub/session/b3dacd11-d15d-49b3-9b92-90ebc76c94ca/touch/perform &amp#27;[39m&amp#27;[32m200&amp#27;[39m &amp#27;[90m1766 ms - 14&amp#27;[39m
&amp#27;[35m[HTTP]&amp#27;[39m &amp#27;[90m&amp#27;[39m
[INFO ] 2022-01-18 18:41:49.572 com.qa.utils.TestUtils:85 - Perform move action to element:Located by By.chained({By.id: drag_dot_2})
[INFO ] 2022-01-18 18:41:49.572 com.qa.AppBaseTest:224 - get the attribute text
&amp#27;[35m[HTTP]&amp#27;[39m &amp#27;[37m-->&amp#27;[39m &amp#27;[37mGET&amp#27;[39m &amp#27;[37m/wd/hub/session/b3dacd11-d15d-49b3-9b92-90ebc76c94ca&amp#27;[39m
&amp#27;[35m[HTTP]&amp#27;[39m &amp#27;[90m{}&amp#27;[39m
[debug] &amp#27;[35m[W3C (b3dacd11)]&amp#27;[39m Calling AppiumDriver.getSession() with args: ["b3dacd11-d15d-49b3-9b92-90ebc76c94ca"]
[debug] &amp#27;[35m[UiAutomator2]&amp#27;[39m Getting session details from server to mix in
[debug] &amp#27;[35m[WD Proxy]&amp#27;[39m Matched '/' to command name 'getSession'
[debug] &amp#27;[35m[WD Proxy]&amp#27;[39m Proxying [GET /] to [GET http://127.0.0.1:8200/wd/hub/session/e197d40e-ce5a-4e13-8d3b-48013e2960f0] with no body
[debug] &amp#27;[35m[WD Proxy]&amp#27;[39m Got response with status 200: {"sessionId":"e197d40e-ce5a-4e13-8d3b-48013e2960f0","value":{"lastScrollData":null}}
[debug] &amp#27;[35m[W3C (b3dacd11)]&amp#27;[39m Responding to client with driver.getSession() result: {"platform":"LINUX","webStorageEnabled":false,"takesScreenshot":true,"javascriptEnabled":true,"databaseEnabled":false,"networkConnectionEnabled":true,"locationContextEnabled":false,"warnings":{},"desired":{"platformName":"android","app":"C:\\Users\\Admin\\appiumProjectcicd\\src\\test\\resources\\app\\ApiDemos-debug.apk","appActivity":"io.appium.android.apis.ApiDemos","appPackage":"io.appium.android.apis","automationName":"UiAutomator2","deviceName":"Any Device Name","newCommandTimeout":60,"noReset":true},"platformName":"android","app":"C:\\Users\\Admin\\appiumProjectcicd\\src\\test\\resources\\app\\ApiDemos-debug.apk","appActivity":"io.appium.android.apis.ApiDemos","appPackage":"io.appium.android.apis","automationName":"UiAutomator2","deviceName":"213996502a057ece","newCommandTimeout":60,"noReset":true,"deviceUDID":"213996502a057ece","deviceApiLevel":29,"platformVersion":"10","deviceScreenSize":"1080x2220","deviceScreenDensity":480,"deviceModel":"SM-G960F","deviceManufacturer":"samsung","pixelRatio":3,"sta...
&amp#27;[35m[HTTP]&amp#27;[39m &amp#27;[37m<-- GET /wd/hub/session/b3dacd11-d15d-49b3-9b92-90ebc76c94ca &amp#27;[39m&amp#27;[32m200&amp#27;[39m &amp#27;[90m42 ms - 1130&amp#27;[39m
&amp#27;[35m[HTTP]&amp#27;[39m &amp#27;[90m&amp#27;[39m
&amp#27;[35m[HTTP]&amp#27;[39m &amp#27;[37m-->&amp#27;[39m &amp#27;[37mPOST&amp#27;[39m &amp#27;[37m/wd/hub/session/b3dacd11-d15d-49b3-9b92-90ebc76c94ca/element&amp#27;[39m
&amp#27;[35m[HTTP]&amp#27;[39m &amp#27;[90m{"using":"id","value":"drag_result_text"}&amp#27;[39m
[debug] &amp#27;[35m[W3C (b3dacd11)]&amp#27;[39m Calling AppiumDriver.findElement() with args: ["id","drag_result_text","b3dacd11-d15d-49b3-9b92-90ebc76c94ca"]
[debug] &amp#27;[35m[BaseDriver]&amp#27;[39m Valid locator strategies for this request: xpath, id, class name, accessibility id, css selector, -android uiautomator
[debug] &amp#27;[35m[BaseDriver]&amp#27;[39m Waiting up to 0 ms for condition
[debug] &amp#27;[35m[WD Proxy]&amp#27;[39m Matched '/element' to command name 'findElement'
[debug] &amp#27;[35m[WD Proxy]&amp#27;[39m Proxying [POST /element] to [POST http://127.0.0.1:8200/wd/hub/session/e197d40e-ce5a-4e13-8d3b-48013e2960f0/element] with body: {"strategy":"id","selector":"drag_result_text","context":"","multiple":false}
[debug] &amp#27;[35m[WD Proxy]&amp#27;[39m Got response with status 200: {"sessionId":"e197d40e-ce5a-4e13-8d3b-48013e2960f0","value":{"ELEMENT":"00000000-0000-0031-ffff-ffff0000004d","element-6066-11e4-a52e-4f735466cecf":"00000000-0000-0031-ffff-ffff0000004d"}}
[debug] &amp#27;[35m[W3C (b3dacd11)]&amp#27;[39m Responding to client with driver.findElement() result: {"element-6066-11e4-a52e-4f735466cecf":"00000000-0000-0031-ffff-ffff0000004d","ELEMENT":"00000000-0000-0031-ffff-ffff0000004d"}
&amp#27;[35m[HTTP]&amp#27;[39m &amp#27;[37m<-- POST /wd/hub/session/b3dacd11-d15d-49b3-9b92-90ebc76c94ca/element &amp#27;[39m&amp#27;[32m200&amp#27;[39m &amp#27;[90m87 ms - 137&amp#27;[39m
&amp#27;[35m[HTTP]&amp#27;[39m &amp#27;[90m&amp#27;[39m
&amp#27;[35m[HTTP]&amp#27;[39m &amp#27;[37m-->&amp#27;[39m &amp#27;[37mGET&amp#27;[39m &amp#27;[37m/wd/hub/session/b3dacd11-d15d-49b3-9b92-90ebc76c94ca/element/00000000-0000-0031-ffff-ffff0000004d/displayed&amp#27;[39m
&amp#27;[35m[HTTP]&amp#27;[39m &amp#27;[90m{}&amp#27;[39m
[debug] &amp#27;[35m[W3C (b3dacd11)]&amp#27;[39m Calling AppiumDriver.elementDisplayed() with args: ["00000000-0000-0031-ffff-ffff0000004d","b3dacd11-d15d-49b3-9b92-90ebc76c94ca"]
[debug] &amp#27;[35m[WD Proxy]&amp#27;[39m Matched '/element/00000000-0000-0031-ffff-ffff0000004d/attribute/displayed' to command name 'getAttribute'
[debug] &amp#27;[35m[WD Proxy]&amp#27;[39m Proxying [GET /element/00000000-0000-0031-ffff-ffff0000004d/attribute/displayed] to [GET http://127.0.0.1:8200/wd/hub/session/e197d40e-ce5a-4e13-8d3b-48013e2960f0/element/00000000-0000-0031-ffff-ffff0000004d/attribute/displayed] with no body
[debug] &amp#27;[35m[WD Proxy]&amp#27;[39m Got response with status 200: {"sessionId":"e197d40e-ce5a-4e13-8d3b-48013e2960f0","value":"true"}
[debug] &amp#27;[35m[W3C (b3dacd11)]&amp#27;[39m Responding to client with driver.elementDisplayed() result: true
&amp#27;[35m[HTTP]&amp#27;[39m &amp#27;[37m<-- GET /wd/hub/session/b3dacd11-d15d-49b3-9b92-90ebc76c94ca/element/00000000-0000-0031-ffff-ffff0000004d/displayed &amp#27;[39m&amp#27;[32m200&amp#27;[39m &amp#27;[90m44 ms - 14&amp#27;[39m
&amp#27;[35m[HTTP]&amp#27;[39m &amp#27;[90m&amp#27;[39m
&amp#27;[35m[HTTP]&amp#27;[39m &amp#27;[37m-->&amp#27;[39m &amp#27;[37mGET&amp#27;[39m &amp#27;[37m/wd/hub/session/b3dacd11-d15d-49b3-9b92-90ebc76c94ca&amp#27;[39m
&amp#27;[35m[HTTP]&amp#27;[39m &amp#27;[90m{}&amp#27;[39m
[debug] &amp#27;[35m[W3C (b3dacd11)]&amp#27;[39m Calling AppiumDriver.getSession() with args: ["b3dacd11-d15d-49b3-9b92-90ebc76c94ca"]
[debug] &amp#27;[35m[UiAutomator2]&amp#27;[39m Getting session details from server to mix in
[debug] &amp#27;[35m[WD Proxy]&amp#27;[39m Matched '/' to command name 'getSession'
[debug] &amp#27;[35m[WD Proxy]&amp#27;[39m Proxying [GET /] to [GET http://127.0.0.1:8200/wd/hub/session/e197d40e-ce5a-4e13-8d3b-48013e2960f0] with no body
[debug] &amp#27;[35m[WD Proxy]&amp#27;[39m Got response with status 200: {"sessionId":"e197d40e-ce5a-4e13-8d3b-48013e2960f0","value":{"lastScrollData":null}}
[debug] &amp#27;[35m[W3C (b3dacd11)]&amp#27;[39m Responding to client with driver.getSession() result: {"platform":"LINUX","webStorageEnabled":false,"takesScreenshot":true,"javascriptEnabled":true,"databaseEnabled":false,"networkConnectionEnabled":true,"locationContextEnabled":false,"warnings":{},"desired":{"platformName":"android","app":"C:\\Users\\Admin\\appiumProjectcicd\\src\\test\\resources\\app\\ApiDemos-debug.apk","appActivity":"io.appium.android.apis.ApiDemos","appPackage":"io.appium.android.apis","automationName":"UiAutomator2","deviceName":"Any Device Name","newCommandTimeout":60,"noReset":true},"platformName":"android","app":"C:\\Users\\Admin\\appiumProjectcicd\\src\\test\\resources\\app\\ApiDemos-debug.apk","appActivity":"io.appium.android.apis.ApiDemos","appPackage":"io.appium.android.apis","automationName":"UiAutomator2","deviceName":"213996502a057ece","newCommandTimeout":60,"noReset":true,"deviceUDID":"213996502a057ece","deviceApiLevel":29,"platformVersion":"10","deviceScreenSize":"1080x2220","deviceScreenDensity":480,"deviceModel":"SM-G960F","deviceManufacturer":"samsung","pixelRatio":3,"sta...
&amp#27;[35m[HTTP]&amp#27;[39m &amp#27;[37m<-- GET /wd/hub/session/b3dacd11-d15d-49b3-9b92-90ebc76c94ca &amp#27;[39m&amp#27;[32m200&amp#27;[39m &amp#27;[90m31 ms - 1130&amp#27;[39m
&amp#27;[35m[HTTP]&amp#27;[39m &amp#27;[90m&amp#27;[39m
&amp#27;[35m[HTTP]&amp#27;[39m &amp#27;[37m-->&amp#27;[39m &amp#27;[37mPOST&amp#27;[39m &amp#27;[37m/wd/hub/session/b3dacd11-d15d-49b3-9b92-90ebc76c94ca/element&amp#27;[39m
&amp#27;[35m[HTTP]&amp#27;[39m &amp#27;[90m{"using":"id","value":"drag_result_text"}&amp#27;[39m
[debug] &amp#27;[35m[W3C (b3dacd11)]&amp#27;[39m Calling AppiumDriver.findElement() with args: ["id","drag_result_text","b3dacd11-d15d-49b3-9b92-90ebc76c94ca"]
[debug] &amp#27;[35m[BaseDriver]&amp#27;[39m Valid locator strategies for this request: xpath, id, class name, accessibility id, css selector, -android uiautomator
[debug] &amp#27;[35m[BaseDriver]&amp#27;[39m Waiting up to 0 ms for condition
[debug] &amp#27;[35m[WD Proxy]&amp#27;[39m Matched '/element' to command name 'findElement'
[debug] &amp#27;[35m[WD Proxy]&amp#27;[39m Proxying [POST /element] to [POST http://127.0.0.1:8200/wd/hub/session/e197d40e-ce5a-4e13-8d3b-48013e2960f0/element] with body: {"strategy":"id","selector":"drag_result_text","context":"","multiple":false}
[debug] &amp#27;[35m[WD Proxy]&amp#27;[39m Got response with status 200: {"sessionId":"e197d40e-ce5a-4e13-8d3b-48013e2960f0","value":{"ELEMENT":"00000000-0000-0031-ffff-ffff0000004d","element-6066-11e4-a52e-4f735466cecf":"00000000-0000-0031-ffff-ffff0000004d"}}
[debug] &amp#27;[35m[W3C (b3dacd11)]&amp#27;[39m Responding to client with driver.findElement() result: {"element-6066-11e4-a52e-4f735466cecf":"00000000-0000-0031-ffff-ffff0000004d","ELEMENT":"00000000-0000-0031-ffff-ffff0000004d"}
&amp#27;[35m[HTTP]&amp#27;[39m &amp#27;[37m<-- POST /wd/hub/session/b3dacd11-d15d-49b3-9b92-90ebc76c94ca/element &amp#27;[39m&amp#27;[32m200&amp#27;[39m &amp#27;[90m75 ms - 137&amp#27;[39m
&amp#27;[35m[HTTP]&amp#27;[39m &amp#27;[90m&amp#27;[39m
&amp#27;[35m[HTTP]&amp#27;[39m &amp#27;[37m-->&amp#27;[39m &amp#27;[37mGET&amp#27;[39m &amp#27;[37m/wd/hub/session/b3dacd11-d15d-49b3-9b92-90ebc76c94ca/element/00000000-0000-0031-ffff-ffff0000004d/attribute/text&amp#27;[39m
&amp#27;[35m[HTTP]&amp#27;[39m &amp#27;[90m{}&amp#27;[39m
[debug] &amp#27;[35m[W3C (b3dacd11)]&amp#27;[39m Calling AppiumDriver.getAttribute() with args: ["text","00000000-0000-0031-ffff-ffff0000004d","b3dacd11-d15d-49b3-9b92-90ebc76c94ca"]
[debug] &amp#27;[35m[WD Proxy]&amp#27;[39m Matched '/element/00000000-0000-0031-ffff-ffff0000004d/attribute/text' to command name 'getAttribute'
[debug] &amp#27;[35m[WD Proxy]&amp#27;[39m Proxying [GET /element/00000000-0000-0031-ffff-ffff0000004d/attribute/text] to [GET http://127.0.0.1:8200/wd/hub/session/e197d40e-ce5a-4e13-8d3b-48013e2960f0/element/00000000-0000-0031-ffff-ffff0000004d/attribute/text] with no body
[debug] &amp#27;[35m[WD Proxy]&amp#27;[39m Got response with status 200: {"sessionId":"e197d40e-ce5a-4e13-8d3b-48013e2960f0","value":"Dropped!"}
[debug] &amp#27;[35m[W3C (b3dacd11)]&amp#27;[39m Responding to client with driver.getAttribute() result: "Dropped!"
&amp#27;[35m[HTTP]&amp#27;[39m &amp#27;[37m<-- GET /wd/hub/session/b3dacd11-d15d-49b3-9b92-90ebc76c94ca/element/00000000-0000-0031-ffff-ffff0000004d/attribute/text &amp#27;[39m&amp#27;[32m200&amp#27;[39m &amp#27;[90m45 ms - 20&amp#27;[39m
&amp#27;[35m[HTTP]&amp#27;[39m &amp#27;[90m&amp#27;[39m
&amp#27;[35m[HTTP]&amp#27;[39m &amp#27;[37m-->&amp#27;[39m &amp#27;[37mPOST&amp#27;[39m &amp#27;[37m/wd/hub/session/b3dacd11-d15d-49b3-9b92-90ebc76c94ca/appium/device/press_keycode&amp#27;[39m
&amp#27;[35m[HTTP]&amp#27;[39m &amp#27;[90m{"keycode":4}&amp#27;[39m
[debug] &amp#27;[35m[W3C (b3dacd11)]&amp#27;[39m Calling AppiumDriver.pressKeyCode() with args: [4,null,null,null,null,"b3dacd11-d15d-49b3-9b92-90ebc76c94ca"]
[debug] &amp#27;[35m[WD Proxy]&amp#27;[39m Matched '/appium/device/press_keycode' to command name 'pressKeyCode'
[debug] &amp#27;[35m[WD Proxy]&amp#27;[39m Proxying [POST /appium/device/press_keycode] to [POST http://127.0.0.1:8200/wd/hub/session/e197d40e-ce5a-4e13-8d3b-48013e2960f0/appium/device/press_keycode] with body: {"keycode":4,"metastate":null,"flags":null}
[debug] &amp#27;[35m[WD Proxy]&amp#27;[39m Got response with status 200: {"sessionId":"e197d40e-ce5a-4e13-8d3b-48013e2960f0","value":null}
[debug] &amp#27;[35m[W3C (b3dacd11)]&amp#27;[39m Responding to client with driver.pressKeyCode() result: null
&amp#27;[35m[HTTP]&amp#27;[39m &amp#27;[37m<-- POST /wd/hub/session/b3dacd11-d15d-49b3-9b92-90ebc76c94ca/appium/device/press_keycode &amp#27;[39m&amp#27;[32m200&amp#27;[39m &amp#27;[90m594 ms - 14&amp#27;[39m
&amp#27;[35m[HTTP]&amp#27;[39m &amp#27;[90m&amp#27;[39m
[INFO ] 2022-01-18 18:41:50.572 com.qa.utils.TestUtils:55 - Clicking on android back button
]]></system-out>
  </testcase>
  <testcase name="touchgesturesTest" classname="com.qa.tests.ApiDemoTest" time="6.99">
    <system-out><![CDATA[Api demo test after method
super test after method
&amp#27;[35m[HTTP]&amp#27;[39m &amp#27;[37m-->&amp#27;[39m &amp#27;[37mPOST&amp#27;[39m &amp#27;[37m/wd/hub/session/b3dacd11-d15d-49b3-9b92-90ebc76c94ca/appium/stop_recording_screen&amp#27;[39m
&amp#27;[35m[HTTP]&amp#27;[39m &amp#27;[90m{}&amp#27;[39m
[debug] &amp#27;[35m[W3C (b3dacd11)]&amp#27;[39m Calling AppiumDriver.stopRecordingScreen() with args: [null,"b3dacd11-d15d-49b3-9b92-90ebc76c94ca"]
[debug] &amp#27;[35m[ADB]&amp#27;[39m Getting IDs of all 'screenrecord' processes
[debug] &amp#27;[35m[ADB]&amp#27;[39m Running 'C:\Users\Admin\AppData\Local\Android\Sdk\platform-tools\adb.exe -P 5037 -s 213996502a057ece shell pgrep -f \(\[\[:blank:\]\]\|\^\)screenrecord\(\[\[:blank:\]\]\|\$\)'
&amp#27;[35m[AndroidDriver]&amp#27;[39m Screen recording has not been previously started by Appium. There is nothing to stop
[debug] &amp#27;[35m[W3C (b3dacd11)]&amp#27;[39m Responding to client with driver.stopRecordingScreen() result: ""
&amp#27;[35m[HTTP]&amp#27;[39m &amp#27;[37m<-- POST /wd/hub/session/b3dacd11-d15d-49b3-9b92-90ebc76c94ca/appium/stop_recording_screen &amp#27;[39m&amp#27;[32m200&amp#27;[39m &amp#27;[90m147 ms - 12&amp#27;[39m
&amp#27;[35m[HTTP]&amp#27;[39m &amp#27;[90m&amp#27;[39m
Api demo test before method
[INFO ] 2022-01-18 18:41:50.728 com.qa.tests.ApiDemoTest:52 - Instantiating the page object classes for ApiDemos App
&amp#27;[35m[HTTP]&amp#27;[39m &amp#27;[37m-->&amp#27;[39m &amp#27;[37mGET&amp#27;[39m &amp#27;[37m/wd/hub/session/b3dacd11-d15d-49b3-9b92-90ebc76c94ca&amp#27;[39m
&amp#27;[35m[HTTP]&amp#27;[39m &amp#27;[90m{}&amp#27;[39m
[debug] &amp#27;[35m[W3C (b3dacd11)]&amp#27;[39m Calling AppiumDriver.getSession() with args: ["b3dacd11-d15d-49b3-9b92-90ebc76c94ca"]
[debug] &amp#27;[35m[UiAutomator2]&amp#27;[39m Getting session details from server to mix in
[debug] &amp#27;[35m[WD Proxy]&amp#27;[39m Matched '/' to command name 'getSession'
[debug] &amp#27;[35m[WD Proxy]&amp#27;[39m Proxying [GET /] to [GET http://127.0.0.1:8200/wd/hub/session/e197d40e-ce5a-4e13-8d3b-48013e2960f0] with no body
[debug] &amp#27;[35m[WD Proxy]&amp#27;[39m Got response with status 200: {"sessionId":"e197d40e-ce5a-4e13-8d3b-48013e2960f0","value":{"lastScrollData":null}}
[debug] &amp#27;[35m[W3C (b3dacd11)]&amp#27;[39m Responding to client with driver.getSession() result: {"platform":"LINUX","webStorageEnabled":false,"takesScreenshot":true,"javascriptEnabled":true,"databaseEnabled":false,"networkConnectionEnabled":true,"locationContextEnabled":false,"warnings":{},"desired":{"platformName":"android","app":"C:\\Users\\Admin\\appiumProjectcicd\\src\\test\\resources\\app\\ApiDemos-debug.apk","appActivity":"io.appium.android.apis.ApiDemos","appPackage":"io.appium.android.apis","automationName":"UiAutomator2","deviceName":"Any Device Name","newCommandTimeout":60,"noReset":true},"platformName":"android","app":"C:\\Users\\Admin\\appiumProjectcicd\\src\\test\\resources\\app\\ApiDemos-debug.apk","appActivity":"io.appium.android.apis.ApiDemos","appPackage":"io.appium.android.apis","automationName":"UiAutomator2","deviceName":"213996502a057ece","newCommandTimeout":60,"noReset":true,"deviceUDID":"213996502a057ece","deviceApiLevel":29,"platformVersion":"10","deviceScreenSize":"1080x2220","deviceScreenDensity":480,"deviceModel":"SM-G960F","deviceManufacturer":"samsung","pixelRatio":3,"sta...
&amp#27;[35m[HTTP]&amp#27;[39m &amp#27;[37m<-- GET /wd/hub/session/b3dacd11-d15d-49b3-9b92-90ebc76c94ca &amp#27;[39m&amp#27;[32m200&amp#27;[39m &amp#27;[90m39 ms - 1130&amp#27;[39m
&amp#27;[35m[HTTP]&amp#27;[39m &amp#27;[90m&amp#27;[39m
&amp#27;[35m[HTTP]&amp#27;[39m &amp#27;[37m-->&amp#27;[39m &amp#27;[37mGET&amp#27;[39m &amp#27;[37m/wd/hub/session/b3dacd11-d15d-49b3-9b92-90ebc76c94ca&amp#27;[39m
&amp#27;[35m[HTTP]&amp#27;[39m &amp#27;[90m{}&amp#27;[39m
[debug] &amp#27;[35m[W3C (b3dacd11)]&amp#27;[39m Calling AppiumDriver.getSession() with args: ["b3dacd11-d15d-49b3-9b92-90ebc76c94ca"]
[debug] &amp#27;[35m[UiAutomator2]&amp#27;[39m Getting session details from server to mix in
[debug] &amp#27;[35m[WD Proxy]&amp#27;[39m Matched '/' to command name 'getSession'
[debug] &amp#27;[35m[WD Proxy]&amp#27;[39m Proxying [GET /] to [GET http://127.0.0.1:8200/wd/hub/session/e197d40e-ce5a-4e13-8d3b-48013e2960f0] with no body
[debug] &amp#27;[35m[WD Proxy]&amp#27;[39m Got response with status 200: {"sessionId":"e197d40e-ce5a-4e13-8d3b-48013e2960f0","value":{"lastScrollData":null}}
[debug] &amp#27;[35m[W3C (b3dacd11)]&amp#27;[39m Responding to client with driver.getSession() result: {"platform":"LINUX","webStorageEnabled":false,"takesScreenshot":true,"javascriptEnabled":true,"databaseEnabled":false,"networkConnectionEnabled":true,"locationContextEnabled":false,"warnings":{},"desired":{"platformName":"android","app":"C:\\Users\\Admin\\appiumProjectcicd\\src\\test\\resources\\app\\ApiDemos-debug.apk","appActivity":"io.appium.android.apis.ApiDemos","appPackage":"io.appium.android.apis","automationName":"UiAutomator2","deviceName":"Any Device Name","newCommandTimeout":60,"noReset":true},"platformName":"android","app":"C:\\Users\\Admin\\appiumProjectcicd\\src\\test\\resources\\app\\ApiDemos-debug.apk","appActivity":"io.appium.android.apis.ApiDemos","appPackage":"io.appium.android.apis","automationName":"UiAutomator2","deviceName":"213996502a057ece","newCommandTimeout":60,"noReset":true,"deviceUDID":"213996502a057ece","deviceApiLevel":29,"platformVersion":"10","deviceScreenSize":"1080x2220","deviceScreenDensity":480,"deviceModel":"SM-G960F","deviceManufacturer":"samsung","pixelRatio":3,"sta...
&amp#27;[35m[HTTP]&amp#27;[39m &amp#27;[37m<-- GET /wd/hub/session/b3dacd11-d15d-49b3-9b92-90ebc76c94ca &amp#27;[39m&amp#27;[32m200&amp#27;[39m &amp#27;[90m35 ms - 1130&amp#27;[39m
&amp#27;[35m[HTTP]&amp#27;[39m &amp#27;[90m&amp#27;[39m
&amp#27;[35m[HTTP]&amp#27;[39m &amp#27;[37m-->&amp#27;[39m &amp#27;[37mGET&amp#27;[39m &amp#27;[37m/wd/hub/session/b3dacd11-d15d-49b3-9b92-90ebc76c94ca&amp#27;[39m
&amp#27;[35m[HTTP]&amp#27;[39m &amp#27;[90m{}&amp#27;[39m
[debug] &amp#27;[35m[W3C (b3dacd11)]&amp#27;[39m Calling AppiumDriver.getSession() with args: ["b3dacd11-d15d-49b3-9b92-90ebc76c94ca"]
[debug] &amp#27;[35m[UiAutomator2]&amp#27;[39m Getting session details from server to mix in
[debug] &amp#27;[35m[WD Proxy]&amp#27;[39m Matched '/' to command name 'getSession'
[debug] &amp#27;[35m[WD Proxy]&amp#27;[39m Proxying [GET /] to [GET http://127.0.0.1:8200/wd/hub/session/e197d40e-ce5a-4e13-8d3b-48013e2960f0] with no body
[debug] &amp#27;[35m[WD Proxy]&amp#27;[39m Got response with status 200: {"sessionId":"e197d40e-ce5a-4e13-8d3b-48013e2960f0","value":{"lastScrollData":null}}
[debug] &amp#27;[35m[W3C (b3dacd11)]&amp#27;[39m Responding to client with driver.getSession() result: {"platform":"LINUX","webStorageEnabled":false,"takesScreenshot":true,"javascriptEnabled":true,"databaseEnabled":false,"networkConnectionEnabled":true,"locationContextEnabled":false,"warnings":{},"desired":{"platformName":"android","app":"C:\\Users\\Admin\\appiumProjectcicd\\src\\test\\resources\\app\\ApiDemos-debug.apk","appActivity":"io.appium.android.apis.ApiDemos","appPackage":"io.appium.android.apis","automationName":"UiAutomator2","deviceName":"Any Device Name","newCommandTimeout":60,"noReset":true},"platformName":"android","app":"C:\\Users\\Admin\\appiumProjectcicd\\src\\test\\resources\\app\\ApiDemos-debug.apk","appActivity":"io.appium.android.apis.ApiDemos","appPackage":"io.appium.android.apis","automationName":"UiAutomator2","deviceName":"213996502a057ece","newCommandTimeout":60,"noReset":true,"deviceUDID":"213996502a057ece","deviceApiLevel":29,"platformVersion":"10","deviceScreenSize":"1080x2220","deviceScreenDensity":480,"deviceModel":"SM-G960F","deviceManufacturer":"samsung","pixelRatio":3,"sta...
&amp#27;[35m[HTTP]&amp#27;[39m &amp#27;[37m<-- GET /wd/hub/session/b3dacd11-d15d-49b3-9b92-90ebc76c94ca &amp#27;[39m&amp#27;[32m200&amp#27;[39m &amp#27;[90m31 ms - 1130&amp#27;[39m
&amp#27;[35m[HTTP]&amp#27;[39m &amp#27;[90m&amp#27;[39m
&amp#27;[35m[HTTP]&amp#27;[39m &amp#27;[37m-->&amp#27;[39m &amp#27;[37mGET&amp#27;[39m &amp#27;[37m/wd/hub/session/b3dacd11-d15d-49b3-9b92-90ebc76c94ca&amp#27;[39m
&amp#27;[35m[HTTP]&amp#27;[39m &amp#27;[90m{}&amp#27;[39m
[debug] &amp#27;[35m[W3C (b3dacd11)]&amp#27;[39m Calling AppiumDriver.getSession() with args: ["b3dacd11-d15d-49b3-9b92-90ebc76c94ca"]
[debug] &amp#27;[35m[UiAutomator2]&amp#27;[39m Getting session details from server to mix in
[debug] &amp#27;[35m[WD Proxy]&amp#27;[39m Matched '/' to command name 'getSession'
[debug] &amp#27;[35m[WD Proxy]&amp#27;[39m Proxying [GET /] to [GET http://127.0.0.1:8200/wd/hub/session/e197d40e-ce5a-4e13-8d3b-48013e2960f0] with no body
[debug] &amp#27;[35m[WD Proxy]&amp#27;[39m Got response with status 200: {"sessionId":"e197d40e-ce5a-4e13-8d3b-48013e2960f0","value":{"lastScrollData":null}}
[debug] &amp#27;[35m[W3C (b3dacd11)]&amp#27;[39m Responding to client with driver.getSession() result: {"platform":"LINUX","webStorageEnabled":false,"takesScreenshot":true,"javascriptEnabled":true,"databaseEnabled":false,"networkConnectionEnabled":true,"locationContextEnabled":false,"warnings":{},"desired":{"platformName":"android","app":"C:\\Users\\Admin\\appiumProjectcicd\\src\\test\\resources\\app\\ApiDemos-debug.apk","appActivity":"io.appium.android.apis.ApiDemos","appPackage":"io.appium.android.apis","automationName":"UiAutomator2","deviceName":"Any Device Name","newCommandTimeout":60,"noReset":true},"platformName":"android","app":"C:\\Users\\Admin\\appiumProjectcicd\\src\\test\\resources\\app\\ApiDemos-debug.apk","appActivity":"io.appium.android.apis.ApiDemos","appPackage":"io.appium.android.apis","automationName":"UiAutomator2","deviceName":"213996502a057ece","newCommandTimeout":60,"noReset":true,"deviceUDID":"213996502a057ece","deviceApiLevel":29,"platformVersion":"10","deviceScreenSize":"1080x2220","deviceScreenDensity":480,"deviceModel":"SM-G960F","deviceManufacturer":"samsung","pixelRatio":3,"sta...
&amp#27;[35m[HTTP]&amp#27;[39m &amp#27;[37m<-- GET /wd/hub/session/b3dacd11-d15d-49b3-9b92-90ebc76c94ca &amp#27;[39m&amp#27;[32m200&amp#27;[39m &amp#27;[90m28 ms - 1130&amp#27;[39m
&amp#27;[35m[HTTP]&amp#27;[39m &amp#27;[90m&amp#27;[39m
&amp#27;[35m[HTTP]&amp#27;[39m &amp#27;[37m-->&amp#27;[39m &amp#27;[37mGET&amp#27;[39m &amp#27;[37m/wd/hub/session/b3dacd11-d15d-49b3-9b92-90ebc76c94ca&amp#27;[39m
&amp#27;[35m[HTTP]&amp#27;[39m &amp#27;[90m{}&amp#27;[39m
[debug] &amp#27;[35m[W3C (b3dacd11)]&amp#27;[39m Calling AppiumDriver.getSession() with args: ["b3dacd11-d15d-49b3-9b92-90ebc76c94ca"]
[debug] &amp#27;[35m[UiAutomator2]&amp#27;[39m Getting session details from server to mix in
[debug] &amp#27;[35m[WD Proxy]&amp#27;[39m Matched '/' to command name 'getSession'
[debug] &amp#27;[35m[WD Proxy]&amp#27;[39m Proxying [GET /] to [GET http://127.0.0.1:8200/wd/hub/session/e197d40e-ce5a-4e13-8d3b-48013e2960f0] with no body
[debug] &amp#27;[35m[WD Proxy]&amp#27;[39m Got response with status 200: {"sessionId":"e197d40e-ce5a-4e13-8d3b-48013e2960f0","value":{"lastScrollData":null}}
[debug] &amp#27;[35m[W3C (b3dacd11)]&amp#27;[39m Responding to client with driver.getSession() result: {"platform":"LINUX","webStorageEnabled":false,"takesScreenshot":true,"javascriptEnabled":true,"databaseEnabled":false,"networkConnectionEnabled":true,"locationContextEnabled":false,"warnings":{},"desired":{"platformName":"android","app":"C:\\Users\\Admin\\appiumProjectcicd\\src\\test\\resources\\app\\ApiDemos-debug.apk","appActivity":"io.appium.android.apis.ApiDemos","appPackage":"io.appium.android.apis","automationName":"UiAutomator2","deviceName":"Any Device Name","newCommandTimeout":60,"noReset":true},"platformName":"android","app":"C:\\Users\\Admin\\appiumProjectcicd\\src\\test\\resources\\app\\ApiDemos-debug.apk","appActivity":"io.appium.android.apis.ApiDemos","appPackage":"io.appium.android.apis","automationName":"UiAutomator2","deviceName":"213996502a057ece","newCommandTimeout":60,"noReset":true,"deviceUDID":"213996502a057ece","deviceApiLevel":29,"platformVersion":"10","deviceScreenSize":"1080x2220","deviceScreenDensity":480,"deviceModel":"SM-G960F","deviceManufacturer":"samsung","pixelRatio":3,"sta...
&amp#27;[35m[HTTP]&amp#27;[39m &amp#27;[37m<-- GET /wd/hub/session/b3dacd11-d15d-49b3-9b92-90ebc76c94ca &amp#27;[39m&amp#27;[32m200&amp#27;[39m &amp#27;[90m29 ms - 1130&amp#27;[39m
&amp#27;[35m[HTTP]&amp#27;[39m &amp#27;[90m&amp#27;[39m
&amp#27;[35m[HTTP]&amp#27;[39m &amp#27;[37m-->&amp#27;[39m &amp#27;[37mGET&amp#27;[39m &amp#27;[37m/wd/hub/session/b3dacd11-d15d-49b3-9b92-90ebc76c94ca&amp#27;[39m
&amp#27;[35m[HTTP]&amp#27;[39m &amp#27;[90m{}&amp#27;[39m
[debug] &amp#27;[35m[W3C (b3dacd11)]&amp#27;[39m Calling AppiumDriver.getSession() with args: ["b3dacd11-d15d-49b3-9b92-90ebc76c94ca"]
[debug] &amp#27;[35m[UiAutomator2]&amp#27;[39m Getting session details from server to mix in
[debug] &amp#27;[35m[WD Proxy]&amp#27;[39m Matched '/' to command name 'getSession'
[debug] &amp#27;[35m[WD Proxy]&amp#27;[39m Proxying [GET /] to [GET http://127.0.0.1:8200/wd/hub/session/e197d40e-ce5a-4e13-8d3b-48013e2960f0] with no body
[debug] &amp#27;[35m[WD Proxy]&amp#27;[39m Got response with status 200: {"sessionId":"e197d40e-ce5a-4e13-8d3b-48013e2960f0","value":{"lastScrollData":null}}
[debug] &amp#27;[35m[W3C (b3dacd11)]&amp#27;[39m Responding to client with driver.getSession() result: {"platform":"LINUX","webStorageEnabled":false,"takesScreenshot":true,"javascriptEnabled":true,"databaseEnabled":false,"networkConnectionEnabled":true,"locationContextEnabled":false,"warnings":{},"desired":{"platformName":"android","app":"C:\\Users\\Admin\\appiumProjectcicd\\src\\test\\resources\\app\\ApiDemos-debug.apk","appActivity":"io.appium.android.apis.ApiDemos","appPackage":"io.appium.android.apis","automationName":"UiAutomator2","deviceName":"Any Device Name","newCommandTimeout":60,"noReset":true},"platformName":"android","app":"C:\\Users\\Admin\\appiumProjectcicd\\src\\test\\resources\\app\\ApiDemos-debug.apk","appActivity":"io.appium.android.apis.ApiDemos","appPackage":"io.appium.android.apis","automationName":"UiAutomator2","deviceName":"213996502a057ece","newCommandTimeout":60,"noReset":true,"deviceUDID":"213996502a057ece","deviceApiLevel":29,"platformVersion":"10","deviceScreenSize":"1080x2220","deviceScreenDensity":480,"deviceModel":"SM-G960F","deviceManufacturer":"samsung","pixelRatio":3,"sta...
&amp#27;[35m[HTTP]&amp#27;[39m &amp#27;[37m<-- GET /wd/hub/session/b3dacd11-d15d-49b3-9b92-90ebc76c94ca &amp#27;[39m&amp#27;[32m200&amp#27;[39m &amp#27;[90m41 ms - 1130&amp#27;[39m
&amp#27;[35m[HTTP]&amp#27;[39m &amp#27;[90m&amp#27;[39m
&amp#27;[35m[HTTP]&amp#27;[39m &amp#27;[37m-->&amp#27;[39m &amp#27;[37mGET&amp#27;[39m &amp#27;[37m/wd/hub/session/b3dacd11-d15d-49b3-9b92-90ebc76c94ca&amp#27;[39m
&amp#27;[35m[HTTP]&amp#27;[39m &amp#27;[90m{}&amp#27;[39m
[debug] &amp#27;[35m[W3C (b3dacd11)]&amp#27;[39m Calling AppiumDriver.getSession() with args: ["b3dacd11-d15d-49b3-9b92-90ebc76c94ca"]
[debug] &amp#27;[35m[UiAutomator2]&amp#27;[39m Getting session details from server to mix in
[debug] &amp#27;[35m[WD Proxy]&amp#27;[39m Matched '/' to command name 'getSession'
[debug] &amp#27;[35m[WD Proxy]&amp#27;[39m Proxying [GET /] to [GET http://127.0.0.1:8200/wd/hub/session/e197d40e-ce5a-4e13-8d3b-48013e2960f0] with no body
[debug] &amp#27;[35m[WD Proxy]&amp#27;[39m Got response with status 200: {"sessionId":"e197d40e-ce5a-4e13-8d3b-48013e2960f0","value":{"lastScrollData":null}}
[debug] &amp#27;[35m[W3C (b3dacd11)]&amp#27;[39m Responding to client with driver.getSession() result: {"platform":"LINUX","webStorageEnabled":false,"takesScreenshot":true,"javascriptEnabled":true,"databaseEnabled":false,"networkConnectionEnabled":true,"locationContextEnabled":false,"warnings":{},"desired":{"platformName":"android","app":"C:\\Users\\Admin\\appiumProjectcicd\\src\\test\\resources\\app\\ApiDemos-debug.apk","appActivity":"io.appium.android.apis.ApiDemos","appPackage":"io.appium.android.apis","automationName":"UiAutomator2","deviceName":"Any Device Name","newCommandTimeout":60,"noReset":true},"platformName":"android","app":"C:\\Users\\Admin\\appiumProjectcicd\\src\\test\\resources\\app\\ApiDemos-debug.apk","appActivity":"io.appium.android.apis.ApiDemos","appPackage":"io.appium.android.apis","automationName":"UiAutomator2","deviceName":"213996502a057ece","newCommandTimeout":60,"noReset":true,"deviceUDID":"213996502a057ece","deviceApiLevel":29,"platformVersion":"10","deviceScreenSize":"1080x2220","deviceScreenDensity":480,"deviceModel":"SM-G960F","deviceManufacturer":"samsung","pixelRatio":3,"sta...
&amp#27;[35m[HTTP]&amp#27;[39m &amp#27;[37m<-- GET /wd/hub/session/b3dacd11-d15d-49b3-9b92-90ebc76c94ca &amp#27;[39m&amp#27;[32m200&amp#27;[39m &amp#27;[90m24 ms - 1130&amp#27;[39m
&amp#27;[35m[HTTP]&amp#27;[39m &amp#27;[90m&amp#27;[39m
&amp#27;[35m[HTTP]&amp#27;[39m &amp#27;[37m-->&amp#27;[39m &amp#27;[37mGET&amp#27;[39m &amp#27;[37m/wd/hub/session/b3dacd11-d15d-49b3-9b92-90ebc76c94ca&amp#27;[39m
&amp#27;[35m[HTTP]&amp#27;[39m &amp#27;[90m{}&amp#27;[39m
[debug] &amp#27;[35m[W3C (b3dacd11)]&amp#27;[39m Calling AppiumDriver.getSession() with args: ["b3dacd11-d15d-49b3-9b92-90ebc76c94ca"]
[debug] &amp#27;[35m[UiAutomator2]&amp#27;[39m Getting session details from server to mix in
[debug] &amp#27;[35m[WD Proxy]&amp#27;[39m Matched '/' to command name 'getSession'
[debug] &amp#27;[35m[WD Proxy]&amp#27;[39m Proxying [GET /] to [GET http://127.0.0.1:8200/wd/hub/session/e197d40e-ce5a-4e13-8d3b-48013e2960f0] with no body
[debug] &amp#27;[35m[WD Proxy]&amp#27;[39m Got response with status 200: {"sessionId":"e197d40e-ce5a-4e13-8d3b-48013e2960f0","value":{"lastScrollData":null}}
[debug] &amp#27;[35m[W3C (b3dacd11)]&amp#27;[39m Responding to client with driver.getSession() result: {"platform":"LINUX","webStorageEnabled":false,"takesScreenshot":true,"javascriptEnabled":true,"databaseEnabled":false,"networkConnectionEnabled":true,"locationContextEnabled":false,"warnings":{},"desired":{"platformName":"android","app":"C:\\Users\\Admin\\appiumProjectcicd\\src\\test\\resources\\app\\ApiDemos-debug.apk","appActivity":"io.appium.android.apis.ApiDemos","appPackage":"io.appium.android.apis","automationName":"UiAutomator2","deviceName":"Any Device Name","newCommandTimeout":60,"noReset":true},"platformName":"android","app":"C:\\Users\\Admin\\appiumProjectcicd\\src\\test\\resources\\app\\ApiDemos-debug.apk","appActivity":"io.appium.android.apis.ApiDemos","appPackage":"io.appium.android.apis","automationName":"UiAutomator2","deviceName":"213996502a057ece","newCommandTimeout":60,"noReset":true,"deviceUDID":"213996502a057ece","deviceApiLevel":29,"platformVersion":"10","deviceScreenSize":"1080x2220","deviceScreenDensity":480,"deviceModel":"SM-G960F","deviceManufacturer":"samsung","pixelRatio":3,"sta...
&amp#27;[35m[HTTP]&amp#27;[39m &amp#27;[37m<-- GET /wd/hub/session/b3dacd11-d15d-49b3-9b92-90ebc76c94ca &amp#27;[39m&amp#27;[32m200&amp#27;[39m &amp#27;[90m14 ms - 1130&amp#27;[39m
&amp#27;[35m[HTTP]&amp#27;[39m &amp#27;[90m&amp#27;[39m
&amp#27;[35m[HTTP]&amp#27;[39m &amp#27;[37m-->&amp#27;[39m &amp#27;[37mGET&amp#27;[39m &amp#27;[37m/wd/hub/session/b3dacd11-d15d-49b3-9b92-90ebc76c94ca&amp#27;[39m
&amp#27;[35m[HTTP]&amp#27;[39m &amp#27;[90m{}&amp#27;[39m
[debug] &amp#27;[35m[W3C (b3dacd11)]&amp#27;[39m Calling AppiumDriver.getSession() with args: ["b3dacd11-d15d-49b3-9b92-90ebc76c94ca"]
[debug] &amp#27;[35m[UiAutomator2]&amp#27;[39m Getting session details from server to mix in
[debug] &amp#27;[35m[WD Proxy]&amp#27;[39m Matched '/' to command name 'getSession'
[debug] &amp#27;[35m[WD Proxy]&amp#27;[39m Proxying [GET /] to [GET http://127.0.0.1:8200/wd/hub/session/e197d40e-ce5a-4e13-8d3b-48013e2960f0] with no body
[debug] &amp#27;[35m[WD Proxy]&amp#27;[39m Got response with status 200: {"sessionId":"e197d40e-ce5a-4e13-8d3b-48013e2960f0","value":{"lastScrollData":null}}
[debug] &amp#27;[35m[W3C (b3dacd11)]&amp#27;[39m Responding to client with driver.getSession() result: {"platform":"LINUX","webStorageEnabled":false,"takesScreenshot":true,"javascriptEnabled":true,"databaseEnabled":false,"networkConnectionEnabled":true,"locationContextEnabled":false,"warnings":{},"desired":{"platformName":"android","app":"C:\\Users\\Admin\\appiumProjectcicd\\src\\test\\resources\\app\\ApiDemos-debug.apk","appActivity":"io.appium.android.apis.ApiDemos","appPackage":"io.appium.android.apis","automationName":"UiAutomator2","deviceName":"Any Device Name","newCommandTimeout":60,"noReset":true},"platformName":"android","app":"C:\\Users\\Admin\\appiumProjectcicd\\src\\test\\resources\\app\\ApiDemos-debug.apk","appActivity":"io.appium.android.apis.ApiDemos","appPackage":"io.appium.android.apis","automationName":"UiAutomator2","deviceName":"213996502a057ece","newCommandTimeout":60,"noReset":true,"deviceUDID":"213996502a057ece","deviceApiLevel":29,"platformVersion":"10","deviceScreenSize":"1080x2220","deviceScreenDensity":480,"deviceModel":"SM-G960F","deviceManufacturer":"samsung","pixelRatio":3,"sta...
&amp#27;[35m[HTTP]&amp#27;[39m &amp#27;[37m<-- GET /wd/hub/session/b3dacd11-d15d-49b3-9b92-90ebc76c94ca &amp#27;[39m&amp#27;[32m200&amp#27;[39m &amp#27;[90m21 ms - 1130&amp#27;[39m
&amp#27;[35m[HTTP]&amp#27;[39m &amp#27;[90m&amp#27;[39m
&amp#27;[35m[HTTP]&amp#27;[39m &amp#27;[37m-->&amp#27;[39m &amp#27;[37mGET&amp#27;[39m &amp#27;[37m/wd/hub/session/b3dacd11-d15d-49b3-9b92-90ebc76c94ca&amp#27;[39m
&amp#27;[35m[HTTP]&amp#27;[39m &amp#27;[90m{}&amp#27;[39m
[debug] &amp#27;[35m[W3C (b3dacd11)]&amp#27;[39m Calling AppiumDriver.getSession() with args: ["b3dacd11-d15d-49b3-9b92-90ebc76c94ca"]
[debug] &amp#27;[35m[UiAutomator2]&amp#27;[39m Getting session details from server to mix in
[debug] &amp#27;[35m[WD Proxy]&amp#27;[39m Matched '/' to command name 'getSession'
[debug] &amp#27;[35m[WD Proxy]&amp#27;[39m Proxying [GET /] to [GET http://127.0.0.1:8200/wd/hub/session/e197d40e-ce5a-4e13-8d3b-48013e2960f0] with no body
[debug] &amp#27;[35m[WD Proxy]&amp#27;[39m Got response with status 200: {"sessionId":"e197d40e-ce5a-4e13-8d3b-48013e2960f0","value":{"lastScrollData":null}}
[debug] &amp#27;[35m[W3C (b3dacd11)]&amp#27;[39m Responding to client with driver.getSession() result: {"platform":"LINUX","webStorageEnabled":false,"takesScreenshot":true,"javascriptEnabled":true,"databaseEnabled":false,"networkConnectionEnabled":true,"locationContextEnabled":false,"warnings":{},"desired":{"platformName":"android","app":"C:\\Users\\Admin\\appiumProjectcicd\\src\\test\\resources\\app\\ApiDemos-debug.apk","appActivity":"io.appium.android.apis.ApiDemos","appPackage":"io.appium.android.apis","automationName":"UiAutomator2","deviceName":"Any Device Name","newCommandTimeout":60,"noReset":true},"platformName":"android","app":"C:\\Users\\Admin\\appiumProjectcicd\\src\\test\\resources\\app\\ApiDemos-debug.apk","appActivity":"io.appium.android.apis.ApiDemos","appPackage":"io.appium.android.apis","automationName":"UiAutomator2","deviceName":"213996502a057ece","newCommandTimeout":60,"noReset":true,"deviceUDID":"213996502a057ece","deviceApiLevel":29,"platformVersion":"10","deviceScreenSize":"1080x2220","deviceScreenDensity":480,"deviceModel":"SM-G960F","deviceManufacturer":"samsung","pixelRatio":3,"sta...
&amp#27;[35m[HTTP]&amp#27;[39m &amp#27;[37m<-- GET /wd/hub/session/b3dacd11-d15d-49b3-9b92-90ebc76c94ca &amp#27;[39m&amp#27;[32m200&amp#27;[39m &amp#27;[90m24 ms - 1130&amp#27;[39m
&amp#27;[35m[HTTP]&amp#27;[39m &amp#27;[90m&amp#27;[39m
[INFO ] 2022-01-18 18:41:51.088 com.qa.pages.SecondPage:33 - find element for Expandable lists option
&amp#27;[35m[HTTP]&amp#27;[39m &amp#27;[37m-->&amp#27;[39m &amp#27;[37mGET&amp#27;[39m &amp#27;[37m/wd/hub/session/b3dacd11-d15d-49b3-9b92-90ebc76c94ca&amp#27;[39m
&amp#27;[35m[HTTP]&amp#27;[39m &amp#27;[90m{}&amp#27;[39m
[debug] &amp#27;[35m[W3C (b3dacd11)]&amp#27;[39m Calling AppiumDriver.getSession() with args: ["b3dacd11-d15d-49b3-9b92-90ebc76c94ca"]
[debug] &amp#27;[35m[UiAutomator2]&amp#27;[39m Getting session details from server to mix in
[debug] &amp#27;[35m[WD Proxy]&amp#27;[39m Matched '/' to command name 'getSession'
[debug] &amp#27;[35m[WD Proxy]&amp#27;[39m Proxying [GET /] to [GET http://127.0.0.1:8200/wd/hub/session/e197d40e-ce5a-4e13-8d3b-48013e2960f0] with no body
[debug] &amp#27;[35m[WD Proxy]&amp#27;[39m Got response with status 200: {"sessionId":"e197d40e-ce5a-4e13-8d3b-48013e2960f0","value":{"lastScrollData":null}}
[debug] &amp#27;[35m[W3C (b3dacd11)]&amp#27;[39m Responding to client with driver.getSession() result: {"platform":"LINUX","webStorageEnabled":false,"takesScreenshot":true,"javascriptEnabled":true,"databaseEnabled":false,"networkConnectionEnabled":true,"locationContextEnabled":false,"warnings":{},"desired":{"platformName":"android","app":"C:\\Users\\Admin\\appiumProjectcicd\\src\\test\\resources\\app\\ApiDemos-debug.apk","appActivity":"io.appium.android.apis.ApiDemos","appPackage":"io.appium.android.apis","automationName":"UiAutomator2","deviceName":"Any Device Name","newCommandTimeout":60,"noReset":true},"platformName":"android","app":"C:\\Users\\Admin\\appiumProjectcicd\\src\\test\\resources\\app\\ApiDemos-debug.apk","appActivity":"io.appium.android.apis.ApiDemos","appPackage":"io.appium.android.apis","automationName":"UiAutomator2","deviceName":"213996502a057ece","newCommandTimeout":60,"noReset":true,"deviceUDID":"213996502a057ece","deviceApiLevel":29,"platformVersion":"10","deviceScreenSize":"1080x2220","deviceScreenDensity":480,"deviceModel":"SM-G960F","deviceManufacturer":"samsung","pixelRatio":3,"sta...
&amp#27;[35m[HTTP]&amp#27;[39m &amp#27;[37m<-- GET /wd/hub/session/b3dacd11-d15d-49b3-9b92-90ebc76c94ca &amp#27;[39m&amp#27;[32m200&amp#27;[39m &amp#27;[90m18 ms - 1130&amp#27;[39m
&amp#27;[35m[HTTP]&amp#27;[39m &amp#27;[90m&amp#27;[39m
&amp#27;[35m[HTTP]&amp#27;[39m &amp#27;[37m-->&amp#27;[39m &amp#27;[37mPOST&amp#27;[39m &amp#27;[37m/wd/hub/session/b3dacd11-d15d-49b3-9b92-90ebc76c94ca/element&amp#27;[39m
&amp#27;[35m[HTTP]&amp#27;[39m &amp#27;[90m{"using":"accessibility id","value":"Expandable Lists"}&amp#27;[39m
[debug] &amp#27;[35m[W3C (b3dacd11)]&amp#27;[39m Calling AppiumDriver.findElement() with args: ["accessibility id","Expandable Lists","b3dacd11-d15d-49b3-9b92-90ebc76c94ca"]
[debug] &amp#27;[35m[BaseDriver]&amp#27;[39m Valid locator strategies for this request: xpath, id, class name, accessibility id, css selector, -android uiautomator
[debug] &amp#27;[35m[BaseDriver]&amp#27;[39m Waiting up to 0 ms for condition
[debug] &amp#27;[35m[WD Proxy]&amp#27;[39m Matched '/element' to command name 'findElement'
[debug] &amp#27;[35m[WD Proxy]&amp#27;[39m Proxying [POST /element] to [POST http://127.0.0.1:8200/wd/hub/session/e197d40e-ce5a-4e13-8d3b-48013e2960f0/element] with body: {"strategy":"accessibility id","selector":"Expandable Lists","context":"","multiple":false}
[debug] &amp#27;[35m[WD Proxy]&amp#27;[39m Got response with status 200: {"sessionId":"e197d40e-ce5a-4e13-8d3b-48013e2960f0","value":{"ELEMENT":"00000000-0000-0030-ffff-ffff0000003f","element-6066-11e4-a52e-4f735466cecf":"00000000-0000-0030-ffff-ffff0000003f"}}
[debug] &amp#27;[35m[W3C (b3dacd11)]&amp#27;[39m Responding to client with driver.findElement() result: {"element-6066-11e4-a52e-4f735466cecf":"00000000-0000-0030-ffff-ffff0000003f","ELEMENT":"00000000-0000-0030-ffff-ffff0000003f"}
&amp#27;[35m[HTTP]&amp#27;[39m &amp#27;[37m<-- POST /wd/hub/session/b3dacd11-d15d-49b3-9b92-90ebc76c94ca/element &amp#27;[39m&amp#27;[32m200&amp#27;[39m &amp#27;[90m526 ms - 137&amp#27;[39m
&amp#27;[35m[HTTP]&amp#27;[39m &amp#27;[90m&amp#27;[39m
&amp#27;[35m[HTTP]&amp#27;[39m &amp#27;[37m-->&amp#27;[39m &amp#27;[37mPOST&amp#27;[39m &amp#27;[37m/wd/hub/session/b3dacd11-d15d-49b3-9b92-90ebc76c94ca/touch/perform&amp#27;[39m
&amp#27;[35m[HTTP]&amp#27;[39m &amp#27;[90m{"actions":[{"action":"tap","options":{"element":"00000000-0000-0030-ffff-ffff0000003f"}}]}&amp#27;[39m
[debug] &amp#27;[35m[W3C (b3dacd11)]&amp#27;[39m Calling AppiumDriver.performTouch() with args: [[{"action":"tap","options":{"element":"00000000-0000-0030-ffff-ffff0000003f"}}],"b3dacd11-d15d-49b3-9b92-90ebc76c94ca"]
&amp#27;[35m[UiAutomator2]&amp#27;[39m calling get location: 00000000-0000-0030-ffff-ffff0000003f
[debug] &amp#27;[35m[WD Proxy]&amp#27;[39m Matched '/element/00000000-0000-0030-ffff-ffff0000003f/location' to command name 'getLocation'
[debug] &amp#27;[35m[WD Proxy]&amp#27;[39m Proxying [GET /element/00000000-0000-0030-ffff-ffff0000003f/location] to [GET http://127.0.0.1:8200/wd/hub/session/e197d40e-ce5a-4e13-8d3b-48013e2960f0/element/00000000-0000-0030-ffff-ffff0000003f/location] with no body
[debug] &amp#27;[35m[WD Proxy]&amp#27;[39m Got response with status 200: {"sessionId":"e197d40e-ce5a-4e13-8d3b-48013e2960f0","value":{"x":0,"y":1416}}
[debug] &amp#27;[35m[WD Proxy]&amp#27;[39m Matched '/element/00000000-0000-0030-ffff-ffff0000003f/size' to command name 'getSize'
[debug] &amp#27;[35m[WD Proxy]&amp#27;[39m Proxying [GET /element/00000000-0000-0030-ffff-ffff0000003f/size] to [GET http://127.0.0.1:8200/wd/hub/session/e197d40e-ce5a-4e13-8d3b-48013e2960f0/element/00000000-0000-0030-ffff-ffff0000003f/size] with no body
[debug] &amp#27;[35m[WD Proxy]&amp#27;[39m Got response with status 200: {"sessionId":"e197d40e-ce5a-4e13-8d3b-48013e2960f0","value":{"height":144,"width":1080}}
[debug] &amp#27;[35m[WD Proxy]&amp#27;[39m Proxying [POST /appium/tap] to [POST http://127.0.0.1:8200/wd/hub/session/e197d40e-ce5a-4e13-8d3b-48013e2960f0/appium/tap] with body: {"x":540,"y":1488,"undefined":null}
[debug] &amp#27;[35m[WD Proxy]&amp#27;[39m Got response with status 200: {"sessionId":"e197d40e-ce5a-4e13-8d3b-48013e2960f0","value":null}
[debug] &amp#27;[35m[W3C (b3dacd11)]&amp#27;[39m Responding to client with driver.performTouch() result: null
&amp#27;[35m[HTTP]&amp#27;[39m &amp#27;[37m<-- POST /wd/hub/session/b3dacd11-d15d-49b3-9b92-90ebc76c94ca/touch/perform &amp#27;[39m&amp#27;[32m200&amp#27;[39m &amp#27;[90m1226 ms - 14&amp#27;[39m
&amp#27;[35m[HTTP]&amp#27;[39m &amp#27;[90m&amp#27;[39m
[INFO ] 2022-01-18 18:41:52.885 com.qa.utils.TestUtils:61 - Perform touch action on the element:Located by By.chained({By.AccessibilityId: Expandable Lists})
&amp#27;[35m[HTTP]&amp#27;[39m &amp#27;[37m-->&amp#27;[39m &amp#27;[37mGET&amp#27;[39m &amp#27;[37m/wd/hub/session/b3dacd11-d15d-49b3-9b92-90ebc76c94ca&amp#27;[39m
&amp#27;[35m[HTTP]&amp#27;[39m &amp#27;[90m{}&amp#27;[39m
[debug] &amp#27;[35m[W3C (b3dacd11)]&amp#27;[39m Calling AppiumDriver.getSession() with args: ["b3dacd11-d15d-49b3-9b92-90ebc76c94ca"]
[debug] &amp#27;[35m[UiAutomator2]&amp#27;[39m Getting session details from server to mix in
[debug] &amp#27;[35m[WD Proxy]&amp#27;[39m Matched '/' to command name 'getSession'
[debug] &amp#27;[35m[WD Proxy]&amp#27;[39m Proxying [GET /] to [GET http://127.0.0.1:8200/wd/hub/session/e197d40e-ce5a-4e13-8d3b-48013e2960f0] with no body
[debug] &amp#27;[35m[WD Proxy]&amp#27;[39m Got response with status 200: {"sessionId":"e197d40e-ce5a-4e13-8d3b-48013e2960f0","value":{"lastScrollData":null}}
[debug] &amp#27;[35m[W3C (b3dacd11)]&amp#27;[39m Responding to client with driver.getSession() result: {"platform":"LINUX","webStorageEnabled":false,"takesScreenshot":true,"javascriptEnabled":true,"databaseEnabled":false,"networkConnectionEnabled":true,"locationContextEnabled":false,"warnings":{},"desired":{"platformName":"android","app":"C:\\Users\\Admin\\appiumProjectcicd\\src\\test\\resources\\app\\ApiDemos-debug.apk","appActivity":"io.appium.android.apis.ApiDemos","appPackage":"io.appium.android.apis","automationName":"UiAutomator2","deviceName":"Any Device Name","newCommandTimeout":60,"noReset":true},"platformName":"android","app":"C:\\Users\\Admin\\appiumProjectcicd\\src\\test\\resources\\app\\ApiDemos-debug.apk","appActivity":"io.appium.android.apis.ApiDemos","appPackage":"io.appium.android.apis","automationName":"UiAutomator2","deviceName":"213996502a057ece","newCommandTimeout":60,"noReset":true,"deviceUDID":"213996502a057ece","deviceApiLevel":29,"platformVersion":"10","deviceScreenSize":"1080x2220","deviceScreenDensity":480,"deviceModel":"SM-G960F","deviceManufacturer":"samsung","pixelRatio":3,"sta...
&amp#27;[35m[HTTP]&amp#27;[39m &amp#27;[37m<-- GET /wd/hub/session/b3dacd11-d15d-49b3-9b92-90ebc76c94ca &amp#27;[39m&amp#27;[32m200&amp#27;[39m &amp#27;[90m11 ms - 1130&amp#27;[39m
&amp#27;[35m[HTTP]&amp#27;[39m &amp#27;[90m&amp#27;[39m
&amp#27;[35m[HTTP]&amp#27;[39m &amp#27;[37m-->&amp#27;[39m &amp#27;[37mPOST&amp#27;[39m &amp#27;[37m/wd/hub/session/b3dacd11-d15d-49b3-9b92-90ebc76c94ca/element&amp#27;[39m
&amp#27;[35m[HTTP]&amp#27;[39m &amp#27;[90m{"using":"accessibility id","value":"1. Custom Adapter"}&amp#27;[39m
[debug] &amp#27;[35m[W3C (b3dacd11)]&amp#27;[39m Calling AppiumDriver.findElement() with args: ["accessibility id","1. Custom Adapter","b3dacd11-d15d-49b3-9b92-90ebc76c94ca"]
[debug] &amp#27;[35m[BaseDriver]&amp#27;[39m Valid locator strategies for this request: xpath, id, class name, accessibility id, css selector, -android uiautomator
[debug] &amp#27;[35m[BaseDriver]&amp#27;[39m Waiting up to 0 ms for condition
[debug] &amp#27;[35m[WD Proxy]&amp#27;[39m Matched '/element' to command name 'findElement'
[debug] &amp#27;[35m[WD Proxy]&amp#27;[39m Proxying [POST /element] to [POST http://127.0.0.1:8200/wd/hub/session/e197d40e-ce5a-4e13-8d3b-48013e2960f0/element] with body: {"strategy":"accessibility id","selector":"1. Custom Adapter","context":"","multiple":false}
[debug] &amp#27;[35m[WD Proxy]&amp#27;[39m Got response with status 200: {"sessionId":"e197d40e-ce5a-4e13-8d3b-48013e2960f0","value":{"ELEMENT":"00000000-0000-0032-ffff-ffff0000005f","element-6066-11e4-a52e-4f735466cecf":"00000000-0000-0032-ffff-ffff0000005f"}}
[debug] &amp#27;[35m[W3C (b3dacd11)]&amp#27;[39m Responding to client with driver.findElement() result: {"element-6066-11e4-a52e-4f735466cecf":"00000000-0000-0032-ffff-ffff0000005f","ELEMENT":"00000000-0000-0032-ffff-ffff0000005f"}
&amp#27;[35m[HTTP]&amp#27;[39m &amp#27;[37m<-- POST /wd/hub/session/b3dacd11-d15d-49b3-9b92-90ebc76c94ca/element &amp#27;[39m&amp#27;[32m200&amp#27;[39m &amp#27;[90m18 ms - 137&amp#27;[39m
&amp#27;[35m[HTTP]&amp#27;[39m &amp#27;[90m&amp#27;[39m
&amp#27;[35m[HTTP]&amp#27;[39m &amp#27;[37m-->&amp#27;[39m &amp#27;[37mGET&amp#27;[39m &amp#27;[37m/wd/hub/session/b3dacd11-d15d-49b3-9b92-90ebc76c94ca/element/00000000-0000-0032-ffff-ffff0000005f/displayed&amp#27;[39m
&amp#27;[35m[HTTP]&amp#27;[39m &amp#27;[90m{}&amp#27;[39m
[debug] &amp#27;[35m[W3C (b3dacd11)]&amp#27;[39m Calling AppiumDriver.elementDisplayed() with args: ["00000000-0000-0032-ffff-ffff0000005f","b3dacd11-d15d-49b3-9b92-90ebc76c94ca"]
[debug] &amp#27;[35m[WD Proxy]&amp#27;[39m Matched '/element/00000000-0000-0032-ffff-ffff0000005f/attribute/displayed' to command name 'getAttribute'
[debug] &amp#27;[35m[WD Proxy]&amp#27;[39m Proxying [GET /element/00000000-0000-0032-ffff-ffff0000005f/attribute/displayed] to [GET http://127.0.0.1:8200/wd/hub/session/e197d40e-ce5a-4e13-8d3b-48013e2960f0/element/00000000-0000-0032-ffff-ffff0000005f/attribute/displayed] with no body
[debug] &amp#27;[35m[WD Proxy]&amp#27;[39m Got response with status 200: {"sessionId":"e197d40e-ce5a-4e13-8d3b-48013e2960f0","value":"true"}
[debug] &amp#27;[35m[W3C (b3dacd11)]&amp#27;[39m Responding to client with driver.elementDisplayed() result: true
&amp#27;[35m[HTTP]&amp#27;[39m &amp#27;[37m<-- GET /wd/hub/session/b3dacd11-d15d-49b3-9b92-90ebc76c94ca/element/00000000-0000-0032-ffff-ffff0000005f/displayed &amp#27;[39m&amp#27;[32m200&amp#27;[39m &amp#27;[90m12 ms - 14&amp#27;[39m
&amp#27;[35m[HTTP]&amp#27;[39m &amp#27;[90m&amp#27;[39m
[INFO ] 2022-01-18 18:41:52.947 com.qa.AppBaseTest:191 - Clicking on Custom Adapter option
&amp#27;[35m[HTTP]&amp#27;[39m &amp#27;[37m-->&amp#27;[39m &amp#27;[37mGET&amp#27;[39m &amp#27;[37m/wd/hub/session/b3dacd11-d15d-49b3-9b92-90ebc76c94ca&amp#27;[39m
&amp#27;[35m[HTTP]&amp#27;[39m &amp#27;[90m{}&amp#27;[39m
[debug] &amp#27;[35m[W3C (b3dacd11)]&amp#27;[39m Calling AppiumDriver.getSession() with args: ["b3dacd11-d15d-49b3-9b92-90ebc76c94ca"]
[debug] &amp#27;[35m[UiAutomator2]&amp#27;[39m Getting session details from server to mix in
[debug] &amp#27;[35m[WD Proxy]&amp#27;[39m Matched '/' to command name 'getSession'
[debug] &amp#27;[35m[WD Proxy]&amp#27;[39m Proxying [GET /] to [GET http://127.0.0.1:8200/wd/hub/session/e197d40e-ce5a-4e13-8d3b-48013e2960f0] with no body
[debug] &amp#27;[35m[WD Proxy]&amp#27;[39m Got response with status 200: {"sessionId":"e197d40e-ce5a-4e13-8d3b-48013e2960f0","value":{"lastScrollData":null}}
[debug] &amp#27;[35m[W3C (b3dacd11)]&amp#27;[39m Responding to client with driver.getSession() result: {"platform":"LINUX","webStorageEnabled":false,"takesScreenshot":true,"javascriptEnabled":true,"databaseEnabled":false,"networkConnectionEnabled":true,"locationContextEnabled":false,"warnings":{},"desired":{"platformName":"android","app":"C:\\Users\\Admin\\appiumProjectcicd\\src\\test\\resources\\app\\ApiDemos-debug.apk","appActivity":"io.appium.android.apis.ApiDemos","appPackage":"io.appium.android.apis","automationName":"UiAutomator2","deviceName":"Any Device Name","newCommandTimeout":60,"noReset":true},"platformName":"android","app":"C:\\Users\\Admin\\appiumProjectcicd\\src\\test\\resources\\app\\ApiDemos-debug.apk","appActivity":"io.appium.android.apis.ApiDemos","appPackage":"io.appium.android.apis","automationName":"UiAutomator2","deviceName":"213996502a057ece","newCommandTimeout":60,"noReset":true,"deviceUDID":"213996502a057ece","deviceApiLevel":29,"platformVersion":"10","deviceScreenSize":"1080x2220","deviceScreenDensity":480,"deviceModel":"SM-G960F","deviceManufacturer":"samsung","pixelRatio":3,"sta...
&amp#27;[35m[HTTP]&amp#27;[39m &amp#27;[37m<-- GET /wd/hub/session/b3dacd11-d15d-49b3-9b92-90ebc76c94ca &amp#27;[39m&amp#27;[32m200&amp#27;[39m &amp#27;[90m9 ms - 1130&amp#27;[39m
&amp#27;[35m[HTTP]&amp#27;[39m &amp#27;[90m&amp#27;[39m
&amp#27;[35m[HTTP]&amp#27;[39m &amp#27;[37m-->&amp#27;[39m &amp#27;[37mPOST&amp#27;[39m &amp#27;[37m/wd/hub/session/b3dacd11-d15d-49b3-9b92-90ebc76c94ca/element&amp#27;[39m
&amp#27;[35m[HTTP]&amp#27;[39m &amp#27;[90m{"using":"accessibility id","value":"1. Custom Adapter"}&amp#27;[39m
[debug] &amp#27;[35m[W3C (b3dacd11)]&amp#27;[39m Calling AppiumDriver.findElement() with args: ["accessibility id","1. Custom Adapter","b3dacd11-d15d-49b3-9b92-90ebc76c94ca"]
[debug] &amp#27;[35m[BaseDriver]&amp#27;[39m Valid locator strategies for this request: xpath, id, class name, accessibility id, css selector, -android uiautomator
[debug] &amp#27;[35m[BaseDriver]&amp#27;[39m Waiting up to 0 ms for condition
[debug] &amp#27;[35m[WD Proxy]&amp#27;[39m Matched '/element' to command name 'findElement'
[debug] &amp#27;[35m[WD Proxy]&amp#27;[39m Proxying [POST /element] to [POST http://127.0.0.1:8200/wd/hub/session/e197d40e-ce5a-4e13-8d3b-48013e2960f0/element] with body: {"strategy":"accessibility id","selector":"1. Custom Adapter","context":"","multiple":false}
[debug] &amp#27;[35m[WD Proxy]&amp#27;[39m Got response with status 200: {"sessionId":"e197d40e-ce5a-4e13-8d3b-48013e2960f0","value":{"ELEMENT":"00000000-0000-0032-ffff-ffff0000005f","element-6066-11e4-a52e-4f735466cecf":"00000000-0000-0032-ffff-ffff0000005f"}}
[debug] &amp#27;[35m[W3C (b3dacd11)]&amp#27;[39m Responding to client with driver.findElement() result: {"element-6066-11e4-a52e-4f735466cecf":"00000000-0000-0032-ffff-ffff0000005f","ELEMENT":"00000000-0000-0032-ffff-ffff0000005f"}
&amp#27;[35m[HTTP]&amp#27;[39m &amp#27;[37m<-- POST /wd/hub/session/b3dacd11-d15d-49b3-9b92-90ebc76c94ca/element &amp#27;[39m&amp#27;[32m200&amp#27;[39m &amp#27;[90m23 ms - 137&amp#27;[39m
&amp#27;[35m[HTTP]&amp#27;[39m &amp#27;[90m&amp#27;[39m
&amp#27;[35m[HTTP]&amp#27;[39m &amp#27;[37m-->&amp#27;[39m &amp#27;[37mPOST&amp#27;[39m &amp#27;[37m/wd/hub/session/b3dacd11-d15d-49b3-9b92-90ebc76c94ca/element/00000000-0000-0032-ffff-ffff0000005f/click&amp#27;[39m
&amp#27;[35m[HTTP]&amp#27;[39m &amp#27;[90m{"id":"00000000-0000-0032-ffff-ffff0000005f"}&amp#27;[39m
[debug] &amp#27;[35m[W3C (b3dacd11)]&amp#27;[39m Calling AppiumDriver.click() with args: ["00000000-0000-0032-ffff-ffff0000005f","b3dacd11-d15d-49b3-9b92-90ebc76c94ca"]
[debug] &amp#27;[35m[WD Proxy]&amp#27;[39m Matched '/element/00000000-0000-0032-ffff-ffff0000005f/click' to command name 'click'
[debug] &amp#27;[35m[WD Proxy]&amp#27;[39m Proxying [POST /element/00000000-0000-0032-ffff-ffff0000005f/click] to [POST http://127.0.0.1:8200/wd/hub/session/e197d40e-ce5a-4e13-8d3b-48013e2960f0/element/00000000-0000-0032-ffff-ffff0000005f/click] with body: {"element":"00000000-0000-0032-ffff-ffff0000005f"}
[debug] &amp#27;[35m[WD Proxy]&amp#27;[39m Got response with status 200: {"sessionId":"e197d40e-ce5a-4e13-8d3b-48013e2960f0","value":null}
[debug] &amp#27;[35m[W3C (b3dacd11)]&amp#27;[39m Responding to client with driver.click() result: null
&amp#27;[35m[HTTP]&amp#27;[39m &amp#27;[37m<-- POST /wd/hub/session/b3dacd11-d15d-49b3-9b92-90ebc76c94ca/element/00000000-0000-0032-ffff-ffff0000005f/click &amp#27;[39m&amp#27;[32m200&amp#27;[39m &amp#27;[90m873 ms - 14&amp#27;[39m
&amp#27;[35m[HTTP]&amp#27;[39m &amp#27;[90m&amp#27;[39m
[INFO ] 2022-01-18 18:41:53.885 com.qa.pages.CustomAdapterPage:32 - Clicking on Custom Adapter option
&amp#27;[35m[HTTP]&amp#27;[39m &amp#27;[37m-->&amp#27;[39m &amp#27;[37mGET&amp#27;[39m &amp#27;[37m/wd/hub/session/b3dacd11-d15d-49b3-9b92-90ebc76c94ca&amp#27;[39m
&amp#27;[35m[HTTP]&amp#27;[39m &amp#27;[90m{}&amp#27;[39m
[debug] &amp#27;[35m[W3C (b3dacd11)]&amp#27;[39m Calling AppiumDriver.getSession() with args: ["b3dacd11-d15d-49b3-9b92-90ebc76c94ca"]
[debug] &amp#27;[35m[UiAutomator2]&amp#27;[39m Getting session details from server to mix in
[debug] &amp#27;[35m[WD Proxy]&amp#27;[39m Matched '/' to command name 'getSession'
[debug] &amp#27;[35m[WD Proxy]&amp#27;[39m Proxying [GET /] to [GET http://127.0.0.1:8200/wd/hub/session/e197d40e-ce5a-4e13-8d3b-48013e2960f0] with no body
[debug] &amp#27;[35m[WD Proxy]&amp#27;[39m Got response with status 200: {"sessionId":"e197d40e-ce5a-4e13-8d3b-48013e2960f0","value":{"lastScrollData":null}}
[debug] &amp#27;[35m[W3C (b3dacd11)]&amp#27;[39m Responding to client with driver.getSession() result: {"platform":"LINUX","webStorageEnabled":false,"takesScreenshot":true,"javascriptEnabled":true,"databaseEnabled":false,"networkConnectionEnabled":true,"locationContextEnabled":false,"warnings":{},"desired":{"platformName":"android","app":"C:\\Users\\Admin\\appiumProjectcicd\\src\\test\\resources\\app\\ApiDemos-debug.apk","appActivity":"io.appium.android.apis.ApiDemos","appPackage":"io.appium.android.apis","automationName":"UiAutomator2","deviceName":"Any Device Name","newCommandTimeout":60,"noReset":true},"platformName":"android","app":"C:\\Users\\Admin\\appiumProjectcicd\\src\\test\\resources\\app\\ApiDemos-debug.apk","appActivity":"io.appium.android.apis.ApiDemos","appPackage":"io.appium.android.apis","automationName":"UiAutomator2","deviceName":"213996502a057ece","newCommandTimeout":60,"noReset":true,"deviceUDID":"213996502a057ece","deviceApiLevel":29,"platformVersion":"10","deviceScreenSize":"1080x2220","deviceScreenDensity":480,"deviceModel":"SM-G960F","deviceManufacturer":"samsung","pixelRatio":3,"sta...
&amp#27;[35m[HTTP]&amp#27;[39m &amp#27;[37m<-- GET /wd/hub/session/b3dacd11-d15d-49b3-9b92-90ebc76c94ca &amp#27;[39m&amp#27;[32m200&amp#27;[39m &amp#27;[90m11 ms - 1130&amp#27;[39m
&amp#27;[35m[HTTP]&amp#27;[39m &amp#27;[90m&amp#27;[39m
&amp#27;[35m[HTTP]&amp#27;[39m &amp#27;[37m-->&amp#27;[39m &amp#27;[37mPOST&amp#27;[39m &amp#27;[37m/wd/hub/session/b3dacd11-d15d-49b3-9b92-90ebc76c94ca/element&amp#27;[39m
&amp#27;[35m[HTTP]&amp#27;[39m &amp#27;[90m{"using":"xpath","value":"//android.widget.TextView[@text='People Names']"}&amp#27;[39m
[debug] &amp#27;[35m[W3C (b3dacd11)]&amp#27;[39m Calling AppiumDriver.findElement() with args: ["xpath","//android.widget.TextView[@text='People Names']","b3dacd11-d15d-49b3-9b92-90ebc76c94ca"]
[debug] &amp#27;[35m[BaseDriver]&amp#27;[39m Valid locator strategies for this request: xpath, id, class name, accessibility id, css selector, -android uiautomator
[debug] &amp#27;[35m[BaseDriver]&amp#27;[39m Waiting up to 0 ms for condition
[debug] &amp#27;[35m[WD Proxy]&amp#27;[39m Matched '/element' to command name 'findElement'
[debug] &amp#27;[35m[WD Proxy]&amp#27;[39m Proxying [POST /element] to [POST http://127.0.0.1:8200/wd/hub/session/e197d40e-ce5a-4e13-8d3b-48013e2960f0/element] with body: {"strategy":"xpath","selector":"//android.widget.TextView[@text='People Names']","context":"","multiple":false}
[debug] &amp#27;[35m[WD Proxy]&amp#27;[39m Got response with status 200: {"sessionId":"e197d40e-ce5a-4e13-8d3b-48013e2960f0","value":{"ELEMENT":"00000000-0000-0033-ffff-ffff0000006c","element-6066-11e4-a52e-4f735466cecf":"00000000-0000-0033-ffff-ffff0000006c"}}
[debug] &amp#27;[35m[W3C (b3dacd11)]&amp#27;[39m Responding to client with driver.findElement() result: {"element-6066-11e4-a52e-4f735466cecf":"00000000-0000-0033-ffff-ffff0000006c","ELEMENT":"00000000-0000-0033-ffff-ffff0000006c"}
&amp#27;[35m[HTTP]&amp#27;[39m &amp#27;[37m<-- POST /wd/hub/session/b3dacd11-d15d-49b3-9b92-90ebc76c94ca/element &amp#27;[39m&amp#27;[32m200&amp#27;[39m &amp#27;[90m80 ms - 137&amp#27;[39m
&amp#27;[35m[HTTP]&amp#27;[39m &amp#27;[90m&amp#27;[39m
&amp#27;[35m[HTTP]&amp#27;[39m &amp#27;[37m-->&amp#27;[39m &amp#27;[37mPOST&amp#27;[39m &amp#27;[37m/wd/hub/session/b3dacd11-d15d-49b3-9b92-90ebc76c94ca/touch/perform&amp#27;[39m
&amp#27;[35m[HTTP]&amp#27;[39m &amp#27;[90m{"actions":[{"action":"longPress","options":{"duration":2000,"element":"00000000-0000-0033-ffff-ffff0000006c"}},{"action":"release","options":{}}]}&amp#27;[39m
[debug] &amp#27;[35m[W3C (b3dacd11)]&amp#27;[39m Calling AppiumDriver.performTouch() with args: [[{"action":"longPress","options":{"duration":2000,"element":"00000000-0000-0033-ffff-ffff0000006c"}},{"action":"release","options":{}}],"b3dacd11-d15d-49b3-9b92-90ebc76c94ca"]
&amp#27;[35m[UiAutomator2]&amp#27;[39m calling get location: 00000000-0000-0033-ffff-ffff0000006c
[debug] &amp#27;[35m[WD Proxy]&amp#27;[39m Matched '/element/00000000-0000-0033-ffff-ffff0000006c/location' to command name 'getLocation'
[debug] &amp#27;[35m[WD Proxy]&amp#27;[39m Proxying [GET /element/00000000-0000-0033-ffff-ffff0000006c/location] to [GET http://127.0.0.1:8200/wd/hub/session/e197d40e-ce5a-4e13-8d3b-48013e2960f0/element/00000000-0000-0033-ffff-ffff0000006c/location] with no body
[debug] &amp#27;[35m[WD Proxy]&amp#27;[39m Got response with status 200: {"sessionId":"e197d40e-ce5a-4e13-8d3b-48013e2960f0","value":{"x":0,"y":240}}
[debug] &amp#27;[35m[WD Proxy]&amp#27;[39m Matched '/element/00000000-0000-0033-ffff-ffff0000006c/size' to command name 'getSize'
[debug] &amp#27;[35m[WD Proxy]&amp#27;[39m Proxying [GET /element/00000000-0000-0033-ffff-ffff0000006c/size] to [GET http://127.0.0.1:8200/wd/hub/session/e197d40e-ce5a-4e13-8d3b-48013e2960f0/element/00000000-0000-0033-ffff-ffff0000006c/size] with no body
[debug] &amp#27;[35m[WD Proxy]&amp#27;[39m Got response with status 200: {"sessionId":"e197d40e-ce5a-4e13-8d3b-48013e2960f0","value":{"height":64,"width":1080}}
[debug] &amp#27;[35m[WD Proxy]&amp#27;[39m Matched '/touch/longclick' to command name 'touchLongClick'
[debug] &amp#27;[35m[WD Proxy]&amp#27;[39m Proxying [POST /touch/longclick] to [POST http://127.0.0.1:8200/wd/hub/session/e197d40e-ce5a-4e13-8d3b-48013e2960f0/touch/longclick] with body: {"params":{"element":null,"x":540,"y":272,"duration":2000}}
[debug] &amp#27;[35m[WD Proxy]&amp#27;[39m Got response with status 200: {"sessionId":"e197d40e-ce5a-4e13-8d3b-48013e2960f0","value":null}
[debug] &amp#27;[35m[W3C (b3dacd11)]&amp#27;[39m Responding to client with driver.performTouch() result: null
&amp#27;[35m[HTTP]&amp#27;[39m &amp#27;[37m<-- POST /wd/hub/session/b3dacd11-d15d-49b3-9b92-90ebc76c94ca/touch/perform &amp#27;[39m&amp#27;[32m200&amp#27;[39m &amp#27;[90m3680 ms - 14&amp#27;[39m
&amp#27;[35m[HTTP]&amp#27;[39m &amp#27;[90m&amp#27;[39m
[INFO ] 2022-01-18 18:41:57.696 com.qa.utils.TestUtils:69 - Perform long press action on the element:Located by By.chained({By.xpath: //android.widget.TextView[@text='People Names']})
[INFO ] 2022-01-18 18:41:57.697 com.qa.pages.CustomAdapterPage:39 - Checking Sample Menu text
&amp#27;[35m[HTTP]&amp#27;[39m &amp#27;[37m-->&amp#27;[39m &amp#27;[37mGET&amp#27;[39m &amp#27;[37m/wd/hub/session/b3dacd11-d15d-49b3-9b92-90ebc76c94ca&amp#27;[39m
&amp#27;[35m[HTTP]&amp#27;[39m &amp#27;[90m{}&amp#27;[39m
[debug] &amp#27;[35m[W3C (b3dacd11)]&amp#27;[39m Calling AppiumDriver.getSession() with args: ["b3dacd11-d15d-49b3-9b92-90ebc76c94ca"]
[debug] &amp#27;[35m[UiAutomator2]&amp#27;[39m Getting session details from server to mix in
[debug] &amp#27;[35m[WD Proxy]&amp#27;[39m Matched '/' to command name 'getSession'
[debug] &amp#27;[35m[WD Proxy]&amp#27;[39m Proxying [GET /] to [GET http://127.0.0.1:8200/wd/hub/session/e197d40e-ce5a-4e13-8d3b-48013e2960f0] with no body
[debug] &amp#27;[35m[WD Proxy]&amp#27;[39m Got response with status 200: {"sessionId":"e197d40e-ce5a-4e13-8d3b-48013e2960f0","value":{"lastScrollData":null}}
[debug] &amp#27;[35m[W3C (b3dacd11)]&amp#27;[39m Responding to client with driver.getSession() result: {"platform":"LINUX","webStorageEnabled":false,"takesScreenshot":true,"javascriptEnabled":true,"databaseEnabled":false,"networkConnectionEnabled":true,"locationContextEnabled":false,"warnings":{},"desired":{"platformName":"android","app":"C:\\Users\\Admin\\appiumProjectcicd\\src\\test\\resources\\app\\ApiDemos-debug.apk","appActivity":"io.appium.android.apis.ApiDemos","appPackage":"io.appium.android.apis","automationName":"UiAutomator2","deviceName":"Any Device Name","newCommandTimeout":60,"noReset":true},"platformName":"android","app":"C:\\Users\\Admin\\appiumProjectcicd\\src\\test\\resources\\app\\ApiDemos-debug.apk","appActivity":"io.appium.android.apis.ApiDemos","appPackage":"io.appium.android.apis","automationName":"UiAutomator2","deviceName":"213996502a057ece","newCommandTimeout":60,"noReset":true,"deviceUDID":"213996502a057ece","deviceApiLevel":29,"platformVersion":"10","deviceScreenSize":"1080x2220","deviceScreenDensity":480,"deviceModel":"SM-G960F","deviceManufacturer":"samsung","pixelRatio":3,"sta...
&amp#27;[35m[HTTP]&amp#27;[39m &amp#27;[37m<-- GET /wd/hub/session/b3dacd11-d15d-49b3-9b92-90ebc76c94ca &amp#27;[39m&amp#27;[32m200&amp#27;[39m &amp#27;[90m48 ms - 1130&amp#27;[39m
&amp#27;[35m[HTTP]&amp#27;[39m &amp#27;[90m&amp#27;[39m
&amp#27;[35m[HTTP]&amp#27;[39m &amp#27;[37m-->&amp#27;[39m &amp#27;[37mPOST&amp#27;[39m &amp#27;[37m/wd/hub/session/b3dacd11-d15d-49b3-9b92-90ebc76c94ca/element&amp#27;[39m
&amp#27;[35m[HTTP]&amp#27;[39m &amp#27;[90m{"using":"xpath","value":"//android.widget.TextView[@text = 'Sample menu']"}&amp#27;[39m
[debug] &amp#27;[35m[W3C (b3dacd11)]&amp#27;[39m Calling AppiumDriver.findElement() with args: ["xpath","//android.widget.TextView[@text = 'Sample menu']","b3dacd11-d15d-49b3-9b92-90ebc76c94ca"]
[debug] &amp#27;[35m[BaseDriver]&amp#27;[39m Valid locator strategies for this request: xpath, id, class name, accessibility id, css selector, -android uiautomator
[debug] &amp#27;[35m[BaseDriver]&amp#27;[39m Waiting up to 0 ms for condition
[debug] &amp#27;[35m[WD Proxy]&amp#27;[39m Matched '/element' to command name 'findElement'
[debug] &amp#27;[35m[WD Proxy]&amp#27;[39m Proxying [POST /element] to [POST http://127.0.0.1:8200/wd/hub/session/e197d40e-ce5a-4e13-8d3b-48013e2960f0/element] with body: {"strategy":"xpath","selector":"//android.widget.TextView[@text = 'Sample menu']","context":"","multiple":false}
[debug] &amp#27;[35m[WD Proxy]&amp#27;[39m Got response with status 200: {"sessionId":"e197d40e-ce5a-4e13-8d3b-48013e2960f0","value":{"ELEMENT":"00000000-0000-0034-ffff-ffff00000075","element-6066-11e4-a52e-4f735466cecf":"00000000-0000-0034-ffff-ffff00000075"}}
[debug] &amp#27;[35m[W3C (b3dacd11)]&amp#27;[39m Responding to client with driver.findElement() result: {"element-6066-11e4-a52e-4f735466cecf":"00000000-0000-0034-ffff-ffff00000075","ELEMENT":"00000000-0000-0034-ffff-ffff00000075"}
&amp#27;[35m[HTTP]&amp#27;[39m &amp#27;[37m<-- POST /wd/hub/session/b3dacd11-d15d-49b3-9b92-90ebc76c94ca/element &amp#27;[39m&amp#27;[32m200&amp#27;[39m &amp#27;[90m111 ms - 137&amp#27;[39m
&amp#27;[35m[HTTP]&amp#27;[39m &amp#27;[90m&amp#27;[39m
&amp#27;[35m[HTTP]&amp#27;[39m &amp#27;[37m-->&amp#27;[39m &amp#27;[37mGET&amp#27;[39m &amp#27;[37m/wd/hub/session/b3dacd11-d15d-49b3-9b92-90ebc76c94ca/element/00000000-0000-0034-ffff-ffff00000075/displayed&amp#27;[39m
&amp#27;[35m[HTTP]&amp#27;[39m &amp#27;[90m{}&amp#27;[39m
[debug] &amp#27;[35m[W3C (b3dacd11)]&amp#27;[39m Calling AppiumDriver.elementDisplayed() with args: ["00000000-0000-0034-ffff-ffff00000075","b3dacd11-d15d-49b3-9b92-90ebc76c94ca"]
[debug] &amp#27;[35m[WD Proxy]&amp#27;[39m Matched '/element/00000000-0000-0034-ffff-ffff00000075/attribute/displayed' to command name 'getAttribute'
[debug] &amp#27;[35m[WD Proxy]&amp#27;[39m Proxying [GET /element/00000000-0000-0034-ffff-ffff00000075/attribute/displayed] to [GET http://127.0.0.1:8200/wd/hub/session/e197d40e-ce5a-4e13-8d3b-48013e2960f0/element/00000000-0000-0034-ffff-ffff00000075/attribute/displayed] with no body
[debug] &amp#27;[35m[WD Proxy]&amp#27;[39m Got response with status 200: {"sessionId":"e197d40e-ce5a-4e13-8d3b-48013e2960f0","value":"true"}
[debug] &amp#27;[35m[W3C (b3dacd11)]&amp#27;[39m Responding to client with driver.elementDisplayed() result: true
&amp#27;[35m[HTTP]&amp#27;[39m &amp#27;[37m<-- GET /wd/hub/session/b3dacd11-d15d-49b3-9b92-90ebc76c94ca/element/00000000-0000-0034-ffff-ffff00000075/displayed &amp#27;[39m&amp#27;[32m200&amp#27;[39m &amp#27;[90m34 ms - 14&amp#27;[39m
&amp#27;[35m[HTTP]&amp#27;[39m &amp#27;[90m&amp#27;[39m
&amp#27;[35m[HTTP]&amp#27;[39m &amp#27;[37m-->&amp#27;[39m &amp#27;[37mGET&amp#27;[39m &amp#27;[37m/wd/hub/session/b3dacd11-d15d-49b3-9b92-90ebc76c94ca&amp#27;[39m
&amp#27;[35m[HTTP]&amp#27;[39m &amp#27;[90m{}&amp#27;[39m
[debug] &amp#27;[35m[W3C (b3dacd11)]&amp#27;[39m Calling AppiumDriver.getSession() with args: ["b3dacd11-d15d-49b3-9b92-90ebc76c94ca"]
[debug] &amp#27;[35m[UiAutomator2]&amp#27;[39m Getting session details from server to mix in
[debug] &amp#27;[35m[WD Proxy]&amp#27;[39m Matched '/' to command name 'getSession'
[debug] &amp#27;[35m[WD Proxy]&amp#27;[39m Proxying [GET /] to [GET http://127.0.0.1:8200/wd/hub/session/e197d40e-ce5a-4e13-8d3b-48013e2960f0] with no body
[debug] &amp#27;[35m[WD Proxy]&amp#27;[39m Got response with status 200: {"sessionId":"e197d40e-ce5a-4e13-8d3b-48013e2960f0","value":{"lastScrollData":null}}
[debug] &amp#27;[35m[W3C (b3dacd11)]&amp#27;[39m Responding to client with driver.getSession() result: {"platform":"LINUX","webStorageEnabled":false,"takesScreenshot":true,"javascriptEnabled":true,"databaseEnabled":false,"networkConnectionEnabled":true,"locationContextEnabled":false,"warnings":{},"desired":{"platformName":"android","app":"C:\\Users\\Admin\\appiumProjectcicd\\src\\test\\resources\\app\\ApiDemos-debug.apk","appActivity":"io.appium.android.apis.ApiDemos","appPackage":"io.appium.android.apis","automationName":"UiAutomator2","deviceName":"Any Device Name","newCommandTimeout":60,"noReset":true},"platformName":"android","app":"C:\\Users\\Admin\\appiumProjectcicd\\src\\test\\resources\\app\\ApiDemos-debug.apk","appActivity":"io.appium.android.apis.ApiDemos","appPackage":"io.appium.android.apis","automationName":"UiAutomator2","deviceName":"213996502a057ece","newCommandTimeout":60,"noReset":true,"deviceUDID":"213996502a057ece","deviceApiLevel":29,"platformVersion":"10","deviceScreenSize":"1080x2220","deviceScreenDensity":480,"deviceModel":"SM-G960F","deviceManufacturer":"samsung","pixelRatio":3,"sta...
&amp#27;[35m[HTTP]&amp#27;[39m &amp#27;[37m<-- GET /wd/hub/session/b3dacd11-d15d-49b3-9b92-90ebc76c94ca &amp#27;[39m&amp#27;[32m200&amp#27;[39m &amp#27;[90m21 ms - 1130&amp#27;[39m
&amp#27;[35m[HTTP]&amp#27;[39m &amp#27;[90m&amp#27;[39m
&amp#27;[35m[HTTP]&amp#27;[39m &amp#27;[37m-->&amp#27;[39m &amp#27;[37mPOST&amp#27;[39m &amp#27;[37m/wd/hub/session/b3dacd11-d15d-49b3-9b92-90ebc76c94ca/element&amp#27;[39m
&amp#27;[35m[HTTP]&amp#27;[39m &amp#27;[90m{"using":"xpath","value":"//android.widget.TextView[@text = 'Sample menu']"}&amp#27;[39m
[debug] &amp#27;[35m[W3C (b3dacd11)]&amp#27;[39m Calling AppiumDriver.findElement() with args: ["xpath","//android.widget.TextView[@text = 'Sample menu']","b3dacd11-d15d-49b3-9b92-90ebc76c94ca"]
[debug] &amp#27;[35m[BaseDriver]&amp#27;[39m Valid locator strategies for this request: xpath, id, class name, accessibility id, css selector, -android uiautomator
[debug] &amp#27;[35m[BaseDriver]&amp#27;[39m Waiting up to 0 ms for condition
[debug] &amp#27;[35m[WD Proxy]&amp#27;[39m Matched '/element' to command name 'findElement'
[debug] &amp#27;[35m[WD Proxy]&amp#27;[39m Proxying [POST /element] to [POST http://127.0.0.1:8200/wd/hub/session/e197d40e-ce5a-4e13-8d3b-48013e2960f0/element] with body: {"strategy":"xpath","selector":"//android.widget.TextView[@text = 'Sample menu']","context":"","multiple":false}
[debug] &amp#27;[35m[WD Proxy]&amp#27;[39m Got response with status 200: {"sessionId":"e197d40e-ce5a-4e13-8d3b-48013e2960f0","value":{"ELEMENT":"00000000-0000-0034-ffff-ffff00000075","element-6066-11e4-a52e-4f735466cecf":"00000000-0000-0034-ffff-ffff00000075"}}
[debug] &amp#27;[35m[W3C (b3dacd11)]&amp#27;[39m Responding to client with driver.findElement() result: {"element-6066-11e4-a52e-4f735466cecf":"00000000-0000-0034-ffff-ffff00000075","ELEMENT":"00000000-0000-0034-ffff-ffff00000075"}
&amp#27;[35m[HTTP]&amp#27;[39m &amp#27;[37m<-- POST /wd/hub/session/b3dacd11-d15d-49b3-9b92-90ebc76c94ca/element &amp#27;[39m&amp#27;[32m200&amp#27;[39m &amp#27;[90m74 ms - 137&amp#27;[39m
&amp#27;[35m[HTTP]&amp#27;[39m &amp#27;[90m&amp#27;[39m
&amp#27;[35m[HTTP]&amp#27;[39m &amp#27;[37m-->&amp#27;[39m &amp#27;[37mGET&amp#27;[39m &amp#27;[37m/wd/hub/session/b3dacd11-d15d-49b3-9b92-90ebc76c94ca/element/00000000-0000-0034-ffff-ffff00000075/displayed&amp#27;[39m
&amp#27;[35m[HTTP]&amp#27;[39m &amp#27;[90m{}&amp#27;[39m
[debug] &amp#27;[35m[W3C (b3dacd11)]&amp#27;[39m Calling AppiumDriver.elementDisplayed() with args: ["00000000-0000-0034-ffff-ffff00000075","b3dacd11-d15d-49b3-9b92-90ebc76c94ca"]
[debug] &amp#27;[35m[WD Proxy]&amp#27;[39m Matched '/element/00000000-0000-0034-ffff-ffff00000075/attribute/displayed' to command name 'getAttribute'
[debug] &amp#27;[35m[WD Proxy]&amp#27;[39m Proxying [GET /element/00000000-0000-0034-ffff-ffff00000075/attribute/displayed] to [GET http://127.0.0.1:8200/wd/hub/session/e197d40e-ce5a-4e13-8d3b-48013e2960f0/element/00000000-0000-0034-ffff-ffff00000075/attribute/displayed] with no body
[debug] &amp#27;[35m[WD Proxy]&amp#27;[39m Got response with status 200: {"sessionId":"e197d40e-ce5a-4e13-8d3b-48013e2960f0","value":"true"}
[debug] &amp#27;[35m[W3C (b3dacd11)]&amp#27;[39m Responding to client with driver.elementDisplayed() result: true
&amp#27;[35m[HTTP]&amp#27;[39m &amp#27;[37m<-- GET /wd/hub/session/b3dacd11-d15d-49b3-9b92-90ebc76c94ca/element/00000000-0000-0034-ffff-ffff00000075/displayed &amp#27;[39m&amp#27;[32m200&amp#27;[39m &amp#27;[90m33 ms - 14&amp#27;[39m
&amp#27;[35m[HTTP]]></system-out>
  </testcase>
</testsuite>