<?xml version="1.0" encoding="UTF-8"?>
<!-- Generated by org.testng.reporters.JUnitReportReporter -->
<testsuite skipped="0" hostname="A2ML36196" name="com.qa.BaseTest2" tests="2" failures="0" timestamp="02 Nov 2021 12:49:06 GMT" time="0.005" errors="0">
  <testcase name="checkNativeTest" time="0.004" classname="com.qa.BaseTest2"/>
  <testcase name="checkWebTest" time="0.001" classname="com.qa.BaseTest2"/>
</testsuite> <!-- com.qa.BaseTest2 -->
