<?xml version="1.0" encoding="UTF-8"?>
<!-- Generated by org.testng.reporters.JUnitReportReporter -->
<testsuite skipped="0" hostname="DESKTOP-GJA9UDI" name="com.qa.tests.ApiDemoTest" tests="3" failures="0" timestamp="2022-01-10T19:04:03 IST" time="23.193" errors="0">
  <testcase name="scrollTest" time="8.665" classname="com.qa.tests.ApiDemoTest"/>
  <system-out/>
  <testcase name="dragandDropTest" time="7.591" classname="com.qa.tests.ApiDemoTest"/>
  <system-out/>
  <testcase name="touchgesturesTest" time="6.937" classname="com.qa.tests.ApiDemoTest"/>
  <system-out/>
</testsuite> <!-- com.qa.tests.ApiDemoTest -->
