<?xml version="1.0" encoding="UTF-8"?>
<!-- Generated by org.testng.reporters.JUnitReportReporter -->
<testsuite skipped="0" hostname="A2ML36196" name="com.qa.webtests.AppTest2" tests="3" failures="0" timestamp="25 Oct 2021 10:15:51 GMT" time="5.069" errors="0">
  <testcase name="verifyLogo" time="0.204" classname="com.qa.webtests.AppTest2"/>
  <testcase name="searchItemsandVerifyTitle" time="4.206" classname="com.qa.webtests.AppTest2"/>
  <testcase name="scrollToBottom" time="0.659" classname="com.qa.webtests.AppTest2"/>
</testsuite> <!-- com.qa.webtests.AppTest2 -->
