<?xml version="1.0" encoding="UTF-8"?>
<!-- Generated by org.testng.reporters.JUnitReportReporter -->
<testsuite skipped="0" hostname="DESKTOP-GJA9UDI" name="com.qa.tests.ApiDemoTest" tests="3" failures="0" timestamp="18 Jan 2022 13:11:58 GMT" time="26.849" errors="0">
  <testcase name="scrollTest" time="10.761" classname="com.qa.tests.ApiDemoTest"/>
  <testcase name="dragandDropTest" time="8.513" classname="com.qa.tests.ApiDemoTest"/>
  <testcase name="touchgesturesTest" time="7.575" classname="com.qa.tests.ApiDemoTest"/>
</testsuite> <!-- com.qa.tests.ApiDemoTest -->
