<?xml version="1.0" encoding="UTF-8"?>
<!-- Generated by org.testng.reporters.JUnitReportReporter -->
<testsuite skipped="0" hostname="DESKTOP-GJA9UDI" name="com.qa.tests.ApiDemoTest" tests="3" failures="0" timestamp="10 Jan 2022 13:52:35 GMT" time="28.525" errors="0">
  <testcase name="scrollTest" time="11.415" classname="com.qa.tests.ApiDemoTest"/>
  <testcase name="dragandDropTest" time="9.597" classname="com.qa.tests.ApiDemoTest"/>
  <testcase name="touchgesturesTest" time="7.513" classname="com.qa.tests.ApiDemoTest"/>
</testsuite> <!-- com.qa.tests.ApiDemoTest -->
