<?xml version="1.0" encoding="UTF-8"?>
<!-- Generated by org.testng.reporters.JUnitReportReporter -->
<testsuite skipped="0" hostname="DESKTOP-GJA9UDI" name="com.qa.tests.ApiDemoTest" tests="3" failures="0" timestamp="18 Jan 2022 14:22:37 GMT" time="25.757" errors="0">
  <testcase name="scrollTest" time="10.404" classname="com.qa.tests.ApiDemoTest"/>
  <testcase name="dragandDropTest" time="8.191" classname="com.qa.tests.ApiDemoTest"/>
  <testcase name="touchgesturesTest" time="7.162" classname="com.qa.tests.ApiDemoTest"/>
</testsuite> <!-- com.qa.tests.ApiDemoTest -->
